2025-11-28 05:38:15.601  o.h.v.i.u.Version - HV000001: Hibernate Validator 8.0.2.Final 
2025-11-28 05:38:15.662  o.e.t.TamaApiApplication - Starting TamaApiApplication using Java 17 with PID 8004 (C:\Users\user2208\Desktop\port_folio\tama-api\build\classes\java\main started by user2208 in C:\Users\user2208\Desktop\port_folio\tama-api) 
2025-11-28 05:38:15.663  o.e.t.TamaApiApplication - The following 1 profile is active: "local" 
2025-11-28 05:38:15.719  o.s.b.d.e.DevToolsPropertyDefaultsPostProcessor - Devtools property defaults active! Set 'spring.devtools.add-properties' to 'false' to disable 
2025-11-28 05:38:15.719  o.s.b.d.e.DevToolsPropertyDefaultsPostProcessor - For additional web related logging consider setting the 'logging.level.web' property to 'DEBUG' 
2025-11-28 05:38:16.538  o.s.b.c.c.a.BatchRegistrar - Finished Spring Batch infrastructure beans configuration in 3 ms. 
2025-11-28 05:38:16.844  o.s.d.r.c.RepositoryConfigurationDelegate - Bootstrapping Spring Data JPA repositories in DEFAULT mode. 
2025-11-28 05:38:16.948  o.s.d.r.c.RepositoryConfigurationDelegate - Finished Spring Data repository scanning in 97 ms. Found 14 JPA repository interfaces. 
2025-11-28 05:38:17.738  o.s.b.w.e.t.TomcatWebServer - Tomcat initialized with port 5000 (http) 
2025-11-28 05:38:17.749  o.a.c.h.Http11NioProtocol - Initializing ProtocolHandler ["http-nio-5000"] 
2025-11-28 05:38:17.750  o.a.c.c.StandardService - Starting service [Tomcat] 
2025-11-28 05:38:17.750  o.a.c.c.StandardEngine - Starting Servlet engine: [Apache Tomcat/10.1.34] 
2025-11-28 05:38:17.813  o.a.c.c.C.[.[.[/] - Initializing Spring embedded WebApplicationContext 
2025-11-28 05:38:17.813  o.s.b.w.s.c.ServletWebServerApplicationContext - Root WebApplicationContext: initialization completed in 2093 ms 
2025-11-28 05:38:17.955  c.z.h.HikariDataSource - HikariPool-1 - Starting... 
2025-11-28 05:38:18.195  c.z.h.p.HikariPool - HikariPool-1 - Added connection com.mysql.cj.jdbc.ConnectionImpl@73c45a1e 
2025-11-28 05:38:18.197  c.z.h.HikariDataSource - HikariPool-1 - Start completed. 
2025-11-28 05:38:18.282  o.h.j.i.u.LogHelper - HHH000204: Processing PersistenceUnitInfo [name: default] 
2025-11-28 05:38:18.336  o.h.Version - HHH000412: Hibernate ORM core version 6.2.0.CR2 
2025-11-28 05:38:18.338  o.h.c.Environment - HHH000406: Using bytecode reflection optimizer 
2025-11-28 05:38:18.470  o.h.b.i.BytecodeProviderInitiator - HHH000021: Bytecode provider name : bytebuddy 
2025-11-28 05:38:18.585  o.s.o.j.p.SpringPersistenceUnitInfo - No LoadTimeWeaver setup: ignoring JPA class transformer 
2025-11-28 05:38:18.658  SQL dialect - HHH000400: Using dialect: org.hibernate.dialect.MySQLDialect 
2025-11-28 05:38:18.908  o.h.b.i.BytecodeProviderInitiator - HHH000021: Bytecode provider name : bytebuddy 
2025-11-28 05:38:19.576  o.h.e.t.j.p.i.JtaPlatformInitiator - HHH000490: Using JtaPlatform implementation: [org.hibernate.engine.transaction.jta.platform.internal.NoJtaPlatform] 
2025-11-28 05:38:19.579  o.s.o.j.LocalContainerEntityManagerFactoryBean - Initialized JPA EntityManagerFactory for persistence unit 'default' 
2025-11-28 05:38:19.859  o.s.d.j.r.q.QueryEnhancerFactory - Hibernate is in classpath; If applicable, HQL parser will be used. 
2025-11-28 05:38:21.504  p6spy - #1764275901504 | took 92ms | statement | connection 2| url jdbc:mysql://localhost:3306/tama?serverTimezone=Asia/Seoul&characterEncoding=UTF-8
select c2_0.item_id,c1_0.color_item_id,i1_0.name,i1_0.original_price,i1_0.now_price from order_item o1_0 join color_item_size_stock c1_0 on c1_0.color_item_size_stock_id=o1_0.color_item_size_stock_id join color_item c2_0 on c2_0.color_item_id=c1_0.color_item_id join item i1_0 on i1_0.item_id=c2_0.item_id group by c1_0.color_item_id order by sum(o1_0.count) desc limit ?,?
select c2_0.item_id,c1_0.color_item_id,i1_0.name,i1_0.original_price,i1_0.now_price from order_item o1_0 join color_item_size_stock c1_0 on c1_0.color_item_size_stock_id=o1_0.color_item_size_stock_id join color_item c2_0 on c2_0.color_item_id=c1_0.color_item_id join item i1_0 on i1_0.item_id=c2_0.item_id group by c1_0.color_item_id order by sum(o1_0.count) desc limit 0,10; 
2025-11-28 05:38:21.535  p6spy - #1764275901535 | took 1ms | statement | connection 2| url jdbc:mysql://localhost:3306/tama?serverTimezone=Asia/Seoul&characterEncoding=UTF-8
select c1_0.item_image_id,c1_0.color_item_id,c1_0.sequence,c1_0.original_file_name,c1_0.stored_file_name from color_item_image c1_0 where c1_0.color_item_id in(?,?,?,?,?,?,?,?,?,?) and c1_0.sequence=?
select c1_0.item_image_id,c1_0.color_item_id,c1_0.sequence,c1_0.original_file_name,c1_0.stored_file_name from color_item_image c1_0 where c1_0.color_item_id in(1,2,3,4,5,6,7,8,9,10) and c1_0.sequence=1; 
2025-11-28 05:38:21.588  p6spy - #1764275901588 | took 2ms | statement | connection 2| url jdbc:mysql://localhost:3306/tama?serverTimezone=Asia/Seoul&characterEncoding=UTF-8
select c1_0.color_item_id,cast(round(avg(r1_0.rating),1) as decimal(53,2)),count(c1_0.color_item_id) from review r1_0 join order_item o1_0 on o1_0.order_item_id=r1_0.order_item_id join color_item_size_stock c1_0 on c1_0.color_item_size_stock_id=o1_0.color_item_size_stock_id where o1_0.color_item_size_stock_id in(?,?,?,?,?,?,?,?,?,?) group by c1_0.color_item_id
select c1_0.color_item_id,cast(round(avg(r1_0.rating),1) as decimal(53,2)),count(c1_0.color_item_id) from review r1_0 join order_item o1_0 on o1_0.order_item_id=r1_0.order_item_id join color_item_size_stock c1_0 on c1_0.color_item_size_stock_id=o1_0.color_item_size_stock_id where o1_0.color_item_size_stock_id in(1,2,3,4,5,6,7,8,9,10) group by c1_0.color_item_id; 
2025-11-28 05:38:21.598  p6spy - #1764275901598 | took 1ms | statement | connection 2| url jdbc:mysql://localhost:3306/tama?serverTimezone=Asia/Seoul&characterEncoding=UTF-8
select c1_0.category_id,c2_0.parent_id,c2_0.category_id,c2_0.name,c1_0.name,c1_0.parent_id from category c1_0 left join category c2_0 on c1_0.category_id=c2_0.parent_id where c1_0.category_id=?
select c1_0.category_id,c2_0.parent_id,c2_0.category_id,c2_0.name,c1_0.name,c1_0.parent_id from category c1_0 left join category c2_0 on c1_0.category_id=c2_0.parent_id where c1_0.category_id=1; 
2025-11-28 05:38:21.612  p6spy - #1764275901612 | took 0ms | statement | connection 2| url jdbc:mysql://localhost:3306/tama?serverTimezone=Asia/Seoul&characterEncoding=UTF-8
select c2_0.item_id,c1_0.color_item_id,i1_0.name,i1_0.original_price,i1_0.now_price from order_item o1_0 join color_item_size_stock c1_0 on c1_0.color_item_size_stock_id=o1_0.color_item_size_stock_id join color_item c2_0 on c2_0.color_item_id=c1_0.color_item_id join item i1_0 on i1_0.item_id=c2_0.item_id where i1_0.category_id in(?,?,?,?) group by c1_0.color_item_id order by sum(o1_0.count) desc limit ?,?
select c2_0.item_id,c1_0.color_item_id,i1_0.name,i1_0.original_price,i1_0.now_price from order_item o1_0 join color_item_size_stock c1_0 on c1_0.color_item_size_stock_id=o1_0.color_item_size_stock_id join color_item c2_0 on c2_0.color_item_id=c1_0.color_item_id join item i1_0 on i1_0.item_id=c2_0.item_id where i1_0.category_id in(1,2,3,4) group by c1_0.color_item_id order by sum(o1_0.count) desc limit 0,10; 
2025-11-28 05:38:21.615  p6spy - #1764275901615 | took 0ms | statement | connection 2| url jdbc:mysql://localhost:3306/tama?serverTimezone=Asia/Seoul&characterEncoding=UTF-8
select c1_0.item_image_id,c1_0.color_item_id,c1_0.sequence,c1_0.original_file_name,c1_0.stored_file_name from color_item_image c1_0 where c1_0.color_item_id in(?) and c1_0.sequence=?
select c1_0.item_image_id,c1_0.color_item_id,c1_0.sequence,c1_0.original_file_name,c1_0.stored_file_name from color_item_image c1_0 where c1_0.color_item_id in(NULL) and c1_0.sequence=1; 
2025-11-28 05:38:21.617  p6spy - #1764275901617 | took 0ms | statement | connection 2| url jdbc:mysql://localhost:3306/tama?serverTimezone=Asia/Seoul&characterEncoding=UTF-8
select c1_0.color_item_id,cast(round(avg(r1_0.rating),1) as decimal(53,2)),count(c1_0.color_item_id) from review r1_0 join order_item o1_0 on o1_0.order_item_id=r1_0.order_item_id join color_item_size_stock c1_0 on c1_0.color_item_size_stock_id=o1_0.color_item_size_stock_id where 1=0 group by c1_0.color_item_id
select c1_0.color_item_id,cast(round(avg(r1_0.rating),1) as decimal(53,2)),count(c1_0.color_item_id) from review r1_0 join order_item o1_0 on o1_0.order_item_id=r1_0.order_item_id join color_item_size_stock c1_0 on c1_0.color_item_size_stock_id=o1_0.color_item_size_stock_id where 1=0 group by c1_0.color_item_id; 
2025-11-28 05:38:21.619  p6spy - #1764275901619 | took 0ms | statement | connection 2| url jdbc:mysql://localhost:3306/tama?serverTimezone=Asia/Seoul&characterEncoding=UTF-8
select c1_0.category_id,c2_0.parent_id,c2_0.category_id,c2_0.name,c1_0.name,c1_0.parent_id from category c1_0 left join category c2_0 on c1_0.category_id=c2_0.parent_id where c1_0.category_id=?
select c1_0.category_id,c2_0.parent_id,c2_0.category_id,c2_0.name,c1_0.name,c1_0.parent_id from category c1_0 left join category c2_0 on c1_0.category_id=c2_0.parent_id where c1_0.category_id=5; 
2025-11-28 05:38:21.622  p6spy - #1764275901622 | took 0ms | statement | connection 2| url jdbc:mysql://localhost:3306/tama?serverTimezone=Asia/Seoul&characterEncoding=UTF-8
select c2_0.item_id,c1_0.color_item_id,i1_0.name,i1_0.original_price,i1_0.now_price from order_item o1_0 join color_item_size_stock c1_0 on c1_0.color_item_size_stock_id=o1_0.color_item_size_stock_id join color_item c2_0 on c2_0.color_item_id=c1_0.color_item_id join item i1_0 on i1_0.item_id=c2_0.item_id where i1_0.category_id in(?,?,?,?,?,?) group by c1_0.color_item_id order by sum(o1_0.count) desc limit ?,?
select c2_0.item_id,c1_0.color_item_id,i1_0.name,i1_0.original_price,i1_0.now_price from order_item o1_0 join color_item_size_stock c1_0 on c1_0.color_item_size_stock_id=o1_0.color_item_size_stock_id join color_item c2_0 on c2_0.color_item_id=c1_0.color_item_id join item i1_0 on i1_0.item_id=c2_0.item_id where i1_0.category_id in(5,6,7,8,9,10) group by c1_0.color_item_id order by sum(o1_0.count) desc limit 0,10; 
2025-11-28 05:38:21.623  p6spy - #1764275901623 | took 0ms | statement | connection 2| url jdbc:mysql://localhost:3306/tama?serverTimezone=Asia/Seoul&characterEncoding=UTF-8
select c1_0.item_image_id,c1_0.color_item_id,c1_0.sequence,c1_0.original_file_name,c1_0.stored_file_name from color_item_image c1_0 where c1_0.color_item_id in(?) and c1_0.sequence=?
select c1_0.item_image_id,c1_0.color_item_id,c1_0.sequence,c1_0.original_file_name,c1_0.stored_file_name from color_item_image c1_0 where c1_0.color_item_id in(NULL) and c1_0.sequence=1; 
2025-11-28 05:38:21.625  p6spy - #1764275901625 | took 0ms | statement | connection 2| url jdbc:mysql://localhost:3306/tama?serverTimezone=Asia/Seoul&characterEncoding=UTF-8
select c1_0.color_item_id,cast(round(avg(r1_0.rating),1) as decimal(53,2)),count(c1_0.color_item_id) from review r1_0 join order_item o1_0 on o1_0.order_item_id=r1_0.order_item_id join color_item_size_stock c1_0 on c1_0.color_item_size_stock_id=o1_0.color_item_size_stock_id where 1=0 group by c1_0.color_item_id
select c1_0.color_item_id,cast(round(avg(r1_0.rating),1) as decimal(53,2)),count(c1_0.color_item_id) from review r1_0 join order_item o1_0 on o1_0.order_item_id=r1_0.order_item_id join color_item_size_stock c1_0 on c1_0.color_item_size_stock_id=o1_0.color_item_size_stock_id where 1=0 group by c1_0.color_item_id; 
2025-11-28 05:38:21.626  p6spy - #1764275901626 | took 0ms | statement | connection 2| url jdbc:mysql://localhost:3306/tama?serverTimezone=Asia/Seoul&characterEncoding=UTF-8
select c1_0.category_id,c2_0.parent_id,c2_0.category_id,c2_0.name,c1_0.name,c1_0.parent_id from category c1_0 left join category c2_0 on c1_0.category_id=c2_0.parent_id where c1_0.category_id=?
select c1_0.category_id,c2_0.parent_id,c2_0.category_id,c2_0.name,c1_0.name,c1_0.parent_id from category c1_0 left join category c2_0 on c1_0.category_id=c2_0.parent_id where c1_0.category_id=11; 
2025-11-28 05:38:21.683  p6spy - #1764275901683 | took 55ms | statement | connection 2| url jdbc:mysql://localhost:3306/tama?serverTimezone=Asia/Seoul&characterEncoding=UTF-8
select c2_0.item_id,c1_0.color_item_id,i1_0.name,i1_0.original_price,i1_0.now_price from order_item o1_0 join color_item_size_stock c1_0 on c1_0.color_item_size_stock_id=o1_0.color_item_size_stock_id join color_item c2_0 on c2_0.color_item_id=c1_0.color_item_id join item i1_0 on i1_0.item_id=c2_0.item_id where i1_0.category_id in(?,?,?,?,?) group by c1_0.color_item_id order by sum(o1_0.count) desc limit ?,?
select c2_0.item_id,c1_0.color_item_id,i1_0.name,i1_0.original_price,i1_0.now_price from order_item o1_0 join color_item_size_stock c1_0 on c1_0.color_item_size_stock_id=o1_0.color_item_size_stock_id join color_item c2_0 on c2_0.color_item_id=c1_0.color_item_id join item i1_0 on i1_0.item_id=c2_0.item_id where i1_0.category_id in(11,12,13,14,15) group by c1_0.color_item_id order by sum(o1_0.count) desc limit 0,10; 
2025-11-28 05:38:21.686  p6spy - #1764275901686 | took 0ms | statement | connection 2| url jdbc:mysql://localhost:3306/tama?serverTimezone=Asia/Seoul&characterEncoding=UTF-8
select c1_0.item_image_id,c1_0.color_item_id,c1_0.sequence,c1_0.original_file_name,c1_0.stored_file_name from color_item_image c1_0 where c1_0.color_item_id in(?,?,?,?,?,?,?,?,?,?) and c1_0.sequence=?
select c1_0.item_image_id,c1_0.color_item_id,c1_0.sequence,c1_0.original_file_name,c1_0.stored_file_name from color_item_image c1_0 where c1_0.color_item_id in(1,2,3,4,5,6,7,8,9,10) and c1_0.sequence=1; 
2025-11-28 05:38:21.689  p6spy - #1764275901689 | took 0ms | statement | connection 2| url jdbc:mysql://localhost:3306/tama?serverTimezone=Asia/Seoul&characterEncoding=UTF-8
select c1_0.color_item_id,cast(round(avg(r1_0.rating),1) as decimal(53,2)),count(c1_0.color_item_id) from review r1_0 join order_item o1_0 on o1_0.order_item_id=r1_0.order_item_id join color_item_size_stock c1_0 on c1_0.color_item_size_stock_id=o1_0.color_item_size_stock_id where o1_0.color_item_size_stock_id in(?,?,?,?,?,?,?,?,?,?) group by c1_0.color_item_id
select c1_0.color_item_id,cast(round(avg(r1_0.rating),1) as decimal(53,2)),count(c1_0.color_item_id) from review r1_0 join order_item o1_0 on o1_0.order_item_id=r1_0.order_item_id join color_item_size_stock c1_0 on c1_0.color_item_size_stock_id=o1_0.color_item_size_stock_id where o1_0.color_item_size_stock_id in(1,2,3,4,5,6,7,8,9,10) group by c1_0.color_item_id; 
2025-11-28 05:38:21.691  p6spy - #1764275901691 | took 1ms | commit | connection 2| url jdbc:mysql://localhost:3306/tama?serverTimezone=Asia/Seoul&characterEncoding=UTF-8

; 
2025-11-28 05:38:21.698  o.s.b.c.r.s.JobRepositoryFactoryBean - No database type set, using meta data indicating: MYSQL 
2025-11-28 05:38:21.729  o.s.b.c.l.s.TaskExecutorJobLauncher - No TaskExecutor has been set, defaulting to synchronous executor. 
2025-11-28 05:38:21.783  o.s.b.c.c.a.BatchObservabilityBeanPostProcessor - No Micrometer observation registry found, defaulting to ObservationRegistry.NOOP 
2025-11-28 05:38:21.792  o.s.b.c.c.a.BatchObservabilityBeanPostProcessor - No Micrometer observation registry found, defaulting to ObservationRegistry.NOOP 
2025-11-28 05:38:22.587  o.s.b.a.h.H2ConsoleAutoConfiguration - H2 console available at '/h2-console'. Database available at 'jdbc:mysql://localhost:3306/tama?serverTimezone=Asia/Seoul&characterEncoding=UTF-8' 
2025-11-28 05:38:22.698  o.s.b.d.a.OptionalLiveReloadServer - LiveReload server is running on port 35729 
2025-11-28 05:38:22.719  o.a.c.h.Http11NioProtocol - Starting ProtocolHandler ["http-nio-5000"] 
2025-11-28 05:38:22.735  o.s.b.w.e.t.TomcatWebServer - Tomcat started on port 5000 (http) with context path '/' 
2025-11-28 05:38:22.746  o.e.t.TamaApiApplication - Started TamaApiApplication in 7.604 seconds (process running for 8.248) 
2025-11-28 05:38:42.606  o.a.c.c.C.[.[.[/] - Initializing Spring DispatcherServlet 'dispatcherServlet' 
2025-11-28 05:38:42.606  o.s.w.s.DispatcherServlet - Initializing Servlet 'dispatcherServlet' 
2025-11-28 05:38:42.608  o.s.w.s.DispatcherServlet - Completed initialization in 2 ms 
2025-11-28 05:38:42.741  o.s.w.s.m.m.a.ExceptionHandlerExceptionResolver - Resolved [org.springframework.http.converter.HttpMessageNotReadableException: Required request body is missing: public java.lang.String org.example.tamaapi.controller.TestController.testRequestBody(org.example.tamaapi.dto.requestDto.LoginRequest)] 
2025-11-28 05:38:42.788  o.s.w.s.m.m.a.ExceptionHandlerExceptionResolver - Resolved [org.springframework.web.servlet.resource.NoResourceFoundException: No static resource favicon.ico.] 
2025-11-28 05:39:03.006  o.s.b.w.e.t.GracefulShutdown - Commencing graceful shutdown. Waiting for active requests to complete 
2025-11-28 05:39:03.074  o.s.b.w.e.t.GracefulShutdown - Graceful shutdown complete 
2025-11-28 05:39:03.078  o.s.b.f.s.DisposableBeanAdapter - Custom destroy method 'close' on bean with name 'orderIdReader' propagated an exception: org.springframework.batch.item.ItemStreamException: Error while closing item reader 
2025-11-28 05:39:03.079  o.s.o.j.LocalContainerEntityManagerFactoryBean - Closing JPA EntityManagerFactory for persistence unit 'default' 
2025-11-28 05:39:03.082  c.z.h.HikariDataSource - HikariPool-1 - Shutdown initiated... 
2025-11-28 05:39:03.087  c.z.h.HikariDataSource - HikariPool-1 - Shutdown completed. 
2025-11-28 05:39:06.678  o.h.v.i.u.Version - HV000001: Hibernate Validator 8.0.2.Final 
2025-11-28 05:39:06.719  o.e.t.TamaApiApplication - Starting TamaApiApplication using Java 17 with PID 12704 (C:\Users\user2208\Desktop\port_folio\tama-api\build\classes\java\main started by user2208 in C:\Users\user2208\Desktop\port_folio\tama-api) 
2025-11-28 05:39:06.719  o.e.t.TamaApiApplication - The following 1 profile is active: "local" 
2025-11-28 05:39:06.765  o.s.b.d.e.DevToolsPropertyDefaultsPostProcessor - Devtools property defaults active! Set 'spring.devtools.add-properties' to 'false' to disable 
2025-11-28 05:39:06.765  o.s.b.d.e.DevToolsPropertyDefaultsPostProcessor - For additional web related logging consider setting the 'logging.level.web' property to 'DEBUG' 
2025-11-28 05:39:07.435  o.s.b.c.c.a.BatchRegistrar - Finished Spring Batch infrastructure beans configuration in 2 ms. 
2025-11-28 05:39:07.679  o.s.d.r.c.RepositoryConfigurationDelegate - Bootstrapping Spring Data JPA repositories in DEFAULT mode. 
2025-11-28 05:39:07.772  o.s.d.r.c.RepositoryConfigurationDelegate - Finished Spring Data repository scanning in 87 ms. Found 14 JPA repository interfaces. 
2025-11-28 05:39:08.444  o.s.b.w.e.t.TomcatWebServer - Tomcat initialized with port 5000 (http) 
2025-11-28 05:39:08.454  o.a.c.h.Http11NioProtocol - Initializing ProtocolHandler ["http-nio-5000"] 
2025-11-28 05:39:08.455  o.a.c.c.StandardService - Starting service [Tomcat] 
2025-11-28 05:39:08.455  o.a.c.c.StandardEngine - Starting Servlet engine: [Apache Tomcat/10.1.34] 
2025-11-28 05:39:08.516  o.a.c.c.C.[.[.[/] - Initializing Spring embedded WebApplicationContext 
2025-11-28 05:39:08.516  o.s.b.w.s.c.ServletWebServerApplicationContext - Root WebApplicationContext: initialization completed in 1750 ms 
2025-11-28 05:39:08.662  c.z.h.HikariDataSource - HikariPool-1 - Starting... 
2025-11-28 05:39:08.872  c.z.h.p.HikariPool - HikariPool-1 - Added connection com.mysql.cj.jdbc.ConnectionImpl@484cc059 
2025-11-28 05:39:08.874  c.z.h.HikariDataSource - HikariPool-1 - Start completed. 
2025-11-28 05:39:08.955  o.h.j.i.u.LogHelper - HHH000204: Processing PersistenceUnitInfo [name: default] 
2025-11-28 05:39:08.996  o.h.Version - HHH000412: Hibernate ORM core version 6.2.0.CR2 
2025-11-28 05:39:08.998  o.h.c.Environment - HHH000406: Using bytecode reflection optimizer 
2025-11-28 05:39:09.112  o.h.b.i.BytecodeProviderInitiator - HHH000021: Bytecode provider name : bytebuddy 
2025-11-28 05:39:09.220  o.s.o.j.p.SpringPersistenceUnitInfo - No LoadTimeWeaver setup: ignoring JPA class transformer 
2025-11-28 05:39:09.277  SQL dialect - HHH000400: Using dialect: org.hibernate.dialect.MySQLDialect 
2025-11-28 05:39:09.513  o.h.b.i.BytecodeProviderInitiator - HHH000021: Bytecode provider name : bytebuddy 
2025-11-28 05:39:10.141  o.h.e.t.j.p.i.JtaPlatformInitiator - HHH000490: Using JtaPlatform implementation: [org.hibernate.engine.transaction.jta.platform.internal.NoJtaPlatform] 
2025-11-28 05:39:10.143  o.s.o.j.LocalContainerEntityManagerFactoryBean - Initialized JPA EntityManagerFactory for persistence unit 'default' 
2025-11-28 05:39:10.390  o.s.d.j.r.q.QueryEnhancerFactory - Hibernate is in classpath; If applicable, HQL parser will be used. 
2025-11-28 05:39:12.093  p6spy - #1764275952093 | took 61ms | statement | connection 2| url jdbc:mysql://localhost:3306/tama?serverTimezone=Asia/Seoul&characterEncoding=UTF-8
select c2_0.item_id,c1_0.color_item_id,i1_0.name,i1_0.original_price,i1_0.now_price from order_item o1_0 join color_item_size_stock c1_0 on c1_0.color_item_size_stock_id=o1_0.color_item_size_stock_id join color_item c2_0 on c2_0.color_item_id=c1_0.color_item_id join item i1_0 on i1_0.item_id=c2_0.item_id group by c1_0.color_item_id order by sum(o1_0.count) desc limit ?,?
select c2_0.item_id,c1_0.color_item_id,i1_0.name,i1_0.original_price,i1_0.now_price from order_item o1_0 join color_item_size_stock c1_0 on c1_0.color_item_size_stock_id=o1_0.color_item_size_stock_id join color_item c2_0 on c2_0.color_item_id=c1_0.color_item_id join item i1_0 on i1_0.item_id=c2_0.item_id group by c1_0.color_item_id order by sum(o1_0.count) desc limit 0,10; 
2025-11-28 05:39:12.120  p6spy - #1764275952120 | took 0ms | statement | connection 2| url jdbc:mysql://localhost:3306/tama?serverTimezone=Asia/Seoul&characterEncoding=UTF-8
select c1_0.item_image_id,c1_0.color_item_id,c1_0.sequence,c1_0.original_file_name,c1_0.stored_file_name from color_item_image c1_0 where c1_0.color_item_id in(?,?,?,?,?,?,?,?,?,?) and c1_0.sequence=?
select c1_0.item_image_id,c1_0.color_item_id,c1_0.sequence,c1_0.original_file_name,c1_0.stored_file_name from color_item_image c1_0 where c1_0.color_item_id in(1,2,3,4,5,6,7,8,9,10) and c1_0.sequence=1; 
2025-11-28 05:39:12.172  p6spy - #1764275952172 | took 1ms | statement | connection 2| url jdbc:mysql://localhost:3306/tama?serverTimezone=Asia/Seoul&characterEncoding=UTF-8
select c1_0.color_item_id,cast(round(avg(r1_0.rating),1) as decimal(53,2)),count(c1_0.color_item_id) from review r1_0 join order_item o1_0 on o1_0.order_item_id=r1_0.order_item_id join color_item_size_stock c1_0 on c1_0.color_item_size_stock_id=o1_0.color_item_size_stock_id where o1_0.color_item_size_stock_id in(?,?,?,?,?,?,?,?,?,?) group by c1_0.color_item_id
select c1_0.color_item_id,cast(round(avg(r1_0.rating),1) as decimal(53,2)),count(c1_0.color_item_id) from review r1_0 join order_item o1_0 on o1_0.order_item_id=r1_0.order_item_id join color_item_size_stock c1_0 on c1_0.color_item_size_stock_id=o1_0.color_item_size_stock_id where o1_0.color_item_size_stock_id in(1,2,3,4,5,6,7,8,9,10) group by c1_0.color_item_id; 
2025-11-28 05:39:12.182  p6spy - #1764275952182 | took 0ms | statement | connection 2| url jdbc:mysql://localhost:3306/tama?serverTimezone=Asia/Seoul&characterEncoding=UTF-8
select c1_0.category_id,c2_0.parent_id,c2_0.category_id,c2_0.name,c1_0.name,c1_0.parent_id from category c1_0 left join category c2_0 on c1_0.category_id=c2_0.parent_id where c1_0.category_id=?
select c1_0.category_id,c2_0.parent_id,c2_0.category_id,c2_0.name,c1_0.name,c1_0.parent_id from category c1_0 left join category c2_0 on c1_0.category_id=c2_0.parent_id where c1_0.category_id=1; 
2025-11-28 05:39:12.198  p6spy - #1764275952198 | took 0ms | statement | connection 2| url jdbc:mysql://localhost:3306/tama?serverTimezone=Asia/Seoul&characterEncoding=UTF-8
select c2_0.item_id,c1_0.color_item_id,i1_0.name,i1_0.original_price,i1_0.now_price from order_item o1_0 join color_item_size_stock c1_0 on c1_0.color_item_size_stock_id=o1_0.color_item_size_stock_id join color_item c2_0 on c2_0.color_item_id=c1_0.color_item_id join item i1_0 on i1_0.item_id=c2_0.item_id where i1_0.category_id in(?,?,?,?) group by c1_0.color_item_id order by sum(o1_0.count) desc limit ?,?
select c2_0.item_id,c1_0.color_item_id,i1_0.name,i1_0.original_price,i1_0.now_price from order_item o1_0 join color_item_size_stock c1_0 on c1_0.color_item_size_stock_id=o1_0.color_item_size_stock_id join color_item c2_0 on c2_0.color_item_id=c1_0.color_item_id join item i1_0 on i1_0.item_id=c2_0.item_id where i1_0.category_id in(1,2,3,4) group by c1_0.color_item_id order by sum(o1_0.count) desc limit 0,10; 
2025-11-28 05:39:12.200  p6spy - #1764275952200 | took 0ms | statement | connection 2| url jdbc:mysql://localhost:3306/tama?serverTimezone=Asia/Seoul&characterEncoding=UTF-8
select c1_0.item_image_id,c1_0.color_item_id,c1_0.sequence,c1_0.original_file_name,c1_0.stored_file_name from color_item_image c1_0 where c1_0.color_item_id in(?) and c1_0.sequence=?
select c1_0.item_image_id,c1_0.color_item_id,c1_0.sequence,c1_0.original_file_name,c1_0.stored_file_name from color_item_image c1_0 where c1_0.color_item_id in(NULL) and c1_0.sequence=1; 
2025-11-28 05:39:12.202  p6spy - #1764275952202 | took 0ms | statement | connection 2| url jdbc:mysql://localhost:3306/tama?serverTimezone=Asia/Seoul&characterEncoding=UTF-8
select c1_0.color_item_id,cast(round(avg(r1_0.rating),1) as decimal(53,2)),count(c1_0.color_item_id) from review r1_0 join order_item o1_0 on o1_0.order_item_id=r1_0.order_item_id join color_item_size_stock c1_0 on c1_0.color_item_size_stock_id=o1_0.color_item_size_stock_id where 1=0 group by c1_0.color_item_id
select c1_0.color_item_id,cast(round(avg(r1_0.rating),1) as decimal(53,2)),count(c1_0.color_item_id) from review r1_0 join order_item o1_0 on o1_0.order_item_id=r1_0.order_item_id join color_item_size_stock c1_0 on c1_0.color_item_size_stock_id=o1_0.color_item_size_stock_id where 1=0 group by c1_0.color_item_id; 
2025-11-28 05:39:12.204  p6spy - #1764275952204 | took 0ms | statement | connection 2| url jdbc:mysql://localhost:3306/tama?serverTimezone=Asia/Seoul&characterEncoding=UTF-8
select c1_0.category_id,c2_0.parent_id,c2_0.category_id,c2_0.name,c1_0.name,c1_0.parent_id from category c1_0 left join category c2_0 on c1_0.category_id=c2_0.parent_id where c1_0.category_id=?
select c1_0.category_id,c2_0.parent_id,c2_0.category_id,c2_0.name,c1_0.name,c1_0.parent_id from category c1_0 left join category c2_0 on c1_0.category_id=c2_0.parent_id where c1_0.category_id=5; 
2025-11-28 05:39:12.207  p6spy - #1764275952207 | took 0ms | statement | connection 2| url jdbc:mysql://localhost:3306/tama?serverTimezone=Asia/Seoul&characterEncoding=UTF-8
select c2_0.item_id,c1_0.color_item_id,i1_0.name,i1_0.original_price,i1_0.now_price from order_item o1_0 join color_item_size_stock c1_0 on c1_0.color_item_size_stock_id=o1_0.color_item_size_stock_id join color_item c2_0 on c2_0.color_item_id=c1_0.color_item_id join item i1_0 on i1_0.item_id=c2_0.item_id where i1_0.category_id in(?,?,?,?,?,?) group by c1_0.color_item_id order by sum(o1_0.count) desc limit ?,?
select c2_0.item_id,c1_0.color_item_id,i1_0.name,i1_0.original_price,i1_0.now_price from order_item o1_0 join color_item_size_stock c1_0 on c1_0.color_item_size_stock_id=o1_0.color_item_size_stock_id join color_item c2_0 on c2_0.color_item_id=c1_0.color_item_id join item i1_0 on i1_0.item_id=c2_0.item_id where i1_0.category_id in(5,6,7,8,9,10) group by c1_0.color_item_id order by sum(o1_0.count) desc limit 0,10; 
2025-11-28 05:39:12.209  p6spy - #1764275952209 | took 0ms | statement | connection 2| url jdbc:mysql://localhost:3306/tama?serverTimezone=Asia/Seoul&characterEncoding=UTF-8
select c1_0.item_image_id,c1_0.color_item_id,c1_0.sequence,c1_0.original_file_name,c1_0.stored_file_name from color_item_image c1_0 where c1_0.color_item_id in(?) and c1_0.sequence=?
select c1_0.item_image_id,c1_0.color_item_id,c1_0.sequence,c1_0.original_file_name,c1_0.stored_file_name from color_item_image c1_0 where c1_0.color_item_id in(NULL) and c1_0.sequence=1; 
2025-11-28 05:39:12.210  p6spy - #1764275952210 | took 0ms | statement | connection 2| url jdbc:mysql://localhost:3306/tama?serverTimezone=Asia/Seoul&characterEncoding=UTF-8
select c1_0.color_item_id,cast(round(avg(r1_0.rating),1) as decimal(53,2)),count(c1_0.color_item_id) from review r1_0 join order_item o1_0 on o1_0.order_item_id=r1_0.order_item_id join color_item_size_stock c1_0 on c1_0.color_item_size_stock_id=o1_0.color_item_size_stock_id where 1=0 group by c1_0.color_item_id
select c1_0.color_item_id,cast(round(avg(r1_0.rating),1) as decimal(53,2)),count(c1_0.color_item_id) from review r1_0 join order_item o1_0 on o1_0.order_item_id=r1_0.order_item_id join color_item_size_stock c1_0 on c1_0.color_item_size_stock_id=o1_0.color_item_size_stock_id where 1=0 group by c1_0.color_item_id; 
2025-11-28 05:39:12.211  p6spy - #1764275952211 | took 0ms | statement | connection 2| url jdbc:mysql://localhost:3306/tama?serverTimezone=Asia/Seoul&characterEncoding=UTF-8
select c1_0.category_id,c2_0.parent_id,c2_0.category_id,c2_0.name,c1_0.name,c1_0.parent_id from category c1_0 left join category c2_0 on c1_0.category_id=c2_0.parent_id where c1_0.category_id=?
select c1_0.category_id,c2_0.parent_id,c2_0.category_id,c2_0.name,c1_0.name,c1_0.parent_id from category c1_0 left join category c2_0 on c1_0.category_id=c2_0.parent_id where c1_0.category_id=11; 
2025-11-28 05:39:12.278  p6spy - #1764275952278 | took 64ms | statement | connection 2| url jdbc:mysql://localhost:3306/tama?serverTimezone=Asia/Seoul&characterEncoding=UTF-8
select c2_0.item_id,c1_0.color_item_id,i1_0.name,i1_0.original_price,i1_0.now_price from order_item o1_0 join color_item_size_stock c1_0 on c1_0.color_item_size_stock_id=o1_0.color_item_size_stock_id join color_item c2_0 on c2_0.color_item_id=c1_0.color_item_id join item i1_0 on i1_0.item_id=c2_0.item_id where i1_0.category_id in(?,?,?,?,?) group by c1_0.color_item_id order by sum(o1_0.count) desc limit ?,?
select c2_0.item_id,c1_0.color_item_id,i1_0.name,i1_0.original_price,i1_0.now_price from order_item o1_0 join color_item_size_stock c1_0 on c1_0.color_item_size_stock_id=o1_0.color_item_size_stock_id join color_item c2_0 on c2_0.color_item_id=c1_0.color_item_id join item i1_0 on i1_0.item_id=c2_0.item_id where i1_0.category_id in(11,12,13,14,15) group by c1_0.color_item_id order by sum(o1_0.count) desc limit 0,10; 
2025-11-28 05:39:12.281  p6spy - #1764275952281 | took 0ms | statement | connection 2| url jdbc:mysql://localhost:3306/tama?serverTimezone=Asia/Seoul&characterEncoding=UTF-8
select c1_0.item_image_id,c1_0.color_item_id,c1_0.sequence,c1_0.original_file_name,c1_0.stored_file_name from color_item_image c1_0 where c1_0.color_item_id in(?,?,?,?,?,?,?,?,?,?) and c1_0.sequence=?
select c1_0.item_image_id,c1_0.color_item_id,c1_0.sequence,c1_0.original_file_name,c1_0.stored_file_name from color_item_image c1_0 where c1_0.color_item_id in(1,2,3,4,5,6,7,8,9,10) and c1_0.sequence=1; 
2025-11-28 05:39:12.284  p6spy - #1764275952284 | took 0ms | statement | connection 2| url jdbc:mysql://localhost:3306/tama?serverTimezone=Asia/Seoul&characterEncoding=UTF-8
select c1_0.color_item_id,cast(round(avg(r1_0.rating),1) as decimal(53,2)),count(c1_0.color_item_id) from review r1_0 join order_item o1_0 on o1_0.order_item_id=r1_0.order_item_id join color_item_size_stock c1_0 on c1_0.color_item_size_stock_id=o1_0.color_item_size_stock_id where o1_0.color_item_size_stock_id in(?,?,?,?,?,?,?,?,?,?) group by c1_0.color_item_id
select c1_0.color_item_id,cast(round(avg(r1_0.rating),1) as decimal(53,2)),count(c1_0.color_item_id) from review r1_0 join order_item o1_0 on o1_0.order_item_id=r1_0.order_item_id join color_item_size_stock c1_0 on c1_0.color_item_size_stock_id=o1_0.color_item_size_stock_id where o1_0.color_item_size_stock_id in(1,2,3,4,5,6,7,8,9,10) group by c1_0.color_item_id; 
2025-11-28 05:39:12.286  p6spy - #1764275952286 | took 0ms | commit | connection 2| url jdbc:mysql://localhost:3306/tama?serverTimezone=Asia/Seoul&characterEncoding=UTF-8

; 
2025-11-28 05:39:12.292  o.s.b.c.r.s.JobRepositoryFactoryBean - No database type set, using meta data indicating: MYSQL 
2025-11-28 05:39:12.327  o.s.b.c.l.s.TaskExecutorJobLauncher - No TaskExecutor has been set, defaulting to synchronous executor. 
2025-11-28 05:39:12.378  o.s.b.c.c.a.BatchObservabilityBeanPostProcessor - No Micrometer observation registry found, defaulting to ObservationRegistry.NOOP 
2025-11-28 05:39:12.386  o.s.b.c.c.a.BatchObservabilityBeanPostProcessor - No Micrometer observation registry found, defaulting to ObservationRegistry.NOOP 
2025-11-28 05:39:13.216  o.s.b.a.h.H2ConsoleAutoConfiguration - H2 console available at '/h2-console'. Database available at 'jdbc:mysql://localhost:3306/tama?serverTimezone=Asia/Seoul&characterEncoding=UTF-8' 
2025-11-28 05:39:13.334  o.s.b.d.a.OptionalLiveReloadServer - LiveReload server is running on port 35729 
2025-11-28 05:39:13.355  o.a.c.h.Http11NioProtocol - Starting ProtocolHandler ["http-nio-5000"] 
2025-11-28 05:39:13.370  o.s.b.w.e.t.TomcatWebServer - Tomcat started on port 5000 (http) with context path '/' 
2025-11-28 05:39:13.380  o.e.t.TamaApiApplication - Started TamaApiApplication in 7.063 seconds (process running for 7.602) 
2025-11-28 05:39:15.673  o.a.c.c.C.[.[.[/] - Initializing Spring DispatcherServlet 'dispatcherServlet' 
2025-11-28 05:39:15.673  o.s.w.s.DispatcherServlet - Initializing Servlet 'dispatcherServlet' 
2025-11-28 05:39:15.675  o.s.w.s.DispatcherServlet - Completed initialization in 2 ms 
2025-11-28 05:42:40.349  o.s.b.w.e.t.GracefulShutdown - Commencing graceful shutdown. Waiting for active requests to complete 
2025-11-28 05:42:40.412  o.s.b.w.e.t.GracefulShutdown - Graceful shutdown complete 
2025-11-28 05:42:40.415  o.s.b.f.s.DisposableBeanAdapter - Custom destroy method 'close' on bean with name 'orderIdReader' propagated an exception: org.springframework.batch.item.ItemStreamException: Error while closing item reader 
2025-11-28 05:42:40.417  o.s.o.j.LocalContainerEntityManagerFactoryBean - Closing JPA EntityManagerFactory for persistence unit 'default' 
2025-11-28 05:42:40.420  c.z.h.HikariDataSource - HikariPool-1 - Shutdown initiated... 
2025-11-28 05:42:40.425  c.z.h.HikariDataSource - HikariPool-1 - Shutdown completed. 
