2025-10-16 00:00:00.084  p6spy - #1760540400084 | took 5ms | statement | connection 32| url jdbc:mysql://localhost:3306/tama?serverTimezone=Asia/Seoul&characterEncoding=UTF-8
select c2_0.item_id,c1_0.color_item_id,i1_0.name,i1_0.original_price,i1_0.now_price from order_item o1_0 join color_item_size_stock c1_0 on c1_0.color_item_size_stock_id=o1_0.color_item_size_stock_id join color_item c2_0 on c2_0.color_item_id=c1_0.color_item_id join item i1_0 on i1_0.item_id=c2_0.item_id group by c1_0.color_item_id order by sum(o1_0.count) desc limit ?,?
select c2_0.item_id,c1_0.color_item_id,i1_0.name,i1_0.original_price,i1_0.now_price from order_item o1_0 join color_item_size_stock c1_0 on c1_0.color_item_size_stock_id=o1_0.color_item_size_stock_id join color_item c2_0 on c2_0.color_item_id=c1_0.color_item_id join item i1_0 on i1_0.item_id=c2_0.item_id group by c1_0.color_item_id order by sum(o1_0.count) desc limit 0,10; 
2025-10-16 00:00:00.099  p6spy - #1760540400099 | took 1ms | statement | connection 32| url jdbc:mysql://localhost:3306/tama?serverTimezone=Asia/Seoul&characterEncoding=UTF-8
select c1_0.item_image_id,c1_0.color_item_id,c1_0.sequence,c1_0.original_file_name,c1_0.stored_file_name from color_item_image c1_0 where c1_0.color_item_id in(?,?,?) and c1_0.sequence=?
select c1_0.item_image_id,c1_0.color_item_id,c1_0.sequence,c1_0.original_file_name,c1_0.stored_file_name from color_item_image c1_0 where c1_0.color_item_id in(1,2,3) and c1_0.sequence=1; 
2025-10-16 00:00:00.104  p6spy - #1760540400104 | took 0ms | statement | connection 32| url jdbc:mysql://localhost:3306/tama?serverTimezone=Asia/Seoul&characterEncoding=UTF-8
select c1_0.color_item_id,cast(round(avg(r1_0.rating),1) as decimal(53,2)),count(c1_0.color_item_id) from review r1_0 join order_item o1_0 on o1_0.order_item_id=r1_0.order_item_id join color_item_size_stock c1_0 on c1_0.color_item_size_stock_id=o1_0.color_item_size_stock_id where o1_0.color_item_size_stock_id in(?,?,?) group by c1_0.color_item_id
select c1_0.color_item_id,cast(round(avg(r1_0.rating),1) as decimal(53,2)),count(c1_0.color_item_id) from review r1_0 join order_item o1_0 on o1_0.order_item_id=r1_0.order_item_id join color_item_size_stock c1_0 on c1_0.color_item_size_stock_id=o1_0.color_item_size_stock_id where o1_0.color_item_size_stock_id in(1,2,3) group by c1_0.color_item_id; 
2025-10-16 00:00:00.105  p6spy - #1760540400105 | took 0ms | commit | connection 32| url jdbc:mysql://localhost:3306/tama?serverTimezone=Asia/Seoul&characterEncoding=UTF-8

; 
2025-10-16 00:00:00.146  p6spy - #1760540400146 | took 1ms | statement | connection 33| url jdbc:mysql://localhost:3306/tama?serverTimezone=Asia/Seoul&characterEncoding=UTF-8
select c1_0.category_id,c2_0.parent_id,c2_0.category_id,c2_0.name,c1_0.name,c1_0.parent_id from category c1_0 left join category c2_0 on c1_0.category_id=c2_0.parent_id where c1_0.category_id=?
select c1_0.category_id,c2_0.parent_id,c2_0.category_id,c2_0.name,c1_0.name,c1_0.parent_id from category c1_0 left join category c2_0 on c1_0.category_id=c2_0.parent_id where c1_0.category_id=1; 
2025-10-16 00:00:00.149  p6spy - #1760540400149 | took 0ms | statement | connection 34| url jdbc:mysql://localhost:3306/tama?serverTimezone=Asia/Seoul&characterEncoding=UTF-8
select c2_0.item_id,c1_0.color_item_id,i1_0.name,i1_0.original_price,i1_0.now_price from order_item o1_0 join color_item_size_stock c1_0 on c1_0.color_item_size_stock_id=o1_0.color_item_size_stock_id join color_item c2_0 on c2_0.color_item_id=c1_0.color_item_id join item i1_0 on i1_0.item_id=c2_0.item_id where i1_0.category_id in(?,?,?,?) group by c1_0.color_item_id order by sum(o1_0.count) desc limit ?,?
select c2_0.item_id,c1_0.color_item_id,i1_0.name,i1_0.original_price,i1_0.now_price from order_item o1_0 join color_item_size_stock c1_0 on c1_0.color_item_size_stock_id=o1_0.color_item_size_stock_id join color_item c2_0 on c2_0.color_item_id=c1_0.color_item_id join item i1_0 on i1_0.item_id=c2_0.item_id where i1_0.category_id in(1,2,3,4) group by c1_0.color_item_id order by sum(o1_0.count) desc limit 0,10; 
2025-10-16 00:00:00.151  p6spy - #1760540400151 | took 0ms | statement | connection 34| url jdbc:mysql://localhost:3306/tama?serverTimezone=Asia/Seoul&characterEncoding=UTF-8
select c1_0.item_image_id,c1_0.color_item_id,c1_0.sequence,c1_0.original_file_name,c1_0.stored_file_name from color_item_image c1_0 where c1_0.color_item_id in(?) and c1_0.sequence=?
select c1_0.item_image_id,c1_0.color_item_id,c1_0.sequence,c1_0.original_file_name,c1_0.stored_file_name from color_item_image c1_0 where c1_0.color_item_id in(NULL) and c1_0.sequence=1; 
2025-10-16 00:00:00.151  p6spy - #1760540400151 | took 0ms | statement | connection 34| url jdbc:mysql://localhost:3306/tama?serverTimezone=Asia/Seoul&characterEncoding=UTF-8
select c1_0.color_item_id,cast(round(avg(r1_0.rating),1) as decimal(53,2)),count(c1_0.color_item_id) from review r1_0 join order_item o1_0 on o1_0.order_item_id=r1_0.order_item_id join color_item_size_stock c1_0 on c1_0.color_item_size_stock_id=o1_0.color_item_size_stock_id where 1=0 group by c1_0.color_item_id
select c1_0.color_item_id,cast(round(avg(r1_0.rating),1) as decimal(53,2)),count(c1_0.color_item_id) from review r1_0 join order_item o1_0 on o1_0.order_item_id=r1_0.order_item_id join color_item_size_stock c1_0 on c1_0.color_item_size_stock_id=o1_0.color_item_size_stock_id where 1=0 group by c1_0.color_item_id; 
2025-10-16 00:00:00.151  p6spy - #1760540400151 | took 0ms | commit | connection 34| url jdbc:mysql://localhost:3306/tama?serverTimezone=Asia/Seoul&characterEncoding=UTF-8

; 
2025-10-16 00:00:00.152  p6spy - #1760540400152 | took 0ms | statement | connection 35| url jdbc:mysql://localhost:3306/tama?serverTimezone=Asia/Seoul&characterEncoding=UTF-8
select c1_0.category_id,c2_0.parent_id,c2_0.category_id,c2_0.name,c1_0.name,c1_0.parent_id from category c1_0 left join category c2_0 on c1_0.category_id=c2_0.parent_id where c1_0.category_id=?
select c1_0.category_id,c2_0.parent_id,c2_0.category_id,c2_0.name,c1_0.name,c1_0.parent_id from category c1_0 left join category c2_0 on c1_0.category_id=c2_0.parent_id where c1_0.category_id=5; 
2025-10-16 00:00:00.154  p6spy - #1760540400154 | took 0ms | statement | connection 36| url jdbc:mysql://localhost:3306/tama?serverTimezone=Asia/Seoul&characterEncoding=UTF-8
select c2_0.item_id,c1_0.color_item_id,i1_0.name,i1_0.original_price,i1_0.now_price from order_item o1_0 join color_item_size_stock c1_0 on c1_0.color_item_size_stock_id=o1_0.color_item_size_stock_id join color_item c2_0 on c2_0.color_item_id=c1_0.color_item_id join item i1_0 on i1_0.item_id=c2_0.item_id where i1_0.category_id in(?,?,?,?,?,?) group by c1_0.color_item_id order by sum(o1_0.count) desc limit ?,?
select c2_0.item_id,c1_0.color_item_id,i1_0.name,i1_0.original_price,i1_0.now_price from order_item o1_0 join color_item_size_stock c1_0 on c1_0.color_item_size_stock_id=o1_0.color_item_size_stock_id join color_item c2_0 on c2_0.color_item_id=c1_0.color_item_id join item i1_0 on i1_0.item_id=c2_0.item_id where i1_0.category_id in(5,6,7,8,9,10) group by c1_0.color_item_id order by sum(o1_0.count) desc limit 0,10; 
2025-10-16 00:00:00.155  p6spy - #1760540400155 | took 0ms | statement | connection 36| url jdbc:mysql://localhost:3306/tama?serverTimezone=Asia/Seoul&characterEncoding=UTF-8
select c1_0.item_image_id,c1_0.color_item_id,c1_0.sequence,c1_0.original_file_name,c1_0.stored_file_name from color_item_image c1_0 where c1_0.color_item_id in(?) and c1_0.sequence=?
select c1_0.item_image_id,c1_0.color_item_id,c1_0.sequence,c1_0.original_file_name,c1_0.stored_file_name from color_item_image c1_0 where c1_0.color_item_id in(NULL) and c1_0.sequence=1; 
2025-10-16 00:00:00.155  p6spy - #1760540400155 | took 0ms | statement | connection 36| url jdbc:mysql://localhost:3306/tama?serverTimezone=Asia/Seoul&characterEncoding=UTF-8
select c1_0.color_item_id,cast(round(avg(r1_0.rating),1) as decimal(53,2)),count(c1_0.color_item_id) from review r1_0 join order_item o1_0 on o1_0.order_item_id=r1_0.order_item_id join color_item_size_stock c1_0 on c1_0.color_item_size_stock_id=o1_0.color_item_size_stock_id where 1=0 group by c1_0.color_item_id
select c1_0.color_item_id,cast(round(avg(r1_0.rating),1) as decimal(53,2)),count(c1_0.color_item_id) from review r1_0 join order_item o1_0 on o1_0.order_item_id=r1_0.order_item_id join color_item_size_stock c1_0 on c1_0.color_item_size_stock_id=o1_0.color_item_size_stock_id where 1=0 group by c1_0.color_item_id; 
2025-10-16 00:00:00.156  p6spy - #1760540400156 | took 0ms | commit | connection 36| url jdbc:mysql://localhost:3306/tama?serverTimezone=Asia/Seoul&characterEncoding=UTF-8

; 
2025-10-16 00:00:00.156  p6spy - #1760540400156 | took 0ms | statement | connection 37| url jdbc:mysql://localhost:3306/tama?serverTimezone=Asia/Seoul&characterEncoding=UTF-8
select c1_0.category_id,c2_0.parent_id,c2_0.category_id,c2_0.name,c1_0.name,c1_0.parent_id from category c1_0 left join category c2_0 on c1_0.category_id=c2_0.parent_id where c1_0.category_id=?
select c1_0.category_id,c2_0.parent_id,c2_0.category_id,c2_0.name,c1_0.name,c1_0.parent_id from category c1_0 left join category c2_0 on c1_0.category_id=c2_0.parent_id where c1_0.category_id=11; 
2025-10-16 00:00:00.158  p6spy - #1760540400158 | took 0ms | statement | connection 38| url jdbc:mysql://localhost:3306/tama?serverTimezone=Asia/Seoul&characterEncoding=UTF-8
select c2_0.item_id,c1_0.color_item_id,i1_0.name,i1_0.original_price,i1_0.now_price from order_item o1_0 join color_item_size_stock c1_0 on c1_0.color_item_size_stock_id=o1_0.color_item_size_stock_id join color_item c2_0 on c2_0.color_item_id=c1_0.color_item_id join item i1_0 on i1_0.item_id=c2_0.item_id where i1_0.category_id in(?,?,?,?,?) group by c1_0.color_item_id order by sum(o1_0.count) desc limit ?,?
select c2_0.item_id,c1_0.color_item_id,i1_0.name,i1_0.original_price,i1_0.now_price from order_item o1_0 join color_item_size_stock c1_0 on c1_0.color_item_size_stock_id=o1_0.color_item_size_stock_id join color_item c2_0 on c2_0.color_item_id=c1_0.color_item_id join item i1_0 on i1_0.item_id=c2_0.item_id where i1_0.category_id in(11,12,13,14,15) group by c1_0.color_item_id order by sum(o1_0.count) desc limit 0,10; 
2025-10-16 00:00:00.159  p6spy - #1760540400159 | took 0ms | statement | connection 38| url jdbc:mysql://localhost:3306/tama?serverTimezone=Asia/Seoul&characterEncoding=UTF-8
select c1_0.item_image_id,c1_0.color_item_id,c1_0.sequence,c1_0.original_file_name,c1_0.stored_file_name from color_item_image c1_0 where c1_0.color_item_id in(?,?,?) and c1_0.sequence=?
select c1_0.item_image_id,c1_0.color_item_id,c1_0.sequence,c1_0.original_file_name,c1_0.stored_file_name from color_item_image c1_0 where c1_0.color_item_id in(1,2,3) and c1_0.sequence=1; 
2025-10-16 00:00:00.161  p6spy - #1760540400161 | took 0ms | statement | connection 38| url jdbc:mysql://localhost:3306/tama?serverTimezone=Asia/Seoul&characterEncoding=UTF-8
select c1_0.color_item_id,cast(round(avg(r1_0.rating),1) as decimal(53,2)),count(c1_0.color_item_id) from review r1_0 join order_item o1_0 on o1_0.order_item_id=r1_0.order_item_id join color_item_size_stock c1_0 on c1_0.color_item_size_stock_id=o1_0.color_item_size_stock_id where o1_0.color_item_size_stock_id in(?,?,?) group by c1_0.color_item_id
select c1_0.color_item_id,cast(round(avg(r1_0.rating),1) as decimal(53,2)),count(c1_0.color_item_id) from review r1_0 join order_item o1_0 on o1_0.order_item_id=r1_0.order_item_id join color_item_size_stock c1_0 on c1_0.color_item_size_stock_id=o1_0.color_item_size_stock_id where o1_0.color_item_size_stock_id in(1,2,3) group by c1_0.color_item_id; 
2025-10-16 00:00:00.161  p6spy - #1760540400161 | took 0ms | commit | connection 38| url jdbc:mysql://localhost:3306/tama?serverTimezone=Asia/Seoul&characterEncoding=UTF-8

; 
2025-10-16 00:00:00.165  p6spy - #1760540400165 | took 1ms | statement | connection 39| url jdbc:mysql://localhost:3306/tama?serverTimezone=Asia/Seoul&characterEncoding=UTF-8
update orders set status=? where status=? and (date(updated_at)-0)>=(date(now())-8)
update orders set status='COMPLETED' where status='DELIVERED' and (date(updated_at)-0)>=(date(now())-8); 
2025-10-16 00:00:00.165  p6spy - #1760540400165 | took 0ms | commit | connection 39| url jdbc:mysql://localhost:3306/tama?serverTimezone=Asia/Seoul&characterEncoding=UTF-8

; 
2025-10-16 00:07:11.474  o.a.c.c.C.[.[.[/] - Initializing Spring DispatcherServlet 'dispatcherServlet' 
2025-10-16 00:07:11.475  o.s.w.s.DispatcherServlet - Initializing Servlet 'dispatcherServlet' 
2025-10-16 00:07:11.491  o.s.w.s.DispatcherServlet - Completed initialization in 15 ms 
2025-10-16 00:07:11.597  p6spy - #1760540831597 | took 0ms | statement | connection 41| url jdbc:mysql://localhost:3306/tama?serverTimezone=Asia/Seoul&characterEncoding=UTF-8
select c1_0.category_id,c2_0.parent_id,c2_0.category_id,c2_0.name,c1_0.name,c1_0.parent_id from category c1_0 join category c2_0 on c1_0.category_id=c2_0.parent_id where c1_0.parent_id is null
select c1_0.category_id,c2_0.parent_id,c2_0.category_id,c2_0.name,c1_0.name,c1_0.parent_id from category c1_0 join category c2_0 on c1_0.category_id=c2_0.parent_id where c1_0.parent_id is null; 
2025-10-16 00:07:11.598  p6spy - #1760540831598 | took 2ms | statement | connection 42| url jdbc:mysql://localhost:3306/tama?serverTimezone=Asia/Seoul&characterEncoding=UTF-8
select c1_0.category_id,c1_0.name,c1_0.parent_id from category c1_0 where c1_0.parent_id is null
select c1_0.category_id,c1_0.name,c1_0.parent_id from category c1_0 where c1_0.parent_id is null; 
2025-10-16 00:07:11.602  p6spy - #1760540831602 | took 5ms | statement | connection 40| url jdbc:mysql://localhost:3306/tama?serverTimezone=Asia/Seoul&characterEncoding=UTF-8
select c1_0.category_id,c2_0.parent_id,c2_0.category_id,c2_0.name,c1_0.name,c1_0.parent_id from category c1_0 join category c2_0 on c1_0.category_id=c2_0.parent_id where c1_0.parent_id is null
select c1_0.category_id,c2_0.parent_id,c2_0.category_id,c2_0.name,c1_0.name,c1_0.parent_id from category c1_0 join category c2_0 on c1_0.category_id=c2_0.parent_id where c1_0.parent_id is null; 
2025-10-16 00:07:14.640  p6spy - #1760540834640 | took 1ms | statement | connection 43| url jdbc:mysql://localhost:3306/tama?serverTimezone=Asia/Seoul&characterEncoding=UTF-8
select c1_0.color_item_id,c2_0.color_id,c2_0.hex_code,c2_0.name,c2_0.parent_id,c4_0.color_item_id,c4_0.color_item_size_stock_id,c4_0.size,c4_0.stock,c1_0.created_at,i1_0.item_id,c3_0.category_id,c3_0.name,c3_0.parent_id,i1_0.country_of_manufacture,i1_0.created_at,i1_0.date_of_manufacture,i1_0.description,i1_0.gender,i1_0.manufacturer,i1_0.name,i1_0.now_price,i1_0.original_price,i1_0.precaution,i1_0.textile,i1_0.updated_at,i1_0.year_season,c1_0.updated_at from color_item c1_0 join color c2_0 on c2_0.color_id=c1_0.color_id join item i1_0 on i1_0.item_id=c1_0.item_id join category c3_0 on c3_0.category_id=i1_0.category_id join color_item_size_stock c4_0 on c1_0.color_item_id=c4_0.color_item_id where c1_0.color_item_id=?
select c1_0.color_item_id,c2_0.color_id,c2_0.hex_code,c2_0.name,c2_0.parent_id,c4_0.color_item_id,c4_0.color_item_size_stock_id,c4_0.size,c4_0.stock,c1_0.created_at,i1_0.item_id,c3_0.category_id,c3_0.name,c3_0.parent_id,i1_0.country_of_manufacture,i1_0.created_at,i1_0.date_of_manufacture,i1_0.description,i1_0.gender,i1_0.manufacturer,i1_0.name,i1_0.now_price,i1_0.original_price,i1_0.precaution,i1_0.textile,i1_0.updated_at,i1_0.year_season,c1_0.updated_at from color_item c1_0 join color c2_0 on c2_0.color_id=c1_0.color_id join item i1_0 on i1_0.item_id=c1_0.item_id join category c3_0 on c3_0.category_id=i1_0.category_id join color_item_size_stock c4_0 on c1_0.color_item_id=c4_0.color_item_id where c1_0.color_item_id=1; 
2025-10-16 00:07:14.642  p6spy - #1760540834642 | took 0ms | statement | connection 44| url jdbc:mysql://localhost:3306/tama?serverTimezone=Asia/Seoul&characterEncoding=UTF-8
select c1_0.item_image_id,c1_0.color_item_id,c1_0.sequence,c1_0.original_file_name,c1_0.stored_file_name from color_item_image c1_0 where c1_0.color_item_id=?
select c1_0.item_image_id,c1_0.color_item_id,c1_0.sequence,c1_0.original_file_name,c1_0.stored_file_name from color_item_image c1_0 where c1_0.color_item_id=1; 
2025-10-16 00:07:14.644  p6spy - #1760540834644 | took 0ms | statement | connection 45| url jdbc:mysql://localhost:3306/tama?serverTimezone=Asia/Seoul&characterEncoding=UTF-8
select c1_0.color_item_id,c2_0.color_id,c2_0.hex_code,c2_0.name,c2_0.parent_id,c3_0.color_item_id,c3_0.color_item_size_stock_id,c3_0.size,c3_0.stock,c1_0.created_at,c1_0.item_id,c1_0.updated_at from color_item c1_0 join color c2_0 on c2_0.color_id=c1_0.color_id join color_item_size_stock c3_0 on c1_0.color_item_id=c3_0.color_item_id where c1_0.item_id=?
select c1_0.color_item_id,c2_0.color_id,c2_0.hex_code,c2_0.name,c2_0.parent_id,c3_0.color_item_id,c3_0.color_item_size_stock_id,c3_0.size,c3_0.stock,c1_0.created_at,c1_0.item_id,c1_0.updated_at from color_item c1_0 join color c2_0 on c2_0.color_id=c1_0.color_id join color_item_size_stock c3_0 on c1_0.color_item_id=c3_0.color_item_id where c1_0.item_id=1; 
2025-10-16 00:07:14.646  p6spy - #1760540834646 | took 0ms | statement | connection 46| url jdbc:mysql://localhost:3306/tama?serverTimezone=Asia/Seoul&characterEncoding=UTF-8
select c1_0.item_image_id,c1_0.color_item_id,c1_0.sequence,c1_0.original_file_name,c1_0.stored_file_name from color_item_image c1_0 where c1_0.color_item_id in(?,?) and c1_0.sequence=?
select c1_0.item_image_id,c1_0.color_item_id,c1_0.sequence,c1_0.original_file_name,c1_0.stored_file_name from color_item_image c1_0 where c1_0.color_item_id in(1,2) and c1_0.sequence=1; 
2025-10-16 00:07:15.041  p6spy - #1760540835041 | took 0ms | statement | connection 47| url jdbc:mysql://localhost:3306/tama?serverTimezone=Asia/Seoul&characterEncoding=UTF-8
select round(avg(r1_0.rating),1) from review r1_0 join order_item o1_0 on o1_0.order_item_id=r1_0.order_item_id join color_item_size_stock c1_0 on c1_0.color_item_size_stock_id=o1_0.color_item_size_stock_id join color_item c2_0 on c2_0.color_item_id=c1_0.color_item_id where c1_0.color_item_id=?
select round(avg(r1_0.rating),1) from review r1_0 join order_item o1_0 on o1_0.order_item_id=r1_0.order_item_id join color_item_size_stock c1_0 on c1_0.color_item_size_stock_id=o1_0.color_item_size_stock_id join color_item c2_0 on c2_0.color_item_id=c1_0.color_item_id where c1_0.color_item_id=1; 
2025-10-16 00:07:15.057  p6spy - #1760540835057 | took 1ms | statement | connection 48| url jdbc:mysql://localhost:3306/tama?serverTimezone=Asia/Seoul&characterEncoding=UTF-8
select r1_0.review_id,r1_0.comment,r1_0.created_at,r1_0.height,m1_0.member_id,m1_0.authority,m1_0.created_at,m1_0.email,m1_0.gender,m1_0.height,m1_0.nickname,m1_0.password,m1_0.phone,m1_0.point,m1_0.provider,m1_0.updated_at,m1_0.weight,o1_0.order_item_id,c1_0.color_item_size_stock_id,c2_0.color_item_id,c3_0.color_id,c3_0.hex_code,c3_0.name,c3_0.parent_id,c2_0.created_at,c2_0.item_id,c2_0.updated_at,c1_0.size,c1_0.stock,o1_0.count,o1_0.order_id,o1_0.order_price,r1_0.rating,r1_0.updated_at,r1_0.weight from review r1_0 join member m1_0 on m1_0.member_id=r1_0.member_id join order_item o1_0 on o1_0.order_item_id=r1_0.order_item_id join color_item_size_stock c1_0 on c1_0.color_item_size_stock_id=o1_0.color_item_size_stock_id join color_item c2_0 on c2_0.color_item_id=c1_0.color_item_id join color c3_0 on c3_0.color_id=c2_0.color_id where c1_0.color_item_id=? order by r1_0.created_at desc,r1_0.review_id desc limit ?
select r1_0.review_id,r1_0.comment,r1_0.created_at,r1_0.height,m1_0.member_id,m1_0.authority,m1_0.created_at,m1_0.email,m1_0.gender,m1_0.height,m1_0.nickname,m1_0.password,m1_0.phone,m1_0.point,m1_0.provider,m1_0.updated_at,m1_0.weight,o1_0.order_item_id,c1_0.color_item_size_stock_id,c2_0.color_item_id,c3_0.color_id,c3_0.hex_code,c3_0.name,c3_0.parent_id,c2_0.created_at,c2_0.item_id,c2_0.updated_at,c1_0.size,c1_0.stock,o1_0.count,o1_0.order_id,o1_0.order_price,r1_0.rating,r1_0.updated_at,r1_0.weight from review r1_0 join member m1_0 on m1_0.member_id=r1_0.member_id join order_item o1_0 on o1_0.order_item_id=r1_0.order_item_id join color_item_size_stock c1_0 on c1_0.color_item_size_stock_id=o1_0.color_item_size_stock_id join color_item c2_0 on c2_0.color_item_id=c1_0.color_item_id join color c3_0 on c3_0.color_id=c2_0.color_id where c1_0.color_item_id=1 order by r1_0.created_at desc,r1_0.review_id desc limit 10; 
2025-10-16 00:07:17.864  p6spy - #1760540837864 | took 0ms | statement | connection 49| url jdbc:mysql://localhost:3306/tama?serverTimezone=Asia/Seoul&characterEncoding=UTF-8
select c1_0.category_id,c1_0.name,c1_0.parent_id from category c1_0 where c1_0.parent_id is null
select c1_0.category_id,c1_0.name,c1_0.parent_id from category c1_0 where c1_0.parent_id is null; 
2025-10-16 00:07:19.033  p6spy - #1760540839033 | took 0ms | statement | connection 50| url jdbc:mysql://localhost:3306/tama?serverTimezone=Asia/Seoul&characterEncoding=UTF-8
select c1_0.color_item_id,c2_0.color_id,c2_0.hex_code,c2_0.name,c2_0.parent_id,c4_0.color_item_id,c4_0.color_item_size_stock_id,c4_0.size,c4_0.stock,c1_0.created_at,i1_0.item_id,c3_0.category_id,c3_0.name,c3_0.parent_id,i1_0.country_of_manufacture,i1_0.created_at,i1_0.date_of_manufacture,i1_0.description,i1_0.gender,i1_0.manufacturer,i1_0.name,i1_0.now_price,i1_0.original_price,i1_0.precaution,i1_0.textile,i1_0.updated_at,i1_0.year_season,c1_0.updated_at from color_item c1_0 join color c2_0 on c2_0.color_id=c1_0.color_id join item i1_0 on i1_0.item_id=c1_0.item_id join category c3_0 on c3_0.category_id=i1_0.category_id join color_item_size_stock c4_0 on c1_0.color_item_id=c4_0.color_item_id where c1_0.color_item_id=?
select c1_0.color_item_id,c2_0.color_id,c2_0.hex_code,c2_0.name,c2_0.parent_id,c4_0.color_item_id,c4_0.color_item_size_stock_id,c4_0.size,c4_0.stock,c1_0.created_at,i1_0.item_id,c3_0.category_id,c3_0.name,c3_0.parent_id,i1_0.country_of_manufacture,i1_0.created_at,i1_0.date_of_manufacture,i1_0.description,i1_0.gender,i1_0.manufacturer,i1_0.name,i1_0.now_price,i1_0.original_price,i1_0.precaution,i1_0.textile,i1_0.updated_at,i1_0.year_season,c1_0.updated_at from color_item c1_0 join color c2_0 on c2_0.color_id=c1_0.color_id join item i1_0 on i1_0.item_id=c1_0.item_id join category c3_0 on c3_0.category_id=i1_0.category_id join color_item_size_stock c4_0 on c1_0.color_item_id=c4_0.color_item_id where c1_0.color_item_id=2; 
2025-10-16 00:07:19.035  p6spy - #1760540839035 | took 0ms | statement | connection 51| url jdbc:mysql://localhost:3306/tama?serverTimezone=Asia/Seoul&characterEncoding=UTF-8
select c1_0.item_image_id,c1_0.color_item_id,c1_0.sequence,c1_0.original_file_name,c1_0.stored_file_name from color_item_image c1_0 where c1_0.color_item_id=?
select c1_0.item_image_id,c1_0.color_item_id,c1_0.sequence,c1_0.original_file_name,c1_0.stored_file_name from color_item_image c1_0 where c1_0.color_item_id=2; 
2025-10-16 00:07:19.036  p6spy - #1760540839036 | took 0ms | statement | connection 52| url jdbc:mysql://localhost:3306/tama?serverTimezone=Asia/Seoul&characterEncoding=UTF-8
select c1_0.color_item_id,c2_0.color_id,c2_0.hex_code,c2_0.name,c2_0.parent_id,c3_0.color_item_id,c3_0.color_item_size_stock_id,c3_0.size,c3_0.stock,c1_0.created_at,c1_0.item_id,c1_0.updated_at from color_item c1_0 join color c2_0 on c2_0.color_id=c1_0.color_id join color_item_size_stock c3_0 on c1_0.color_item_id=c3_0.color_item_id where c1_0.item_id=?
select c1_0.color_item_id,c2_0.color_id,c2_0.hex_code,c2_0.name,c2_0.parent_id,c3_0.color_item_id,c3_0.color_item_size_stock_id,c3_0.size,c3_0.stock,c1_0.created_at,c1_0.item_id,c1_0.updated_at from color_item c1_0 join color c2_0 on c2_0.color_id=c1_0.color_id join color_item_size_stock c3_0 on c1_0.color_item_id=c3_0.color_item_id where c1_0.item_id=1; 
2025-10-16 00:07:19.038  p6spy - #1760540839038 | took 0ms | statement | connection 53| url jdbc:mysql://localhost:3306/tama?serverTimezone=Asia/Seoul&characterEncoding=UTF-8
select c1_0.item_image_id,c1_0.color_item_id,c1_0.sequence,c1_0.original_file_name,c1_0.stored_file_name from color_item_image c1_0 where c1_0.color_item_id in(?,?) and c1_0.sequence=?
select c1_0.item_image_id,c1_0.color_item_id,c1_0.sequence,c1_0.original_file_name,c1_0.stored_file_name from color_item_image c1_0 where c1_0.color_item_id in(1,2) and c1_0.sequence=1; 
2025-10-16 00:07:19.063  p6spy - #1760540839063 | took 0ms | statement | connection 54| url jdbc:mysql://localhost:3306/tama?serverTimezone=Asia/Seoul&characterEncoding=UTF-8
select round(avg(r1_0.rating),1) from review r1_0 join order_item o1_0 on o1_0.order_item_id=r1_0.order_item_id join color_item_size_stock c1_0 on c1_0.color_item_size_stock_id=o1_0.color_item_size_stock_id join color_item c2_0 on c2_0.color_item_id=c1_0.color_item_id where c1_0.color_item_id=?
select round(avg(r1_0.rating),1) from review r1_0 join order_item o1_0 on o1_0.order_item_id=r1_0.order_item_id join color_item_size_stock c1_0 on c1_0.color_item_size_stock_id=o1_0.color_item_size_stock_id join color_item c2_0 on c2_0.color_item_id=c1_0.color_item_id where c1_0.color_item_id=2; 
2025-10-16 00:07:19.065  p6spy - #1760540839065 | took 0ms | statement | connection 55| url jdbc:mysql://localhost:3306/tama?serverTimezone=Asia/Seoul&characterEncoding=UTF-8
select r1_0.review_id,r1_0.comment,r1_0.created_at,r1_0.height,m1_0.member_id,m1_0.authority,m1_0.created_at,m1_0.email,m1_0.gender,m1_0.height,m1_0.nickname,m1_0.password,m1_0.phone,m1_0.point,m1_0.provider,m1_0.updated_at,m1_0.weight,o1_0.order_item_id,c1_0.color_item_size_stock_id,c2_0.color_item_id,c3_0.color_id,c3_0.hex_code,c3_0.name,c3_0.parent_id,c2_0.created_at,c2_0.item_id,c2_0.updated_at,c1_0.size,c1_0.stock,o1_0.count,o1_0.order_id,o1_0.order_price,r1_0.rating,r1_0.updated_at,r1_0.weight from review r1_0 join member m1_0 on m1_0.member_id=r1_0.member_id join order_item o1_0 on o1_0.order_item_id=r1_0.order_item_id join color_item_size_stock c1_0 on c1_0.color_item_size_stock_id=o1_0.color_item_size_stock_id join color_item c2_0 on c2_0.color_item_id=c1_0.color_item_id join color c3_0 on c3_0.color_id=c2_0.color_id where c1_0.color_item_id=? order by r1_0.created_at desc,r1_0.review_id desc limit ?
select r1_0.review_id,r1_0.comment,r1_0.created_at,r1_0.height,m1_0.member_id,m1_0.authority,m1_0.created_at,m1_0.email,m1_0.gender,m1_0.height,m1_0.nickname,m1_0.password,m1_0.phone,m1_0.point,m1_0.provider,m1_0.updated_at,m1_0.weight,o1_0.order_item_id,c1_0.color_item_size_stock_id,c2_0.color_item_id,c3_0.color_id,c3_0.hex_code,c3_0.name,c3_0.parent_id,c2_0.created_at,c2_0.item_id,c2_0.updated_at,c1_0.size,c1_0.stock,o1_0.count,o1_0.order_id,o1_0.order_price,r1_0.rating,r1_0.updated_at,r1_0.weight from review r1_0 join member m1_0 on m1_0.member_id=r1_0.member_id join order_item o1_0 on o1_0.order_item_id=r1_0.order_item_id join color_item_size_stock c1_0 on c1_0.color_item_size_stock_id=o1_0.color_item_size_stock_id join color_item c2_0 on c2_0.color_item_id=c1_0.color_item_id join color c3_0 on c3_0.color_id=c2_0.color_id where c1_0.color_item_id=2 order by r1_0.created_at desc,r1_0.review_id desc limit 10; 
2025-10-16 00:07:21.487  p6spy - #1760540841487 | took 0ms | statement | connection 56| url jdbc:mysql://localhost:3306/tama?serverTimezone=Asia/Seoul&characterEncoding=UTF-8
select c1_0.category_id,c1_0.name,c1_0.parent_id from category c1_0 where c1_0.parent_id is null
select c1_0.category_id,c1_0.name,c1_0.parent_id from category c1_0 where c1_0.parent_id is null; 
2025-10-16 00:07:23.442  p6spy - #1760540843442 | took 0ms | statement | connection 57| url jdbc:mysql://localhost:3306/tama?serverTimezone=Asia/Seoul&characterEncoding=UTF-8
select c1_0.category_id,c2_0.parent_id,c2_0.category_id,c2_0.name,c1_0.name,c1_0.parent_id from category c1_0 join category c2_0 on c1_0.category_id=c2_0.parent_id where c1_0.parent_id is null
select c1_0.category_id,c2_0.parent_id,c2_0.category_id,c2_0.name,c1_0.name,c1_0.parent_id from category c1_0 join category c2_0 on c1_0.category_id=c2_0.parent_id where c1_0.parent_id is null; 
2025-10-16 00:07:23.444  p6spy - #1760540843444 | took 2ms | statement | connection 58| url jdbc:mysql://localhost:3306/tama?serverTimezone=Asia/Seoul&characterEncoding=UTF-8
select c1_0.color_id,c1_0.hex_code,c1_0.name,c1_0.parent_id from color c1_0 where c1_0.parent_id is null
select c1_0.color_id,c1_0.hex_code,c1_0.name,c1_0.parent_id from color c1_0 where c1_0.parent_id is null; 
2025-10-16 00:07:23.475  p6spy - #1760540843475 | took 0ms | statement | connection 59| url jdbc:mysql://localhost:3306/tama?serverTimezone=Asia/Seoul&characterEncoding=UTF-8
select i1_0.item_id,i1_0.name,i1_0.original_price,i1_0.now_price from item i1_0 where i1_0.item_id in(select distinct i2_0.item_id from item i2_0 join color_item c1_0 on i2_0.item_id=c1_0.item_id join color_item_size_stock c2_0 on c1_0.color_item_id=c2_0.color_item_id where c2_0.stock>?) order by i1_0.item_id desc limit ?,?
select i1_0.item_id,i1_0.name,i1_0.original_price,i1_0.now_price from item i1_0 where i1_0.item_id in(select distinct i2_0.item_id from item i2_0 join color_item c1_0 on i2_0.item_id=c1_0.item_id join color_item_size_stock c2_0 on c1_0.color_item_id=c2_0.color_item_id where c2_0.stock>0) order by i1_0.item_id desc limit 0,8; 
2025-10-16 00:07:23.482  p6spy - #1760540843482 | took 0ms | statement | connection 59| url jdbc:mysql://localhost:3306/tama?serverTimezone=Asia/Seoul&characterEncoding=UTF-8
select c1_0.item_id,c1_0.color_item_id,c2_0.name,c2_0.hex_code,sum(c3_0.stock) from color_item c1_0 join color c2_0 on c2_0.color_id=c1_0.color_id join color_item_size_stock c3_0 on c1_0.color_item_id=c3_0.color_item_id where c1_0.item_id in(?,?,?) and c3_0.stock>? group by c1_0.color_item_id
select c1_0.item_id,c1_0.color_item_id,c2_0.name,c2_0.hex_code,sum(c3_0.stock) from color_item c1_0 join color c2_0 on c2_0.color_id=c1_0.color_id join color_item_size_stock c3_0 on c1_0.color_item_id=c3_0.color_item_id where c1_0.item_id in(3,2,1) and c3_0.stock>0 group by c1_0.color_item_id; 
2025-10-16 00:07:23.484  p6spy - #1760540843484 | took 0ms | statement | connection 59| url jdbc:mysql://localhost:3306/tama?serverTimezone=Asia/Seoul&characterEncoding=UTF-8
select c1_0.item_image_id,c1_0.color_item_id,c1_0.sequence,c1_0.original_file_name,c1_0.stored_file_name from color_item_image c1_0 where c1_0.color_item_id in(?,?,?,?,?,?) and c1_0.sequence=?
select c1_0.item_image_id,c1_0.color_item_id,c1_0.sequence,c1_0.original_file_name,c1_0.stored_file_name from color_item_image c1_0 where c1_0.color_item_id in(1,2,3,4,5,6) and c1_0.sequence=1; 
2025-10-16 00:07:23.500  p6spy - #1760540843500 | took 0ms | statement | connection 59| url jdbc:mysql://localhost:3306/tama?serverTimezone=Asia/Seoul&characterEncoding=UTF-8
select count(i1_0.item_id) from item i1_0 where exists(select 1 from color_item c1_0 join color_item_size_stock c2_0 on c1_0.color_item_id=c2_0.color_item_id where c1_0.item_id=i1_0.item_id and c2_0.stock>?)
select count(i1_0.item_id) from item i1_0 where exists(select 1 from color_item c1_0 join color_item_size_stock c2_0 on c1_0.color_item_id=c2_0.color_item_id where c1_0.item_id=i1_0.item_id and c2_0.stock>0); 
2025-10-16 00:07:23.500  p6spy - #1760540843500 | took 0ms | commit | connection 59| url jdbc:mysql://localhost:3306/tama?serverTimezone=Asia/Seoul&characterEncoding=UTF-8

; 
2025-10-16 02:50:31.401  p6spy - #1760550631401 | took 20ms | statement | connection 62| url jdbc:mysql://localhost:3306/tama?serverTimezone=Asia/Seoul&characterEncoding=UTF-8
select c1_0.category_id,c1_0.name,c1_0.parent_id from category c1_0 where c1_0.parent_id is null
select c1_0.category_id,c1_0.name,c1_0.parent_id from category c1_0 where c1_0.parent_id is null; 
2025-10-16 02:50:31.401  p6spy - #1760550631401 | took 20ms | statement | connection 60| url jdbc:mysql://localhost:3306/tama?serverTimezone=Asia/Seoul&characterEncoding=UTF-8
select c1_0.category_id,c2_0.parent_id,c2_0.category_id,c2_0.name,c1_0.name,c1_0.parent_id from category c1_0 join category c2_0 on c1_0.category_id=c2_0.parent_id where c1_0.parent_id is null
select c1_0.category_id,c2_0.parent_id,c2_0.category_id,c2_0.name,c1_0.name,c1_0.parent_id from category c1_0 join category c2_0 on c1_0.category_id=c2_0.parent_id where c1_0.parent_id is null; 
2025-10-16 02:50:31.401  p6spy - #1760550631401 | took 20ms | statement | connection 61| url jdbc:mysql://localhost:3306/tama?serverTimezone=Asia/Seoul&characterEncoding=UTF-8
select c1_0.category_id,c2_0.parent_id,c2_0.category_id,c2_0.name,c1_0.name,c1_0.parent_id from category c1_0 join category c2_0 on c1_0.category_id=c2_0.parent_id where c1_0.parent_id is null
select c1_0.category_id,c2_0.parent_id,c2_0.category_id,c2_0.name,c1_0.name,c1_0.parent_id from category c1_0 join category c2_0 on c1_0.category_id=c2_0.parent_id where c1_0.parent_id is null; 
2025-10-16 02:50:34.256  p6spy - #1760550634256 | took 3ms | statement | connection 63| url jdbc:mysql://localhost:3306/tama?serverTimezone=Asia/Seoul&characterEncoding=UTF-8
select c1_0.color_item_id,c2_0.color_id,c2_0.hex_code,c2_0.name,c2_0.parent_id,c4_0.color_item_id,c4_0.color_item_size_stock_id,c4_0.size,c4_0.stock,c1_0.created_at,i1_0.item_id,c3_0.category_id,c3_0.name,c3_0.parent_id,i1_0.country_of_manufacture,i1_0.created_at,i1_0.date_of_manufacture,i1_0.description,i1_0.gender,i1_0.manufacturer,i1_0.name,i1_0.now_price,i1_0.original_price,i1_0.precaution,i1_0.textile,i1_0.updated_at,i1_0.year_season,c1_0.updated_at from color_item c1_0 join color c2_0 on c2_0.color_id=c1_0.color_id join item i1_0 on i1_0.item_id=c1_0.item_id join category c3_0 on c3_0.category_id=i1_0.category_id join color_item_size_stock c4_0 on c1_0.color_item_id=c4_0.color_item_id where c1_0.color_item_id=?
select c1_0.color_item_id,c2_0.color_id,c2_0.hex_code,c2_0.name,c2_0.parent_id,c4_0.color_item_id,c4_0.color_item_size_stock_id,c4_0.size,c4_0.stock,c1_0.created_at,i1_0.item_id,c3_0.category_id,c3_0.name,c3_0.parent_id,i1_0.country_of_manufacture,i1_0.created_at,i1_0.date_of_manufacture,i1_0.description,i1_0.gender,i1_0.manufacturer,i1_0.name,i1_0.now_price,i1_0.original_price,i1_0.precaution,i1_0.textile,i1_0.updated_at,i1_0.year_season,c1_0.updated_at from color_item c1_0 join color c2_0 on c2_0.color_id=c1_0.color_id join item i1_0 on i1_0.item_id=c1_0.item_id join category c3_0 on c3_0.category_id=i1_0.category_id join color_item_size_stock c4_0 on c1_0.color_item_id=c4_0.color_item_id where c1_0.color_item_id=1; 
2025-10-16 02:50:34.264  p6spy - #1760550634264 | took 0ms | statement | connection 64| url jdbc:mysql://localhost:3306/tama?serverTimezone=Asia/Seoul&characterEncoding=UTF-8
select c1_0.item_image_id,c1_0.color_item_id,c1_0.sequence,c1_0.original_file_name,c1_0.stored_file_name from color_item_image c1_0 where c1_0.color_item_id=?
select c1_0.item_image_id,c1_0.color_item_id,c1_0.sequence,c1_0.original_file_name,c1_0.stored_file_name from color_item_image c1_0 where c1_0.color_item_id=1; 
2025-10-16 02:50:34.266  p6spy - #1760550634266 | took 0ms | statement | connection 65| url jdbc:mysql://localhost:3306/tama?serverTimezone=Asia/Seoul&characterEncoding=UTF-8
select c1_0.color_item_id,c2_0.color_id,c2_0.hex_code,c2_0.name,c2_0.parent_id,c3_0.color_item_id,c3_0.color_item_size_stock_id,c3_0.size,c3_0.stock,c1_0.created_at,c1_0.item_id,c1_0.updated_at from color_item c1_0 join color c2_0 on c2_0.color_id=c1_0.color_id join color_item_size_stock c3_0 on c1_0.color_item_id=c3_0.color_item_id where c1_0.item_id=?
select c1_0.color_item_id,c2_0.color_id,c2_0.hex_code,c2_0.name,c2_0.parent_id,c3_0.color_item_id,c3_0.color_item_size_stock_id,c3_0.size,c3_0.stock,c1_0.created_at,c1_0.item_id,c1_0.updated_at from color_item c1_0 join color c2_0 on c2_0.color_id=c1_0.color_id join color_item_size_stock c3_0 on c1_0.color_item_id=c3_0.color_item_id where c1_0.item_id=1; 
2025-10-16 02:50:34.271  p6spy - #1760550634271 | took 1ms | statement | connection 66| url jdbc:mysql://localhost:3306/tama?serverTimezone=Asia/Seoul&characterEncoding=UTF-8
select c1_0.item_image_id,c1_0.color_item_id,c1_0.sequence,c1_0.original_file_name,c1_0.stored_file_name from color_item_image c1_0 where c1_0.color_item_id in(?,?) and c1_0.sequence=?
select c1_0.item_image_id,c1_0.color_item_id,c1_0.sequence,c1_0.original_file_name,c1_0.stored_file_name from color_item_image c1_0 where c1_0.color_item_id in(1,2) and c1_0.sequence=1; 
2025-10-16 02:50:34.633  p6spy - #1760550634633 | took 3ms | statement | connection 67| url jdbc:mysql://localhost:3306/tama?serverTimezone=Asia/Seoul&characterEncoding=UTF-8
select round(avg(r1_0.rating),1) from review r1_0 join order_item o1_0 on o1_0.order_item_id=r1_0.order_item_id join color_item_size_stock c1_0 on c1_0.color_item_size_stock_id=o1_0.color_item_size_stock_id join color_item c2_0 on c2_0.color_item_id=c1_0.color_item_id where c1_0.color_item_id=?
select round(avg(r1_0.rating),1) from review r1_0 join order_item o1_0 on o1_0.order_item_id=r1_0.order_item_id join color_item_size_stock c1_0 on c1_0.color_item_size_stock_id=o1_0.color_item_size_stock_id join color_item c2_0 on c2_0.color_item_id=c1_0.color_item_id where c1_0.color_item_id=1; 
2025-10-16 02:50:34.638  p6spy - #1760550634638 | took 2ms | statement | connection 68| url jdbc:mysql://localhost:3306/tama?serverTimezone=Asia/Seoul&characterEncoding=UTF-8
select r1_0.review_id,r1_0.comment,r1_0.created_at,r1_0.height,m1_0.member_id,m1_0.authority,m1_0.created_at,m1_0.email,m1_0.gender,m1_0.height,m1_0.nickname,m1_0.password,m1_0.phone,m1_0.point,m1_0.provider,m1_0.updated_at,m1_0.weight,o1_0.order_item_id,c1_0.color_item_size_stock_id,c2_0.color_item_id,c3_0.color_id,c3_0.hex_code,c3_0.name,c3_0.parent_id,c2_0.created_at,c2_0.item_id,c2_0.updated_at,c1_0.size,c1_0.stock,o1_0.count,o1_0.order_id,o1_0.order_price,r1_0.rating,r1_0.updated_at,r1_0.weight from review r1_0 join member m1_0 on m1_0.member_id=r1_0.member_id join order_item o1_0 on o1_0.order_item_id=r1_0.order_item_id join color_item_size_stock c1_0 on c1_0.color_item_size_stock_id=o1_0.color_item_size_stock_id join color_item c2_0 on c2_0.color_item_id=c1_0.color_item_id join color c3_0 on c3_0.color_id=c2_0.color_id where c1_0.color_item_id=? order by r1_0.created_at desc,r1_0.review_id desc limit ?
select r1_0.review_id,r1_0.comment,r1_0.created_at,r1_0.height,m1_0.member_id,m1_0.authority,m1_0.created_at,m1_0.email,m1_0.gender,m1_0.height,m1_0.nickname,m1_0.password,m1_0.phone,m1_0.point,m1_0.provider,m1_0.updated_at,m1_0.weight,o1_0.order_item_id,c1_0.color_item_size_stock_id,c2_0.color_item_id,c3_0.color_id,c3_0.hex_code,c3_0.name,c3_0.parent_id,c2_0.created_at,c2_0.item_id,c2_0.updated_at,c1_0.size,c1_0.stock,o1_0.count,o1_0.order_id,o1_0.order_price,r1_0.rating,r1_0.updated_at,r1_0.weight from review r1_0 join member m1_0 on m1_0.member_id=r1_0.member_id join order_item o1_0 on o1_0.order_item_id=r1_0.order_item_id join color_item_size_stock c1_0 on c1_0.color_item_size_stock_id=o1_0.color_item_size_stock_id join color_item c2_0 on c2_0.color_item_id=c1_0.color_item_id join color c3_0 on c3_0.color_id=c2_0.color_id where c1_0.color_item_id=1 order by r1_0.created_at desc,r1_0.review_id desc limit 10; 
2025-10-16 02:50:37.916  p6spy - #1760550637916 | took 0ms | statement | connection 69| url jdbc:mysql://localhost:3306/tama?serverTimezone=Asia/Seoul&characterEncoding=UTF-8
select c1_0.color_item_size_stock_id,c2_0.color_item_id,c3_0.color_id,c3_0.hex_code,c3_0.name,c3_0.parent_id,c2_0.created_at,i1_0.item_id,i1_0.category_id,i1_0.country_of_manufacture,i1_0.created_at,i1_0.date_of_manufacture,i1_0.description,i1_0.gender,i1_0.manufacturer,i1_0.name,i1_0.now_price,i1_0.original_price,i1_0.precaution,i1_0.textile,i1_0.updated_at,i1_0.year_season,c2_0.updated_at,c1_0.size,c1_0.stock from color_item_size_stock c1_0 join color_item c2_0 on c2_0.color_item_id=c1_0.color_item_id join color c3_0 on c3_0.color_id=c2_0.color_id join item i1_0 on i1_0.item_id=c2_0.item_id where c1_0.color_item_size_stock_id in(?)
select c1_0.color_item_size_stock_id,c2_0.color_item_id,c3_0.color_id,c3_0.hex_code,c3_0.name,c3_0.parent_id,c2_0.created_at,i1_0.item_id,i1_0.category_id,i1_0.country_of_manufacture,i1_0.created_at,i1_0.date_of_manufacture,i1_0.description,i1_0.gender,i1_0.manufacturer,i1_0.name,i1_0.now_price,i1_0.original_price,i1_0.precaution,i1_0.textile,i1_0.updated_at,i1_0.year_season,c2_0.updated_at,c1_0.size,c1_0.stock from color_item_size_stock c1_0 join color_item c2_0 on c2_0.color_item_id=c1_0.color_item_id join color c3_0 on c3_0.color_id=c2_0.color_id join item i1_0 on i1_0.item_id=c2_0.item_id where c1_0.color_item_size_stock_id in(1); 
2025-10-16 02:50:37.921  p6spy - #1760550637921 | took 0ms | statement | connection 70| url jdbc:mysql://localhost:3306/tama?serverTimezone=Asia/Seoul&characterEncoding=UTF-8
select c1_0.item_image_id,c1_0.color_item_id,c1_0.sequence,c1_0.original_file_name,c1_0.stored_file_name from color_item_image c1_0 where c1_0.color_item_id in(?) and c1_0.sequence=?
select c1_0.item_image_id,c1_0.color_item_id,c1_0.sequence,c1_0.original_file_name,c1_0.stored_file_name from color_item_image c1_0 where c1_0.color_item_id in(1) and c1_0.sequence=1; 
2025-10-16 05:09:39.152  o.s.b.w.e.t.GracefulShutdown - Commencing graceful shutdown. Waiting for active requests to complete 
2025-10-16 05:09:39.218  o.s.b.w.e.t.GracefulShutdown - Graceful shutdown complete 
2025-10-16 05:09:39.238  o.s.o.j.LocalContainerEntityManagerFactoryBean - Closing JPA EntityManagerFactory for persistence unit 'default' 
2025-10-16 05:09:39.248  c.z.h.HikariDataSource - HikariPool-4 - Shutdown initiated... 
2025-10-16 05:09:39.251  c.z.h.HikariDataSource - HikariPool-4 - Shutdown completed. 
