2025-10-24 00:08:13.938  o.h.v.i.u.Version - HV000001: Hibernate Validator 8.0.2.Final 
2025-10-24 00:08:14.010  o.e.t.TamaApiApplication - Starting TamaApiApplication using Java 17 with PID 21900 (C:\Users\user2208\Desktop\port_folio\tama-api\build\classes\java\main started by user2208 in C:\Users\user2208\Desktop\port_folio\tama-api) 
2025-10-24 00:08:14.011  o.e.t.TamaApiApplication - The following 1 profile is active: "local" 
2025-10-24 00:08:14.079  o.s.b.d.e.DevToolsPropertyDefaultsPostProcessor - Devtools property defaults active! Set 'spring.devtools.add-properties' to 'false' to disable 
2025-10-24 00:08:14.079  o.s.b.d.e.DevToolsPropertyDefaultsPostProcessor - For additional web related logging consider setting the 'logging.level.web' property to 'DEBUG' 
2025-10-24 00:08:15.549  o.s.b.c.c.a.BatchRegistrar - Finished Spring Batch infrastructure beans configuration in 4 ms. 
2025-10-24 00:08:15.931  o.s.d.r.c.RepositoryConfigurationDelegate - Bootstrapping Spring Data JPA repositories in DEFAULT mode. 
2025-10-24 00:08:16.044  o.s.d.r.c.RepositoryConfigurationDelegate - Finished Spring Data repository scanning in 106 ms. Found 14 JPA repository interfaces. 
2025-10-24 00:08:16.988  o.s.b.w.e.t.TomcatWebServer - Tomcat initialized with port 5000 (http) 
2025-10-24 00:08:17.001  o.a.c.h.Http11NioProtocol - Initializing ProtocolHandler ["http-nio-5000"] 
2025-10-24 00:08:17.003  o.a.c.c.StandardService - Starting service [Tomcat] 
2025-10-24 00:08:17.003  o.a.c.c.StandardEngine - Starting Servlet engine: [Apache Tomcat/10.1.34] 
2025-10-24 00:08:17.083  o.a.c.c.C.[.[.[/] - Initializing Spring embedded WebApplicationContext 
2025-10-24 00:08:17.083  o.s.b.w.s.c.ServletWebServerApplicationContext - Root WebApplicationContext: initialization completed in 3003 ms 
2025-10-24 00:08:17.265  c.z.h.HikariDataSource - HikariPool-1 - Starting... 
2025-10-24 00:08:17.562  c.z.h.p.HikariPool - HikariPool-1 - Added connection com.mysql.cj.jdbc.ConnectionImpl@7a2e5b95 
2025-10-24 00:08:17.565  c.z.h.HikariDataSource - HikariPool-1 - Start completed. 
2025-10-24 00:08:17.676  o.h.j.i.u.LogHelper - HHH000204: Processing PersistenceUnitInfo [name: default] 
2025-10-24 00:08:17.738  o.h.Version - HHH000412: Hibernate ORM core version 6.2.0.CR2 
2025-10-24 00:08:17.740  o.h.c.Environment - HHH000406: Using bytecode reflection optimizer 
2025-10-24 00:08:17.890  o.h.b.i.BytecodeProviderInitiator - HHH000021: Bytecode provider name : bytebuddy 
2025-10-24 00:08:18.020  o.s.o.j.p.SpringPersistenceUnitInfo - No LoadTimeWeaver setup: ignoring JPA class transformer 
2025-10-24 00:08:18.088  SQL dialect - HHH000400: Using dialect: org.hibernate.dialect.MySQLDialect 
2025-10-24 00:08:18.354  o.h.b.i.BytecodeProviderInitiator - HHH000021: Bytecode provider name : bytebuddy 
2025-10-24 00:08:19.074  o.h.e.t.j.p.i.JtaPlatformInitiator - HHH000490: Using JtaPlatform implementation: [org.hibernate.engine.transaction.jta.platform.internal.NoJtaPlatform] 
2025-10-24 00:08:19.077  o.s.o.j.LocalContainerEntityManagerFactoryBean - Initialized JPA EntityManagerFactory for persistence unit 'default' 
2025-10-24 00:08:19.358  o.s.d.j.r.q.QueryEnhancerFactory - Hibernate is in classpath; If applicable, HQL parser will be used. 
2025-10-24 00:08:19.758  o.s.b.c.r.s.JobRepositoryFactoryBean - No database type set, using meta data indicating: MYSQL 
2025-10-24 00:08:21.112  p6spy - #1761232101112 | took 92ms | statement | connection 3| url jdbc:mysql://localhost:3306/tama?serverTimezone=Asia/Seoul&characterEncoding=UTF-8
select c2_0.item_id,c1_0.color_item_id,i1_0.name,i1_0.original_price,i1_0.now_price from order_item o1_0 join color_item_size_stock c1_0 on c1_0.color_item_size_stock_id=o1_0.color_item_size_stock_id join color_item c2_0 on c2_0.color_item_id=c1_0.color_item_id join item i1_0 on i1_0.item_id=c2_0.item_id group by c1_0.color_item_id order by sum(o1_0.count) desc limit ?,?
select c2_0.item_id,c1_0.color_item_id,i1_0.name,i1_0.original_price,i1_0.now_price from order_item o1_0 join color_item_size_stock c1_0 on c1_0.color_item_size_stock_id=o1_0.color_item_size_stock_id join color_item c2_0 on c2_0.color_item_id=c1_0.color_item_id join item i1_0 on i1_0.item_id=c2_0.item_id group by c1_0.color_item_id order by sum(o1_0.count) desc limit 0,10; 
2025-10-24 00:08:21.141  p6spy - #1761232101140 | took 1ms | statement | connection 3| url jdbc:mysql://localhost:3306/tama?serverTimezone=Asia/Seoul&characterEncoding=UTF-8
select c1_0.item_image_id,c1_0.color_item_id,c1_0.sequence,c1_0.original_file_name,c1_0.stored_file_name from color_item_image c1_0 where c1_0.color_item_id in(?,?,?,?,?,?,?,?,?,?) and c1_0.sequence=?
select c1_0.item_image_id,c1_0.color_item_id,c1_0.sequence,c1_0.original_file_name,c1_0.stored_file_name from color_item_image c1_0 where c1_0.color_item_id in(1,2,3,4,5,6,7,8,9,10) and c1_0.sequence=1; 
2025-10-24 00:08:21.194  p6spy - #1761232101194 | took 1ms | statement | connection 3| url jdbc:mysql://localhost:3306/tama?serverTimezone=Asia/Seoul&characterEncoding=UTF-8
select c1_0.color_item_id,cast(round(avg(r1_0.rating),1) as decimal(53,2)),count(c1_0.color_item_id) from review r1_0 join order_item o1_0 on o1_0.order_item_id=r1_0.order_item_id join color_item_size_stock c1_0 on c1_0.color_item_size_stock_id=o1_0.color_item_size_stock_id where o1_0.color_item_size_stock_id in(?,?,?,?,?,?,?,?,?,?) group by c1_0.color_item_id
select c1_0.color_item_id,cast(round(avg(r1_0.rating),1) as decimal(53,2)),count(c1_0.color_item_id) from review r1_0 join order_item o1_0 on o1_0.order_item_id=r1_0.order_item_id join color_item_size_stock c1_0 on c1_0.color_item_size_stock_id=o1_0.color_item_size_stock_id where o1_0.color_item_size_stock_id in(1,2,3,4,5,6,7,8,9,10) group by c1_0.color_item_id; 
2025-10-24 00:08:21.205  p6spy - #1761232101205 | took 0ms | statement | connection 3| url jdbc:mysql://localhost:3306/tama?serverTimezone=Asia/Seoul&characterEncoding=UTF-8
select c1_0.category_id,c2_0.parent_id,c2_0.category_id,c2_0.name,c1_0.name,c1_0.parent_id from category c1_0 left join category c2_0 on c1_0.category_id=c2_0.parent_id where c1_0.category_id=?
select c1_0.category_id,c2_0.parent_id,c2_0.category_id,c2_0.name,c1_0.name,c1_0.parent_id from category c1_0 left join category c2_0 on c1_0.category_id=c2_0.parent_id where c1_0.category_id=1; 
2025-10-24 00:08:21.222  p6spy - #1761232101222 | took 1ms | statement | connection 3| url jdbc:mysql://localhost:3306/tama?serverTimezone=Asia/Seoul&characterEncoding=UTF-8
select c2_0.item_id,c1_0.color_item_id,i1_0.name,i1_0.original_price,i1_0.now_price from order_item o1_0 join color_item_size_stock c1_0 on c1_0.color_item_size_stock_id=o1_0.color_item_size_stock_id join color_item c2_0 on c2_0.color_item_id=c1_0.color_item_id join item i1_0 on i1_0.item_id=c2_0.item_id where i1_0.category_id in(?,?,?,?) group by c1_0.color_item_id order by sum(o1_0.count) desc limit ?,?
select c2_0.item_id,c1_0.color_item_id,i1_0.name,i1_0.original_price,i1_0.now_price from order_item o1_0 join color_item_size_stock c1_0 on c1_0.color_item_size_stock_id=o1_0.color_item_size_stock_id join color_item c2_0 on c2_0.color_item_id=c1_0.color_item_id join item i1_0 on i1_0.item_id=c2_0.item_id where i1_0.category_id in(1,2,3,4) group by c1_0.color_item_id order by sum(o1_0.count) desc limit 0,10; 
2025-10-24 00:08:21.225  p6spy - #1761232101225 | took 0ms | statement | connection 3| url jdbc:mysql://localhost:3306/tama?serverTimezone=Asia/Seoul&characterEncoding=UTF-8
select c1_0.item_image_id,c1_0.color_item_id,c1_0.sequence,c1_0.original_file_name,c1_0.stored_file_name from color_item_image c1_0 where c1_0.color_item_id in(?) and c1_0.sequence=?
select c1_0.item_image_id,c1_0.color_item_id,c1_0.sequence,c1_0.original_file_name,c1_0.stored_file_name from color_item_image c1_0 where c1_0.color_item_id in(NULL) and c1_0.sequence=1; 
2025-10-24 00:08:21.226  p6spy - #1761232101226 | took 0ms | statement | connection 3| url jdbc:mysql://localhost:3306/tama?serverTimezone=Asia/Seoul&characterEncoding=UTF-8
select c1_0.color_item_id,cast(round(avg(r1_0.rating),1) as decimal(53,2)),count(c1_0.color_item_id) from review r1_0 join order_item o1_0 on o1_0.order_item_id=r1_0.order_item_id join color_item_size_stock c1_0 on c1_0.color_item_size_stock_id=o1_0.color_item_size_stock_id where 1=0 group by c1_0.color_item_id
select c1_0.color_item_id,cast(round(avg(r1_0.rating),1) as decimal(53,2)),count(c1_0.color_item_id) from review r1_0 join order_item o1_0 on o1_0.order_item_id=r1_0.order_item_id join color_item_size_stock c1_0 on c1_0.color_item_size_stock_id=o1_0.color_item_size_stock_id where 1=0 group by c1_0.color_item_id; 
2025-10-24 00:08:21.229  p6spy - #1761232101229 | took 0ms | statement | connection 3| url jdbc:mysql://localhost:3306/tama?serverTimezone=Asia/Seoul&characterEncoding=UTF-8
select c1_0.category_id,c2_0.parent_id,c2_0.category_id,c2_0.name,c1_0.name,c1_0.parent_id from category c1_0 left join category c2_0 on c1_0.category_id=c2_0.parent_id where c1_0.category_id=?
select c1_0.category_id,c2_0.parent_id,c2_0.category_id,c2_0.name,c1_0.name,c1_0.parent_id from category c1_0 left join category c2_0 on c1_0.category_id=c2_0.parent_id where c1_0.category_id=5; 
2025-10-24 00:08:21.232  p6spy - #1761232101232 | took 0ms | statement | connection 3| url jdbc:mysql://localhost:3306/tama?serverTimezone=Asia/Seoul&characterEncoding=UTF-8
select c2_0.item_id,c1_0.color_item_id,i1_0.name,i1_0.original_price,i1_0.now_price from order_item o1_0 join color_item_size_stock c1_0 on c1_0.color_item_size_stock_id=o1_0.color_item_size_stock_id join color_item c2_0 on c2_0.color_item_id=c1_0.color_item_id join item i1_0 on i1_0.item_id=c2_0.item_id where i1_0.category_id in(?,?,?,?,?,?) group by c1_0.color_item_id order by sum(o1_0.count) desc limit ?,?
select c2_0.item_id,c1_0.color_item_id,i1_0.name,i1_0.original_price,i1_0.now_price from order_item o1_0 join color_item_size_stock c1_0 on c1_0.color_item_size_stock_id=o1_0.color_item_size_stock_id join color_item c2_0 on c2_0.color_item_id=c1_0.color_item_id join item i1_0 on i1_0.item_id=c2_0.item_id where i1_0.category_id in(5,6,7,8,9,10) group by c1_0.color_item_id order by sum(o1_0.count) desc limit 0,10; 
2025-10-24 00:08:21.234  p6spy - #1761232101234 | took 0ms | statement | connection 3| url jdbc:mysql://localhost:3306/tama?serverTimezone=Asia/Seoul&characterEncoding=UTF-8
select c1_0.item_image_id,c1_0.color_item_id,c1_0.sequence,c1_0.original_file_name,c1_0.stored_file_name from color_item_image c1_0 where c1_0.color_item_id in(?) and c1_0.sequence=?
select c1_0.item_image_id,c1_0.color_item_id,c1_0.sequence,c1_0.original_file_name,c1_0.stored_file_name from color_item_image c1_0 where c1_0.color_item_id in(NULL) and c1_0.sequence=1; 
2025-10-24 00:08:21.235  p6spy - #1761232101235 | took 0ms | statement | connection 3| url jdbc:mysql://localhost:3306/tama?serverTimezone=Asia/Seoul&characterEncoding=UTF-8
select c1_0.color_item_id,cast(round(avg(r1_0.rating),1) as decimal(53,2)),count(c1_0.color_item_id) from review r1_0 join order_item o1_0 on o1_0.order_item_id=r1_0.order_item_id join color_item_size_stock c1_0 on c1_0.color_item_size_stock_id=o1_0.color_item_size_stock_id where 1=0 group by c1_0.color_item_id
select c1_0.color_item_id,cast(round(avg(r1_0.rating),1) as decimal(53,2)),count(c1_0.color_item_id) from review r1_0 join order_item o1_0 on o1_0.order_item_id=r1_0.order_item_id join color_item_size_stock c1_0 on c1_0.color_item_size_stock_id=o1_0.color_item_size_stock_id where 1=0 group by c1_0.color_item_id; 
2025-10-24 00:08:21.237  p6spy - #1761232101237 | took 0ms | statement | connection 3| url jdbc:mysql://localhost:3306/tama?serverTimezone=Asia/Seoul&characterEncoding=UTF-8
select c1_0.category_id,c2_0.parent_id,c2_0.category_id,c2_0.name,c1_0.name,c1_0.parent_id from category c1_0 left join category c2_0 on c1_0.category_id=c2_0.parent_id where c1_0.category_id=?
select c1_0.category_id,c2_0.parent_id,c2_0.category_id,c2_0.name,c1_0.name,c1_0.parent_id from category c1_0 left join category c2_0 on c1_0.category_id=c2_0.parent_id where c1_0.category_id=11; 
2025-10-24 00:08:21.312  p6spy - #1761232101312 | took 72ms | statement | connection 3| url jdbc:mysql://localhost:3306/tama?serverTimezone=Asia/Seoul&characterEncoding=UTF-8
select c2_0.item_id,c1_0.color_item_id,i1_0.name,i1_0.original_price,i1_0.now_price from order_item o1_0 join color_item_size_stock c1_0 on c1_0.color_item_size_stock_id=o1_0.color_item_size_stock_id join color_item c2_0 on c2_0.color_item_id=c1_0.color_item_id join item i1_0 on i1_0.item_id=c2_0.item_id where i1_0.category_id in(?,?,?,?,?) group by c1_0.color_item_id order by sum(o1_0.count) desc limit ?,?
select c2_0.item_id,c1_0.color_item_id,i1_0.name,i1_0.original_price,i1_0.now_price from order_item o1_0 join color_item_size_stock c1_0 on c1_0.color_item_size_stock_id=o1_0.color_item_size_stock_id join color_item c2_0 on c2_0.color_item_id=c1_0.color_item_id join item i1_0 on i1_0.item_id=c2_0.item_id where i1_0.category_id in(11,12,13,14,15) group by c1_0.color_item_id order by sum(o1_0.count) desc limit 0,10; 
2025-10-24 00:08:21.315  p6spy - #1761232101315 | took 0ms | statement | connection 3| url jdbc:mysql://localhost:3306/tama?serverTimezone=Asia/Seoul&characterEncoding=UTF-8
select c1_0.item_image_id,c1_0.color_item_id,c1_0.sequence,c1_0.original_file_name,c1_0.stored_file_name from color_item_image c1_0 where c1_0.color_item_id in(?,?,?,?,?,?,?,?,?,?) and c1_0.sequence=?
select c1_0.item_image_id,c1_0.color_item_id,c1_0.sequence,c1_0.original_file_name,c1_0.stored_file_name from color_item_image c1_0 where c1_0.color_item_id in(1,2,3,4,5,6,7,8,9,10) and c1_0.sequence=1; 
2025-10-24 00:08:21.319  p6spy - #1761232101319 | took 2ms | statement | connection 3| url jdbc:mysql://localhost:3306/tama?serverTimezone=Asia/Seoul&characterEncoding=UTF-8
select c1_0.color_item_id,cast(round(avg(r1_0.rating),1) as decimal(53,2)),count(c1_0.color_item_id) from review r1_0 join order_item o1_0 on o1_0.order_item_id=r1_0.order_item_id join color_item_size_stock c1_0 on c1_0.color_item_size_stock_id=o1_0.color_item_size_stock_id where o1_0.color_item_size_stock_id in(?,?,?,?,?,?,?,?,?,?) group by c1_0.color_item_id
select c1_0.color_item_id,cast(round(avg(r1_0.rating),1) as decimal(53,2)),count(c1_0.color_item_id) from review r1_0 join order_item o1_0 on o1_0.order_item_id=r1_0.order_item_id join color_item_size_stock c1_0 on c1_0.color_item_size_stock_id=o1_0.color_item_size_stock_id where o1_0.color_item_size_stock_id in(1,2,3,4,5,6,7,8,9,10) group by c1_0.color_item_id; 
2025-10-24 00:08:21.322  p6spy - #1761232101322 | took 0ms | commit | connection 3| url jdbc:mysql://localhost:3306/tama?serverTimezone=Asia/Seoul&characterEncoding=UTF-8

; 
2025-10-24 00:08:21.337  o.s.b.c.l.s.TaskExecutorJobLauncher - No TaskExecutor has been set, defaulting to synchronous executor. 
2025-10-24 00:08:21.390  o.s.b.c.c.a.BatchObservabilityBeanPostProcessor - No Micrometer observation registry found, defaulting to ObservationRegistry.NOOP 
2025-10-24 00:08:21.399  o.s.b.c.c.a.BatchObservabilityBeanPostProcessor - No Micrometer observation registry found, defaulting to ObservationRegistry.NOOP 
2025-10-24 00:08:22.229  o.s.b.a.h.H2ConsoleAutoConfiguration - H2 console available at '/h2-console'. Database available at 'jdbc:mysql://localhost:3306/tama?serverTimezone=Asia/Seoul&characterEncoding=UTF-8' 
2025-10-24 00:08:22.336  o.s.b.d.a.OptionalLiveReloadServer - LiveReload server is running on port 35729 
2025-10-24 00:08:22.362  o.a.c.h.Http11NioProtocol - Starting ProtocolHandler ["http-nio-5000"] 
2025-10-24 00:08:22.376  o.s.b.w.e.t.TomcatWebServer - Tomcat started on port 5000 (http) with context path '/' 
2025-10-24 00:08:22.386  o.e.t.TamaApiApplication - Started TamaApiApplication in 8.915 seconds (process running for 9.645) 
2025-10-24 00:09:07.332  o.a.c.c.C.[.[.[/] - Initializing Spring DispatcherServlet 'dispatcherServlet' 
2025-10-24 00:09:07.332  o.s.w.s.DispatcherServlet - Initializing Servlet 'dispatcherServlet' 
2025-10-24 00:09:07.334  o.s.w.s.DispatcherServlet - Completed initialization in 2 ms 
2025-10-24 00:09:07.409  p6spy - #1761232147409 | took 0ms | statement | connection 6| url jdbc:mysql://localhost:3306/tama?serverTimezone=Asia/Seoul&characterEncoding=UTF-8
select c1_0.category_id,c2_0.parent_id,c2_0.category_id,c2_0.name,c1_0.name,c1_0.parent_id from category c1_0 join category c2_0 on c1_0.category_id=c2_0.parent_id where c1_0.parent_id is null
select c1_0.category_id,c2_0.parent_id,c2_0.category_id,c2_0.name,c1_0.name,c1_0.parent_id from category c1_0 join category c2_0 on c1_0.category_id=c2_0.parent_id where c1_0.parent_id is null; 
2025-10-24 00:09:07.410  p6spy - #1761232147410 | took 1ms | statement | connection 7| url jdbc:mysql://localhost:3306/tama?serverTimezone=Asia/Seoul&characterEncoding=UTF-8
select c1_0.category_id,c1_0.name,c1_0.parent_id from category c1_0 where c1_0.parent_id is null
select c1_0.category_id,c1_0.name,c1_0.parent_id from category c1_0 where c1_0.parent_id is null; 
2025-10-24 00:09:07.410  p6spy - #1761232147410 | took 1ms | statement | connection 5| url jdbc:mysql://localhost:3306/tama?serverTimezone=Asia/Seoul&characterEncoding=UTF-8
select c1_0.category_id,c2_0.parent_id,c2_0.category_id,c2_0.name,c1_0.name,c1_0.parent_id from category c1_0 join category c2_0 on c1_0.category_id=c2_0.parent_id where c1_0.parent_id is null
select c1_0.category_id,c2_0.parent_id,c2_0.category_id,c2_0.name,c1_0.name,c1_0.parent_id from category c1_0 join category c2_0 on c1_0.category_id=c2_0.parent_id where c1_0.parent_id is null; 
2025-10-24 00:09:09.997  p6spy - #1761232149997 | took 0ms | statement | connection 8| url jdbc:mysql://localhost:3306/tama?serverTimezone=Asia/Seoul&characterEncoding=UTF-8
select c1_0.color_item_id,c2_0.color_id,c2_0.hex_code,c2_0.name,c2_0.parent_id,c4_0.color_item_id,c4_0.color_item_size_stock_id,c4_0.size,c4_0.stock,c1_0.created_at,i1_0.item_id,c3_0.category_id,c3_0.name,c3_0.parent_id,i1_0.country_of_manufacture,i1_0.created_at,i1_0.date_of_manufacture,i1_0.description,i1_0.gender,i1_0.manufacturer,i1_0.name,i1_0.now_price,i1_0.original_price,i1_0.precaution,i1_0.textile,i1_0.updated_at,i1_0.year_season,c1_0.updated_at from color_item c1_0 join color c2_0 on c2_0.color_id=c1_0.color_id join item i1_0 on i1_0.item_id=c1_0.item_id join category c3_0 on c3_0.category_id=i1_0.category_id join color_item_size_stock c4_0 on c1_0.color_item_id=c4_0.color_item_id where c1_0.color_item_id=?
select c1_0.color_item_id,c2_0.color_id,c2_0.hex_code,c2_0.name,c2_0.parent_id,c4_0.color_item_id,c4_0.color_item_size_stock_id,c4_0.size,c4_0.stock,c1_0.created_at,i1_0.item_id,c3_0.category_id,c3_0.name,c3_0.parent_id,i1_0.country_of_manufacture,i1_0.created_at,i1_0.date_of_manufacture,i1_0.description,i1_0.gender,i1_0.manufacturer,i1_0.name,i1_0.now_price,i1_0.original_price,i1_0.precaution,i1_0.textile,i1_0.updated_at,i1_0.year_season,c1_0.updated_at from color_item c1_0 join color c2_0 on c2_0.color_id=c1_0.color_id join item i1_0 on i1_0.item_id=c1_0.item_id join category c3_0 on c3_0.category_id=i1_0.category_id join color_item_size_stock c4_0 on c1_0.color_item_id=c4_0.color_item_id where c1_0.color_item_id=1; 
2025-10-24 00:09:10.001  p6spy - #1761232150001 | took 0ms | statement | connection 9| url jdbc:mysql://localhost:3306/tama?serverTimezone=Asia/Seoul&characterEncoding=UTF-8
select c1_0.item_image_id,c1_0.color_item_id,c1_0.sequence,c1_0.original_file_name,c1_0.stored_file_name from color_item_image c1_0 where c1_0.color_item_id=?
select c1_0.item_image_id,c1_0.color_item_id,c1_0.sequence,c1_0.original_file_name,c1_0.stored_file_name from color_item_image c1_0 where c1_0.color_item_id=1; 
2025-10-24 00:09:10.004  p6spy - #1761232150004 | took 0ms | statement | connection 10| url jdbc:mysql://localhost:3306/tama?serverTimezone=Asia/Seoul&characterEncoding=UTF-8
select c1_0.color_item_id,c2_0.color_id,c2_0.hex_code,c2_0.name,c2_0.parent_id,c3_0.color_item_id,c3_0.color_item_size_stock_id,c3_0.size,c3_0.stock,c1_0.created_at,c1_0.item_id,c1_0.updated_at from color_item c1_0 join color c2_0 on c2_0.color_id=c1_0.color_id join color_item_size_stock c3_0 on c1_0.color_item_id=c3_0.color_item_id where c1_0.item_id=?
select c1_0.color_item_id,c2_0.color_id,c2_0.hex_code,c2_0.name,c2_0.parent_id,c3_0.color_item_id,c3_0.color_item_size_stock_id,c3_0.size,c3_0.stock,c1_0.created_at,c1_0.item_id,c1_0.updated_at from color_item c1_0 join color c2_0 on c2_0.color_id=c1_0.color_id join color_item_size_stock c3_0 on c1_0.color_item_id=c3_0.color_item_id where c1_0.item_id=1; 
2025-10-24 00:09:10.006  p6spy - #1761232150006 | took 0ms | statement | connection 11| url jdbc:mysql://localhost:3306/tama?serverTimezone=Asia/Seoul&characterEncoding=UTF-8
select c1_0.item_image_id,c1_0.color_item_id,c1_0.sequence,c1_0.original_file_name,c1_0.stored_file_name from color_item_image c1_0 where c1_0.color_item_id in(?,?) and c1_0.sequence=?
select c1_0.item_image_id,c1_0.color_item_id,c1_0.sequence,c1_0.original_file_name,c1_0.stored_file_name from color_item_image c1_0 where c1_0.color_item_id in(1,2) and c1_0.sequence=1; 
2025-10-24 00:09:10.400  p6spy - #1761232150400 | took 1ms | statement | connection 12| url jdbc:mysql://localhost:3306/tama?serverTimezone=Asia/Seoul&characterEncoding=UTF-8
select round(avg(r1_0.rating),1) from review r1_0 join order_item o1_0 on o1_0.order_item_id=r1_0.order_item_id join color_item_size_stock c1_0 on c1_0.color_item_size_stock_id=o1_0.color_item_size_stock_id join color_item c2_0 on c2_0.color_item_id=c1_0.color_item_id where c1_0.color_item_id=?
select round(avg(r1_0.rating),1) from review r1_0 join order_item o1_0 on o1_0.order_item_id=r1_0.order_item_id join color_item_size_stock c1_0 on c1_0.color_item_size_stock_id=o1_0.color_item_size_stock_id join color_item c2_0 on c2_0.color_item_id=c1_0.color_item_id where c1_0.color_item_id=1; 
2025-10-24 00:09:10.408  p6spy - #1761232150408 | took 1ms | statement | connection 13| url jdbc:mysql://localhost:3306/tama?serverTimezone=Asia/Seoul&characterEncoding=UTF-8
select r1_0.review_id,r1_0.comment,r1_0.created_at,r1_0.height,m1_0.member_id,m1_0.authority,m1_0.created_at,m1_0.email,m1_0.gender,m1_0.height,m1_0.nickname,m1_0.password,m1_0.phone,m1_0.point,m1_0.provider,m1_0.updated_at,m1_0.weight,o1_0.order_item_id,c1_0.color_item_size_stock_id,c2_0.color_item_id,c3_0.color_id,c3_0.hex_code,c3_0.name,c3_0.parent_id,c2_0.created_at,c2_0.item_id,c2_0.updated_at,c1_0.size,c1_0.stock,o1_0.count,o1_0.order_id,o1_0.order_price,r1_0.rating,r1_0.updated_at,r1_0.weight from review r1_0 join member m1_0 on m1_0.member_id=r1_0.member_id join order_item o1_0 on o1_0.order_item_id=r1_0.order_item_id join color_item_size_stock c1_0 on c1_0.color_item_size_stock_id=o1_0.color_item_size_stock_id join color_item c2_0 on c2_0.color_item_id=c1_0.color_item_id join color c3_0 on c3_0.color_id=c2_0.color_id where c1_0.color_item_id=? order by r1_0.created_at desc,r1_0.review_id desc limit ?
select r1_0.review_id,r1_0.comment,r1_0.created_at,r1_0.height,m1_0.member_id,m1_0.authority,m1_0.created_at,m1_0.email,m1_0.gender,m1_0.height,m1_0.nickname,m1_0.password,m1_0.phone,m1_0.point,m1_0.provider,m1_0.updated_at,m1_0.weight,o1_0.order_item_id,c1_0.color_item_size_stock_id,c2_0.color_item_id,c3_0.color_id,c3_0.hex_code,c3_0.name,c3_0.parent_id,c2_0.created_at,c2_0.item_id,c2_0.updated_at,c1_0.size,c1_0.stock,o1_0.count,o1_0.order_id,o1_0.order_price,r1_0.rating,r1_0.updated_at,r1_0.weight from review r1_0 join member m1_0 on m1_0.member_id=r1_0.member_id join order_item o1_0 on o1_0.order_item_id=r1_0.order_item_id join color_item_size_stock c1_0 on c1_0.color_item_size_stock_id=o1_0.color_item_size_stock_id join color_item c2_0 on c2_0.color_item_id=c1_0.color_item_id join color c3_0 on c3_0.color_id=c2_0.color_id where c1_0.color_item_id=1 order by r1_0.created_at desc,r1_0.review_id desc limit 10; 
2025-10-24 00:09:11.647  p6spy - #1761232151647 | took 0ms | statement | connection 14| url jdbc:mysql://localhost:3306/tama?serverTimezone=Asia/Seoul&characterEncoding=UTF-8
select c1_0.color_item_size_stock_id,c2_0.color_item_id,c3_0.color_id,c3_0.hex_code,c3_0.name,c3_0.parent_id,c2_0.created_at,i1_0.item_id,i1_0.category_id,i1_0.country_of_manufacture,i1_0.created_at,i1_0.date_of_manufacture,i1_0.description,i1_0.gender,i1_0.manufacturer,i1_0.name,i1_0.now_price,i1_0.original_price,i1_0.precaution,i1_0.textile,i1_0.updated_at,i1_0.year_season,c2_0.updated_at,c1_0.size,c1_0.stock from color_item_size_stock c1_0 join color_item c2_0 on c2_0.color_item_id=c1_0.color_item_id join color c3_0 on c3_0.color_id=c2_0.color_id join item i1_0 on i1_0.item_id=c2_0.item_id where c1_0.color_item_size_stock_id in(?)
select c1_0.color_item_size_stock_id,c2_0.color_item_id,c3_0.color_id,c3_0.hex_code,c3_0.name,c3_0.parent_id,c2_0.created_at,i1_0.item_id,i1_0.category_id,i1_0.country_of_manufacture,i1_0.created_at,i1_0.date_of_manufacture,i1_0.description,i1_0.gender,i1_0.manufacturer,i1_0.name,i1_0.now_price,i1_0.original_price,i1_0.precaution,i1_0.textile,i1_0.updated_at,i1_0.year_season,c2_0.updated_at,c1_0.size,c1_0.stock from color_item_size_stock c1_0 join color_item c2_0 on c2_0.color_item_id=c1_0.color_item_id join color c3_0 on c3_0.color_id=c2_0.color_id join item i1_0 on i1_0.item_id=c2_0.item_id where c1_0.color_item_size_stock_id in(1); 
2025-10-24 00:09:11.650  p6spy - #1761232151650 | took 0ms | statement | connection 15| url jdbc:mysql://localhost:3306/tama?serverTimezone=Asia/Seoul&characterEncoding=UTF-8
select c1_0.item_image_id,c1_0.color_item_id,c1_0.sequence,c1_0.original_file_name,c1_0.stored_file_name from color_item_image c1_0 where c1_0.color_item_id in(?) and c1_0.sequence=?
select c1_0.item_image_id,c1_0.color_item_id,c1_0.sequence,c1_0.original_file_name,c1_0.stored_file_name from color_item_image c1_0 where c1_0.color_item_id in(1) and c1_0.sequence=1; 
2025-10-24 00:09:11.686  p6spy - #1761232151686 | took 0ms | statement | connection 17| url jdbc:mysql://localhost:3306/tama?serverTimezone=Asia/Seoul&characterEncoding=UTF-8
select m1_0.member_id,a1_0.member_id,a1_0.delivery_address_id,a1_0.created_at,a1_0.detail,a1_0.is_default,a1_0.name,a1_0.receiver_nick_name,a1_0.receiver_phone,a1_0.street,a1_0.updated_at,a1_0.zip_code,m1_0.authority,m1_0.created_at,m1_0.email,m1_0.gender,m1_0.height,m1_0.nickname,m1_0.password,m1_0.phone,m1_0.point,m1_0.provider,m1_0.updated_at,m1_0.weight from member m1_0 join member_address a1_0 on m1_0.member_id=a1_0.member_id where m1_0.member_id=?
select m1_0.member_id,a1_0.member_id,a1_0.delivery_address_id,a1_0.created_at,a1_0.detail,a1_0.is_default,a1_0.name,a1_0.receiver_nick_name,a1_0.receiver_phone,a1_0.street,a1_0.updated_at,a1_0.zip_code,m1_0.authority,m1_0.created_at,m1_0.email,m1_0.gender,m1_0.height,m1_0.nickname,m1_0.password,m1_0.phone,m1_0.point,m1_0.provider,m1_0.updated_at,m1_0.weight from member m1_0 join member_address a1_0 on m1_0.member_id=a1_0.member_id where m1_0.member_id=3; 
2025-10-24 00:09:11.687  p6spy - #1761232151687 | took 1ms | statement | connection 16| url jdbc:mysql://localhost:3306/tama?serverTimezone=Asia/Seoul&characterEncoding=UTF-8
select m1_0.member_coupon_id,c1_0.coupon_id,c1_0.created_at,c1_0.discount_value,c1_0.expires_at,c1_0.type,c1_0.updated_at,m1_0.created_at,m1_0.is_used,m1_0.member_id,m1_0.updated_at from member_coupon m1_0 join coupon c1_0 on c1_0.coupon_id=m1_0.coupon_id where m1_0.member_id=? and m1_0.is_used=0 and c1_0.expires_at>=now()
select m1_0.member_coupon_id,c1_0.coupon_id,c1_0.created_at,c1_0.discount_value,c1_0.expires_at,c1_0.type,c1_0.updated_at,m1_0.created_at,m1_0.is_used,m1_0.member_id,m1_0.updated_at from member_coupon m1_0 join coupon c1_0 on c1_0.coupon_id=m1_0.coupon_id where m1_0.member_id=3 and m1_0.is_used=0 and c1_0.expires_at>=now(); 
2025-10-24 00:09:12.090  p6spy - #1761232152090 | took 0ms | statement | connection 18| url jdbc:mysql://localhost:3306/tama?serverTimezone=Asia/Seoul&characterEncoding=UTF-8
select round(avg(r1_0.rating),1) from review r1_0 join order_item o1_0 on o1_0.order_item_id=r1_0.order_item_id join color_item_size_stock c1_0 on c1_0.color_item_size_stock_id=o1_0.color_item_size_stock_id join color_item c2_0 on c2_0.color_item_id=c1_0.color_item_id where c1_0.color_item_id=?
select round(avg(r1_0.rating),1) from review r1_0 join order_item o1_0 on o1_0.order_item_id=r1_0.order_item_id join color_item_size_stock c1_0 on c1_0.color_item_size_stock_id=o1_0.color_item_size_stock_id join color_item c2_0 on c2_0.color_item_id=c1_0.color_item_id where c1_0.color_item_id=1; 
2025-10-24 00:09:12.092  p6spy - #1761232152092 | took 1ms | statement | connection 19| url jdbc:mysql://localhost:3306/tama?serverTimezone=Asia/Seoul&characterEncoding=UTF-8
select r1_0.review_id,r1_0.comment,r1_0.created_at,r1_0.height,m1_0.member_id,m1_0.authority,m1_0.created_at,m1_0.email,m1_0.gender,m1_0.height,m1_0.nickname,m1_0.password,m1_0.phone,m1_0.point,m1_0.provider,m1_0.updated_at,m1_0.weight,o1_0.order_item_id,c1_0.color_item_size_stock_id,c2_0.color_item_id,c3_0.color_id,c3_0.hex_code,c3_0.name,c3_0.parent_id,c2_0.created_at,c2_0.item_id,c2_0.updated_at,c1_0.size,c1_0.stock,o1_0.count,o1_0.order_id,o1_0.order_price,r1_0.rating,r1_0.updated_at,r1_0.weight from review r1_0 join member m1_0 on m1_0.member_id=r1_0.member_id join order_item o1_0 on o1_0.order_item_id=r1_0.order_item_id join color_item_size_stock c1_0 on c1_0.color_item_size_stock_id=o1_0.color_item_size_stock_id join color_item c2_0 on c2_0.color_item_id=c1_0.color_item_id join color c3_0 on c3_0.color_id=c2_0.color_id where c1_0.color_item_id=? order by r1_0.created_at desc,r1_0.review_id desc limit ?
select r1_0.review_id,r1_0.comment,r1_0.created_at,r1_0.height,m1_0.member_id,m1_0.authority,m1_0.created_at,m1_0.email,m1_0.gender,m1_0.height,m1_0.nickname,m1_0.password,m1_0.phone,m1_0.point,m1_0.provider,m1_0.updated_at,m1_0.weight,o1_0.order_item_id,c1_0.color_item_size_stock_id,c2_0.color_item_id,c3_0.color_id,c3_0.hex_code,c3_0.name,c3_0.parent_id,c2_0.created_at,c2_0.item_id,c2_0.updated_at,c1_0.size,c1_0.stock,o1_0.count,o1_0.order_id,o1_0.order_price,r1_0.rating,r1_0.updated_at,r1_0.weight from review r1_0 join member m1_0 on m1_0.member_id=r1_0.member_id join order_item o1_0 on o1_0.order_item_id=r1_0.order_item_id join color_item_size_stock c1_0 on c1_0.color_item_size_stock_id=o1_0.color_item_size_stock_id join color_item c2_0 on c2_0.color_item_id=c1_0.color_item_id join color c3_0 on c3_0.color_id=c2_0.color_id where c1_0.color_item_id=1 order by r1_0.created_at desc,r1_0.review_id desc limit 10; 
2025-10-24 00:09:13.857  p6spy - #1761232153857 | took 0ms | statement | connection 20| url jdbc:mysql://localhost:3306/tama?serverTimezone=Asia/Seoul&characterEncoding=UTF-8
select m1_0.member_coupon_id,c1_0.coupon_id,c1_0.created_at,c1_0.discount_value,c1_0.expires_at,c1_0.type,c1_0.updated_at,m1_0.created_at,m1_0.is_used,m1_0.member_id,m1_0.updated_at from member_coupon m1_0 join coupon c1_0 on c1_0.coupon_id=m1_0.coupon_id where m1_0.member_id=? and m1_0.is_used=0 and c1_0.expires_at>=now()
select m1_0.member_coupon_id,c1_0.coupon_id,c1_0.created_at,c1_0.discount_value,c1_0.expires_at,c1_0.type,c1_0.updated_at,m1_0.created_at,m1_0.is_used,m1_0.member_id,m1_0.updated_at from member_coupon m1_0 join coupon c1_0 on c1_0.coupon_id=m1_0.coupon_id where m1_0.member_id=3 and m1_0.is_used=0 and c1_0.expires_at>=now(); 
2025-10-24 00:09:13.858  p6spy - #1761232153858 | took 1ms | statement | connection 21| url jdbc:mysql://localhost:3306/tama?serverTimezone=Asia/Seoul&characterEncoding=UTF-8
select m1_0.member_id,a1_0.member_id,a1_0.delivery_address_id,a1_0.created_at,a1_0.detail,a1_0.is_default,a1_0.name,a1_0.receiver_nick_name,a1_0.receiver_phone,a1_0.street,a1_0.updated_at,a1_0.zip_code,m1_0.authority,m1_0.created_at,m1_0.email,m1_0.gender,m1_0.height,m1_0.nickname,m1_0.password,m1_0.phone,m1_0.point,m1_0.provider,m1_0.updated_at,m1_0.weight from member m1_0 join member_address a1_0 on m1_0.member_id=a1_0.member_id where m1_0.member_id=?
select m1_0.member_id,a1_0.member_id,a1_0.delivery_address_id,a1_0.created_at,a1_0.detail,a1_0.is_default,a1_0.name,a1_0.receiver_nick_name,a1_0.receiver_phone,a1_0.street,a1_0.updated_at,a1_0.zip_code,m1_0.authority,m1_0.created_at,m1_0.email,m1_0.gender,m1_0.height,m1_0.nickname,m1_0.password,m1_0.phone,m1_0.point,m1_0.provider,m1_0.updated_at,m1_0.weight from member m1_0 join member_address a1_0 on m1_0.member_id=a1_0.member_id where m1_0.member_id=3; 
2025-10-24 00:09:13.858  p6spy - #1761232153858 | took 1ms | statement | connection 22| url jdbc:mysql://localhost:3306/tama?serverTimezone=Asia/Seoul&characterEncoding=UTF-8
select c1_0.color_item_size_stock_id,c2_0.color_item_id,c3_0.color_id,c3_0.hex_code,c3_0.name,c3_0.parent_id,c2_0.created_at,i1_0.item_id,i1_0.category_id,i1_0.country_of_manufacture,i1_0.created_at,i1_0.date_of_manufacture,i1_0.description,i1_0.gender,i1_0.manufacturer,i1_0.name,i1_0.now_price,i1_0.original_price,i1_0.precaution,i1_0.textile,i1_0.updated_at,i1_0.year_season,c2_0.updated_at,c1_0.size,c1_0.stock from color_item_size_stock c1_0 join color_item c2_0 on c2_0.color_item_id=c1_0.color_item_id join color c3_0 on c3_0.color_id=c2_0.color_id join item i1_0 on i1_0.item_id=c2_0.item_id where c1_0.color_item_size_stock_id in(?)
select c1_0.color_item_size_stock_id,c2_0.color_item_id,c3_0.color_id,c3_0.hex_code,c3_0.name,c3_0.parent_id,c2_0.created_at,i1_0.item_id,i1_0.category_id,i1_0.country_of_manufacture,i1_0.created_at,i1_0.date_of_manufacture,i1_0.description,i1_0.gender,i1_0.manufacturer,i1_0.name,i1_0.now_price,i1_0.original_price,i1_0.precaution,i1_0.textile,i1_0.updated_at,i1_0.year_season,c2_0.updated_at,c1_0.size,c1_0.stock from color_item_size_stock c1_0 join color_item c2_0 on c2_0.color_item_id=c1_0.color_item_id join color c3_0 on c3_0.color_id=c2_0.color_id join item i1_0 on i1_0.item_id=c2_0.item_id where c1_0.color_item_size_stock_id in(1); 
2025-10-24 00:09:13.862  p6spy - #1761232153862 | took 1ms | statement | connection 23| url jdbc:mysql://localhost:3306/tama?serverTimezone=Asia/Seoul&characterEncoding=UTF-8
select c1_0.item_image_id,c1_0.color_item_id,c1_0.sequence,c1_0.original_file_name,c1_0.stored_file_name from color_item_image c1_0 where c1_0.color_item_id in(?) and c1_0.sequence=?
select c1_0.item_image_id,c1_0.color_item_id,c1_0.sequence,c1_0.original_file_name,c1_0.stored_file_name from color_item_image c1_0 where c1_0.color_item_id in(1) and c1_0.sequence=1; 
2025-10-24 00:13:41.886  p6spy - #1761232421886 | took 18ms | statement | connection 24| url jdbc:mysql://localhost:3306/tama?serverTimezone=Asia/Seoul&characterEncoding=UTF-8
select o1_0.order_id,o1_0.created_at,o1_0.delivery_id,o1_0.guest_email,o1_0.guest_nickname,o1_0.member_id,o1_0.member_coupon_id,o1_0.payment_id,o1_0.shipping_fee,o1_0.status,o1_0.updated_at,o1_0.used_coupon_price,o1_0.used_point from orders o1_0 where o1_0.payment_id=?
select o1_0.order_id,o1_0.created_at,o1_0.delivery_id,o1_0.guest_email,o1_0.guest_nickname,o1_0.member_id,o1_0.member_coupon_id,o1_0.payment_id,o1_0.shipping_fee,o1_0.status,o1_0.updated_at,o1_0.used_coupon_price,o1_0.used_point from orders o1_0 where o1_0.payment_id='payment-741c4693-92ec-4757-b76c-f4bc77157435'; 
2025-10-24 00:13:41.889  p6spy - #1761232421889 | took 0ms | statement | connection 24| url jdbc:mysql://localhost:3306/tama?serverTimezone=Asia/Seoul&characterEncoding=UTF-8
select c1_0.color_item_size_stock_id,c2_0.color_item_id,c3_0.color_id,c3_0.hex_code,c3_0.name,c3_0.parent_id,c2_0.created_at,i1_0.item_id,i1_0.category_id,i1_0.country_of_manufacture,i1_0.created_at,i1_0.date_of_manufacture,i1_0.description,i1_0.gender,i1_0.manufacturer,i1_0.name,i1_0.now_price,i1_0.original_price,i1_0.precaution,i1_0.textile,i1_0.updated_at,i1_0.year_season,c2_0.updated_at,c1_0.size,c1_0.stock from color_item_size_stock c1_0 join color_item c2_0 on c2_0.color_item_id=c1_0.color_item_id join color c3_0 on c3_0.color_id=c2_0.color_id join item i1_0 on i1_0.item_id=c2_0.item_id where c1_0.color_item_size_stock_id in(?)
select c1_0.color_item_size_stock_id,c2_0.color_item_id,c3_0.color_id,c3_0.hex_code,c3_0.name,c3_0.parent_id,c2_0.created_at,i1_0.item_id,i1_0.category_id,i1_0.country_of_manufacture,i1_0.created_at,i1_0.date_of_manufacture,i1_0.description,i1_0.gender,i1_0.manufacturer,i1_0.name,i1_0.now_price,i1_0.original_price,i1_0.precaution,i1_0.textile,i1_0.updated_at,i1_0.year_season,c2_0.updated_at,c1_0.size,c1_0.stock from color_item_size_stock c1_0 join color_item c2_0 on c2_0.color_item_id=c1_0.color_item_id join color c3_0 on c3_0.color_id=c2_0.color_id join item i1_0 on i1_0.item_id=c2_0.item_id where c1_0.color_item_size_stock_id in(1); 
2025-10-24 00:13:41.897  p6spy - #1761232421897 | took 0ms | statement | connection 24| url jdbc:mysql://localhost:3306/tama?serverTimezone=Asia/Seoul&characterEncoding=UTF-8
select m1_0.member_id,m1_0.authority,m1_0.created_at,m1_0.email,m1_0.gender,m1_0.height,m1_0.nickname,m1_0.password,m1_0.phone,m1_0.point,m1_0.provider,m1_0.updated_at,m1_0.weight from member m1_0 where m1_0.member_id=?
select m1_0.member_id,m1_0.authority,m1_0.created_at,m1_0.email,m1_0.gender,m1_0.height,m1_0.nickname,m1_0.password,m1_0.phone,m1_0.point,m1_0.provider,m1_0.updated_at,m1_0.weight from member m1_0 where m1_0.member_id=3; 
2025-10-24 00:13:41.898  p6spy - #1761232421898 | took 0ms | commit | connection 24| url jdbc:mysql://localhost:3306/tama?serverTimezone=Asia/Seoul&characterEncoding=UTF-8

; 
2025-10-24 00:13:41.900  p6spy - #1761232421900 | took 0ms | statement | connection 25| url jdbc:mysql://localhost:3306/tama?serverTimezone=Asia/Seoul&characterEncoding=UTF-8
select m1_0.member_id,m1_0.authority,m1_0.created_at,m1_0.email,m1_0.gender,m1_0.height,m1_0.nickname,m1_0.password,m1_0.phone,m1_0.point,m1_0.provider,m1_0.updated_at,m1_0.weight from member m1_0 where m1_0.member_id=?
select m1_0.member_id,m1_0.authority,m1_0.created_at,m1_0.email,m1_0.gender,m1_0.height,m1_0.nickname,m1_0.password,m1_0.phone,m1_0.point,m1_0.provider,m1_0.updated_at,m1_0.weight from member m1_0 where m1_0.member_id=3; 
2025-10-24 00:13:41.902  p6spy - #1761232421902 | took 0ms | statement | connection 25| url jdbc:mysql://localhost:3306/tama?serverTimezone=Asia/Seoul&characterEncoding=UTF-8
select c1_0.color_item_size_stock_id,c2_0.color_item_id,c3_0.color_id,c3_0.hex_code,c3_0.name,c3_0.parent_id,c2_0.created_at,i1_0.item_id,i1_0.category_id,i1_0.country_of_manufacture,i1_0.created_at,i1_0.date_of_manufacture,i1_0.description,i1_0.gender,i1_0.manufacturer,i1_0.name,i1_0.now_price,i1_0.original_price,i1_0.precaution,i1_0.textile,i1_0.updated_at,i1_0.year_season,c2_0.updated_at,c1_0.size,c1_0.stock from color_item_size_stock c1_0 join color_item c2_0 on c2_0.color_item_id=c1_0.color_item_id join color c3_0 on c3_0.color_id=c2_0.color_id join item i1_0 on i1_0.item_id=c2_0.item_id where c1_0.color_item_size_stock_id in(?)
select c1_0.color_item_size_stock_id,c2_0.color_item_id,c3_0.color_id,c3_0.hex_code,c3_0.name,c3_0.parent_id,c2_0.created_at,i1_0.item_id,i1_0.category_id,i1_0.country_of_manufacture,i1_0.created_at,i1_0.date_of_manufacture,i1_0.description,i1_0.gender,i1_0.manufacturer,i1_0.name,i1_0.now_price,i1_0.original_price,i1_0.precaution,i1_0.textile,i1_0.updated_at,i1_0.year_season,c2_0.updated_at,c1_0.size,c1_0.stock from color_item_size_stock c1_0 join color_item c2_0 on c2_0.color_item_id=c1_0.color_item_id join color c3_0 on c3_0.color_id=c2_0.color_id join item i1_0 on i1_0.item_id=c2_0.item_id where c1_0.color_item_size_stock_id in(1); 
2025-10-24 00:13:41.917  p6spy - #1761232421917 | took 1ms | statement | connection 25| url jdbc:mysql://localhost:3306/tama?serverTimezone=Asia/Seoul&characterEncoding=UTF-8
update color_item_size_stock set stock=(stock-?) where color_item_size_stock_id=? and stock>=?
update color_item_size_stock set stock=(stock-1) where color_item_size_stock_id=1 and stock>=1; 
2025-10-24 00:13:41.944  p6spy - #1761232421944 | took 3ms | statement | connection 25| url jdbc:mysql://localhost:3306/tama?serverTimezone=Asia/Seoul&characterEncoding=UTF-8
insert into delivery (created_at,detail,message,receiver_nickname,receiver_phone,street,updated_at,zip_code) values (?,?,?,?,?,?,?,?)
insert into delivery (created_at,detail,message,receiver_nickname,receiver_phone,street,updated_at,zip_code) values ('2025-10-24T00:13:41.929+0900','행복 빌라 101호','배송 전에 미리 연락 바랍니다.','박유빈','01011111113','인천 강화군 강화읍 관청리 89-1','2025-10-24T00:13:41.929+0900','23036'); 
2025-10-24 00:13:41.954  p6spy - #1761232421954 | took 0ms | statement | connection 25| url jdbc:mysql://localhost:3306/tama?serverTimezone=Asia/Seoul&characterEncoding=UTF-8
insert into orders (created_at,delivery_id,guest_email,guest_nickname,member_id,member_coupon_id,payment_id,shipping_fee,status,updated_at,used_coupon_price,used_point) values (?,?,?,?,?,?,?,?,?,?,?,?)
insert into orders (created_at,delivery_id,guest_email,guest_nickname,member_id,member_coupon_id,payment_id,shipping_fee,status,updated_at,used_coupon_price,used_point) values ('2025-10-24T00:13:41.928+0900',30003,NULL,NULL,3,NULL,'payment-741c4693-92ec-4757-b76c-f4bc77157435',3000,'ORDER_RECEIVED','2025-10-24T00:13:41.928+0900',0,0); 
2025-10-24 00:13:41.955  o.s.j.c.JdbcTemplate - Executing SQL batch update [INSERT INTO order_item(order_id, color_item_size_stock_id, order_price, count) values (?, ?, ?, ?)] 
2025-10-24 00:13:41.955  o.s.j.c.JdbcTemplate - Executing prepared SQL statement [INSERT INTO order_item(order_id, color_item_size_stock_id, order_price, count) values (?, ?, ?, ?)] 
2025-10-24 00:13:41.960  p6spy - #1761232421960 | took 0ms | statement | connection 25| url jdbc:mysql://localhost:3306/tama?serverTimezone=Asia/Seoul&characterEncoding=UTF-8
select c1_0.color_item_size_stock_id,c2_0.color_item_id,c3_0.color_id,c3_0.hex_code,c3_0.name,c3_0.parent_id,c2_0.created_at,i1_0.item_id,i1_0.category_id,i1_0.country_of_manufacture,i1_0.created_at,i1_0.date_of_manufacture,i1_0.description,i1_0.gender,i1_0.manufacturer,i1_0.name,i1_0.now_price,i1_0.original_price,i1_0.precaution,i1_0.textile,i1_0.updated_at,i1_0.year_season,c2_0.updated_at,c1_0.size,c1_0.stock from color_item_size_stock c1_0 join color_item c2_0 on c2_0.color_item_id=c1_0.color_item_id join color c3_0 on c3_0.color_id=c2_0.color_id join item i1_0 on i1_0.item_id=c2_0.item_id where c1_0.color_item_size_stock_id in(?)
select c1_0.color_item_size_stock_id,c2_0.color_item_id,c3_0.color_id,c3_0.hex_code,c3_0.name,c3_0.parent_id,c2_0.created_at,i1_0.item_id,i1_0.category_id,i1_0.country_of_manufacture,i1_0.created_at,i1_0.date_of_manufacture,i1_0.description,i1_0.gender,i1_0.manufacturer,i1_0.name,i1_0.now_price,i1_0.original_price,i1_0.precaution,i1_0.textile,i1_0.updated_at,i1_0.year_season,c2_0.updated_at,c1_0.size,c1_0.stock from color_item_size_stock c1_0 join color_item c2_0 on c2_0.color_item_id=c1_0.color_item_id join color c3_0 on c3_0.color_id=c2_0.color_id join item i1_0 on i1_0.item_id=c2_0.item_id where c1_0.color_item_size_stock_id in(1); 
2025-10-24 00:13:41.967  p6spy - #1761232421967 | took 1ms | statement | connection 25| url jdbc:mysql://localhost:3306/tama?serverTimezone=Asia/Seoul&characterEncoding=UTF-8
update member set authority=?,email=?,gender=?,height=?,nickname=?,password=?,phone=?,point=?,provider=?,updated_at=?,weight=? where member_id=?
update member set authority='MEMBER',email='burnaby033@naver.com',gender='FEMALE',height=170,nickname='박유빈',password='$2a$10$lQZQJADxaAbJVmfyasBnRurdCMbgvfwa5kRE267YD6lOhB0KThV.C',phone='01011111113',point=1000597,provider='LOCAL',updated_at='2025-10-23T05:08:02.459+0900',weight=60 where member_id=3; 
2025-10-24 00:13:41.973  p6spy - #1761232421973 | took 2ms | commit | connection 25| url jdbc:mysql://localhost:3306/tama?serverTimezone=Asia/Seoul&characterEncoding=UTF-8

; 
2025-10-24 00:13:42.685  p6spy - #1761232422685 | took 0ms | statement | connection 26| url jdbc:mysql://localhost:3306/tama?serverTimezone=Asia/Seoul&characterEncoding=UTF-8
select m1_0.member_id,m1_0.authority,m1_0.created_at,m1_0.email,m1_0.gender,m1_0.height,m1_0.nickname,m1_0.password,m1_0.phone,m1_0.point,m1_0.provider,m1_0.updated_at,m1_0.weight from member m1_0 where m1_0.member_id=?
select m1_0.member_id,m1_0.authority,m1_0.created_at,m1_0.email,m1_0.gender,m1_0.height,m1_0.nickname,m1_0.password,m1_0.phone,m1_0.point,m1_0.provider,m1_0.updated_at,m1_0.weight from member m1_0 where m1_0.member_id=3; 
2025-10-24 00:13:42.686  p6spy - #1761232422686 | took 0ms | commit | connection 26| url jdbc:mysql://localhost:3306/tama?serverTimezone=Asia/Seoul&characterEncoding=UTF-8

; 
2025-10-24 00:13:42.686  p6spy - #1761232422686 | took 0ms | statement | connection 28| url jdbc:mysql://localhost:3306/tama?serverTimezone=Asia/Seoul&characterEncoding=UTF-8
select m1_0.authority from member m1_0 where m1_0.member_id=?
select m1_0.authority from member m1_0 where m1_0.member_id=3; 
2025-10-24 00:13:42.690  p6spy - #1761232422690 | took 1ms | statement | connection 27| url jdbc:mysql://localhost:3306/tama?serverTimezone=Asia/Seoul&characterEncoding=UTF-8
select o1_0.order_id,o1_0.created_at,d1_0.delivery_id,d1_0.created_at,d1_0.detail,d1_0.message,d1_0.receiver_nickname,d1_0.receiver_phone,d1_0.street,d1_0.updated_at,d1_0.zip_code,o1_0.guest_email,o1_0.guest_nickname,o1_0.member_id,o1_0.member_coupon_id,o1_0.payment_id,o1_0.shipping_fee,o1_0.status,o1_0.updated_at,o1_0.used_coupon_price,o1_0.used_point from orders o1_0 join delivery d1_0 on d1_0.delivery_id=o1_0.delivery_id where o1_0.member_id=? order by o1_0.order_id desc limit ?,?
select o1_0.order_id,o1_0.created_at,d1_0.delivery_id,d1_0.created_at,d1_0.detail,d1_0.message,d1_0.receiver_nickname,d1_0.receiver_phone,d1_0.street,d1_0.updated_at,d1_0.zip_code,o1_0.guest_email,o1_0.guest_nickname,o1_0.member_id,o1_0.member_coupon_id,o1_0.payment_id,o1_0.shipping_fee,o1_0.status,o1_0.updated_at,o1_0.used_coupon_price,o1_0.used_point from orders o1_0 join delivery d1_0 on d1_0.delivery_id=o1_0.delivery_id where o1_0.member_id=3 order by o1_0.order_id desc limit 0,10; 
2025-10-24 00:13:42.696  p6spy - #1761232422696 | took 3ms | statement | connection 27| url jdbc:mysql://localhost:3306/tama?serverTimezone=Asia/Seoul&characterEncoding=UTF-8
select count(o1_0.order_id) from orders o1_0 where o1_0.member_id=?
select count(o1_0.order_id) from orders o1_0 where o1_0.member_id=3; 
2025-10-24 00:13:42.706  p6spy - #1761232422706 | took 1ms | statement | connection 27| url jdbc:mysql://localhost:3306/tama?serverTimezone=Asia/Seoul&characterEncoding=UTF-8
select o1_0.order_id,c1_0.color_item_id,o1_0.order_item_id,o1_0.order_price,o1_0.count,i1_0.name,c3_0.name,c1_0.size,r1_0.review_id is not null from order_item o1_0 left join review r1_0 on o1_0.order_item_id=r1_0.order_item_id join color_item_size_stock c1_0 on c1_0.color_item_size_stock_id=o1_0.color_item_size_stock_id join color_item c2_0 on c2_0.color_item_id=c1_0.color_item_id join color c3_0 on c3_0.color_id=c2_0.color_id join item i1_0 on i1_0.item_id=c2_0.item_id where o1_0.order_id in(?,?,?,?,?,?,?,?,?,?)
select o1_0.order_id,c1_0.color_item_id,o1_0.order_item_id,o1_0.order_price,o1_0.count,i1_0.name,c3_0.name,c1_0.size,r1_0.review_id is not null from order_item o1_0 left join review r1_0 on o1_0.order_item_id=r1_0.order_item_id join color_item_size_stock c1_0 on c1_0.color_item_size_stock_id=o1_0.color_item_size_stock_id join color_item c2_0 on c2_0.color_item_id=c1_0.color_item_id join color c3_0 on c3_0.color_id=c2_0.color_id join item i1_0 on i1_0.item_id=c2_0.item_id where o1_0.order_id in(30003,30002,30001,29999,29997,29995,29993,29991,29989,29987); 
2025-10-24 00:13:42.709  p6spy - #1761232422709 | took 1ms | statement | connection 27| url jdbc:mysql://localhost:3306/tama?serverTimezone=Asia/Seoul&characterEncoding=UTF-8
select c1_0.item_image_id,c1_0.color_item_id,c1_0.sequence,c1_0.original_file_name,c1_0.stored_file_name from color_item_image c1_0 where c1_0.color_item_id in(?,?,?,?,?,?,?,?,?,?) and c1_0.sequence=?
select c1_0.item_image_id,c1_0.color_item_id,c1_0.sequence,c1_0.original_file_name,c1_0.stored_file_name from color_item_image c1_0 where c1_0.color_item_id in(14994,14995,14996,14997,14998,14999,15000,1,1,1) and c1_0.sequence=1; 
2025-10-24 00:13:42.711  p6spy - #1761232422711 | took 0ms | commit | connection 27| url jdbc:mysql://localhost:3306/tama?serverTimezone=Asia/Seoul&characterEncoding=UTF-8

; 
2025-10-24 00:13:45.311  p6spy - #1761232425311 | took 0ms | statement | connection 29| url jdbc:mysql://localhost:3306/tama?serverTimezone=Asia/Seoul&characterEncoding=UTF-8
select m1_0.member_id,a1_0.member_id,a1_0.delivery_address_id,a1_0.created_at,a1_0.detail,a1_0.is_default,a1_0.name,a1_0.receiver_nick_name,a1_0.receiver_phone,a1_0.street,a1_0.updated_at,a1_0.zip_code,m1_0.authority,m1_0.created_at,m1_0.email,m1_0.gender,m1_0.height,m1_0.nickname,m1_0.password,m1_0.phone,m1_0.point,m1_0.provider,m1_0.updated_at,m1_0.weight from member m1_0 join member_address a1_0 on m1_0.member_id=a1_0.member_id where m1_0.member_id=?
select m1_0.member_id,a1_0.member_id,a1_0.delivery_address_id,a1_0.created_at,a1_0.detail,a1_0.is_default,a1_0.name,a1_0.receiver_nick_name,a1_0.receiver_phone,a1_0.street,a1_0.updated_at,a1_0.zip_code,m1_0.authority,m1_0.created_at,m1_0.email,m1_0.gender,m1_0.height,m1_0.nickname,m1_0.password,m1_0.phone,m1_0.point,m1_0.provider,m1_0.updated_at,m1_0.weight from member m1_0 join member_address a1_0 on m1_0.member_id=a1_0.member_id where m1_0.member_id=3; 
2025-10-24 00:13:45.313  p6spy - #1761232425313 | took 0ms | statement | connection 30| url jdbc:mysql://localhost:3306/tama?serverTimezone=Asia/Seoul&characterEncoding=UTF-8
select m1_0.member_coupon_id,c1_0.coupon_id,c1_0.created_at,c1_0.discount_value,c1_0.expires_at,c1_0.type,c1_0.updated_at,m1_0.created_at,m1_0.is_used,m1_0.member_id,m1_0.updated_at from member_coupon m1_0 join coupon c1_0 on c1_0.coupon_id=m1_0.coupon_id where m1_0.member_id=? and m1_0.is_used=0 and c1_0.expires_at>=now()
select m1_0.member_coupon_id,c1_0.coupon_id,c1_0.created_at,c1_0.discount_value,c1_0.expires_at,c1_0.type,c1_0.updated_at,m1_0.created_at,m1_0.is_used,m1_0.member_id,m1_0.updated_at from member_coupon m1_0 join coupon c1_0 on c1_0.coupon_id=m1_0.coupon_id where m1_0.member_id=3 and m1_0.is_used=0 and c1_0.expires_at>=now(); 
2025-10-24 00:14:33.554  p6spy - #1761232473554 | took 0ms | statement | connection 33| url jdbc:mysql://localhost:3306/tama?serverTimezone=Asia/Seoul&characterEncoding=UTF-8
select m1_0.authority from member m1_0 where m1_0.member_id=?
select m1_0.authority from member m1_0 where m1_0.member_id=3; 
2025-10-24 00:14:33.555  p6spy - #1761232473555 | took 0ms | statement | connection 31| url jdbc:mysql://localhost:3306/tama?serverTimezone=Asia/Seoul&characterEncoding=UTF-8
select o1_0.order_id,o1_0.created_at,d1_0.delivery_id,d1_0.created_at,d1_0.detail,d1_0.message,d1_0.receiver_nickname,d1_0.receiver_phone,d1_0.street,d1_0.updated_at,d1_0.zip_code,o1_0.guest_email,o1_0.guest_nickname,o1_0.member_id,o1_0.member_coupon_id,o1_0.payment_id,o1_0.shipping_fee,o1_0.status,o1_0.updated_at,o1_0.used_coupon_price,o1_0.used_point from orders o1_0 join delivery d1_0 on d1_0.delivery_id=o1_0.delivery_id where o1_0.member_id=? order by o1_0.order_id desc limit ?,?
select o1_0.order_id,o1_0.created_at,d1_0.delivery_id,d1_0.created_at,d1_0.detail,d1_0.message,d1_0.receiver_nickname,d1_0.receiver_phone,d1_0.street,d1_0.updated_at,d1_0.zip_code,o1_0.guest_email,o1_0.guest_nickname,o1_0.member_id,o1_0.member_coupon_id,o1_0.payment_id,o1_0.shipping_fee,o1_0.status,o1_0.updated_at,o1_0.used_coupon_price,o1_0.used_point from orders o1_0 join delivery d1_0 on d1_0.delivery_id=o1_0.delivery_id where o1_0.member_id=3 order by o1_0.order_id desc limit 0,10; 
2025-10-24 00:14:33.555  p6spy - #1761232473555 | took 0ms | statement | connection 32| url jdbc:mysql://localhost:3306/tama?serverTimezone=Asia/Seoul&characterEncoding=UTF-8
select m1_0.member_id,m1_0.authority,m1_0.created_at,m1_0.email,m1_0.gender,m1_0.height,m1_0.nickname,m1_0.password,m1_0.phone,m1_0.point,m1_0.provider,m1_0.updated_at,m1_0.weight from member m1_0 where m1_0.member_id=?
select m1_0.member_id,m1_0.authority,m1_0.created_at,m1_0.email,m1_0.gender,m1_0.height,m1_0.nickname,m1_0.password,m1_0.phone,m1_0.point,m1_0.provider,m1_0.updated_at,m1_0.weight from member m1_0 where m1_0.member_id=3; 
2025-10-24 00:14:33.555  p6spy - #1761232473555 | took 0ms | commit | connection 32| url jdbc:mysql://localhost:3306/tama?serverTimezone=Asia/Seoul&characterEncoding=UTF-8

; 
2025-10-24 00:14:33.560  p6spy - #1761232473560 | took 2ms | statement | connection 31| url jdbc:mysql://localhost:3306/tama?serverTimezone=Asia/Seoul&characterEncoding=UTF-8
select count(o1_0.order_id) from orders o1_0 where o1_0.member_id=?
select count(o1_0.order_id) from orders o1_0 where o1_0.member_id=3; 
2025-10-24 00:14:33.562  p6spy - #1761232473562 | took 0ms | statement | connection 31| url jdbc:mysql://localhost:3306/tama?serverTimezone=Asia/Seoul&characterEncoding=UTF-8
select o1_0.order_id,c1_0.color_item_id,o1_0.order_item_id,o1_0.order_price,o1_0.count,i1_0.name,c3_0.name,c1_0.size,r1_0.review_id is not null from order_item o1_0 left join review r1_0 on o1_0.order_item_id=r1_0.order_item_id join color_item_size_stock c1_0 on c1_0.color_item_size_stock_id=o1_0.color_item_size_stock_id join color_item c2_0 on c2_0.color_item_id=c1_0.color_item_id join color c3_0 on c3_0.color_id=c2_0.color_id join item i1_0 on i1_0.item_id=c2_0.item_id where o1_0.order_id in(?,?,?,?,?,?,?,?,?,?)
select o1_0.order_id,c1_0.color_item_id,o1_0.order_item_id,o1_0.order_price,o1_0.count,i1_0.name,c3_0.name,c1_0.size,r1_0.review_id is not null from order_item o1_0 left join review r1_0 on o1_0.order_item_id=r1_0.order_item_id join color_item_size_stock c1_0 on c1_0.color_item_size_stock_id=o1_0.color_item_size_stock_id join color_item c2_0 on c2_0.color_item_id=c1_0.color_item_id join color c3_0 on c3_0.color_id=c2_0.color_id join item i1_0 on i1_0.item_id=c2_0.item_id where o1_0.order_id in(30003,30002,30001,29999,29997,29995,29993,29991,29989,29987); 
2025-10-24 00:14:33.564  p6spy - #1761232473564 | took 0ms | statement | connection 31| url jdbc:mysql://localhost:3306/tama?serverTimezone=Asia/Seoul&characterEncoding=UTF-8
select c1_0.item_image_id,c1_0.color_item_id,c1_0.sequence,c1_0.original_file_name,c1_0.stored_file_name from color_item_image c1_0 where c1_0.color_item_id in(?,?,?,?,?,?,?,?,?,?) and c1_0.sequence=?
select c1_0.item_image_id,c1_0.color_item_id,c1_0.sequence,c1_0.original_file_name,c1_0.stored_file_name from color_item_image c1_0 where c1_0.color_item_id in(14994,14995,14996,14997,14998,14999,15000,1,1,1) and c1_0.sequence=1; 
2025-10-24 00:14:33.565  p6spy - #1761232473565 | took 0ms | commit | connection 31| url jdbc:mysql://localhost:3306/tama?serverTimezone=Asia/Seoul&characterEncoding=UTF-8

; 
2025-10-24 00:14:34.847  p6spy - #1761232474847 | took 0ms | statement | connection 34| url jdbc:mysql://localhost:3306/tama?serverTimezone=Asia/Seoul&characterEncoding=UTF-8
select m1_0.member_id,a1_0.member_id,a1_0.delivery_address_id,a1_0.created_at,a1_0.detail,a1_0.is_default,a1_0.name,a1_0.receiver_nick_name,a1_0.receiver_phone,a1_0.street,a1_0.updated_at,a1_0.zip_code,m1_0.authority,m1_0.created_at,m1_0.email,m1_0.gender,m1_0.height,m1_0.nickname,m1_0.password,m1_0.phone,m1_0.point,m1_0.provider,m1_0.updated_at,m1_0.weight from member m1_0 join member_address a1_0 on m1_0.member_id=a1_0.member_id where m1_0.member_id=?
select m1_0.member_id,a1_0.member_id,a1_0.delivery_address_id,a1_0.created_at,a1_0.detail,a1_0.is_default,a1_0.name,a1_0.receiver_nick_name,a1_0.receiver_phone,a1_0.street,a1_0.updated_at,a1_0.zip_code,m1_0.authority,m1_0.created_at,m1_0.email,m1_0.gender,m1_0.height,m1_0.nickname,m1_0.password,m1_0.phone,m1_0.point,m1_0.provider,m1_0.updated_at,m1_0.weight from member m1_0 join member_address a1_0 on m1_0.member_id=a1_0.member_id where m1_0.member_id=3; 
2025-10-24 00:14:34.849  p6spy - #1761232474849 | took 0ms | statement | connection 35| url jdbc:mysql://localhost:3306/tama?serverTimezone=Asia/Seoul&characterEncoding=UTF-8
select m1_0.member_coupon_id,c1_0.coupon_id,c1_0.created_at,c1_0.discount_value,c1_0.expires_at,c1_0.type,c1_0.updated_at,m1_0.created_at,m1_0.is_used,m1_0.member_id,m1_0.updated_at from member_coupon m1_0 join coupon c1_0 on c1_0.coupon_id=m1_0.coupon_id where m1_0.member_id=? and m1_0.is_used=0 and c1_0.expires_at>=now()
select m1_0.member_coupon_id,c1_0.coupon_id,c1_0.created_at,c1_0.discount_value,c1_0.expires_at,c1_0.type,c1_0.updated_at,m1_0.created_at,m1_0.is_used,m1_0.member_id,m1_0.updated_at from member_coupon m1_0 join coupon c1_0 on c1_0.coupon_id=m1_0.coupon_id where m1_0.member_id=3 and m1_0.is_used=0 and c1_0.expires_at>=now(); 
2025-10-24 00:14:41.185  p6spy - #1761232481185 | took 0ms | statement | connection 36| url jdbc:mysql://localhost:3306/tama?serverTimezone=Asia/Seoul&characterEncoding=UTF-8
select round(avg(r1_0.rating),1) from review r1_0 join order_item o1_0 on o1_0.order_item_id=r1_0.order_item_id join color_item_size_stock c1_0 on c1_0.color_item_size_stock_id=o1_0.color_item_size_stock_id join color_item c2_0 on c2_0.color_item_id=c1_0.color_item_id where c1_0.color_item_id=?
select round(avg(r1_0.rating),1) from review r1_0 join order_item o1_0 on o1_0.order_item_id=r1_0.order_item_id join color_item_size_stock c1_0 on c1_0.color_item_size_stock_id=o1_0.color_item_size_stock_id join color_item c2_0 on c2_0.color_item_id=c1_0.color_item_id where c1_0.color_item_id=1; 
2025-10-24 00:14:41.187  p6spy - #1761232481187 | took 0ms | statement | connection 37| url jdbc:mysql://localhost:3306/tama?serverTimezone=Asia/Seoul&characterEncoding=UTF-8
select r1_0.review_id,r1_0.comment,r1_0.created_at,r1_0.height,m1_0.member_id,m1_0.authority,m1_0.created_at,m1_0.email,m1_0.gender,m1_0.height,m1_0.nickname,m1_0.password,m1_0.phone,m1_0.point,m1_0.provider,m1_0.updated_at,m1_0.weight,o1_0.order_item_id,c1_0.color_item_size_stock_id,c2_0.color_item_id,c3_0.color_id,c3_0.hex_code,c3_0.name,c3_0.parent_id,c2_0.created_at,c2_0.item_id,c2_0.updated_at,c1_0.size,c1_0.stock,o1_0.count,o1_0.order_id,o1_0.order_price,r1_0.rating,r1_0.updated_at,r1_0.weight from review r1_0 join member m1_0 on m1_0.member_id=r1_0.member_id join order_item o1_0 on o1_0.order_item_id=r1_0.order_item_id join color_item_size_stock c1_0 on c1_0.color_item_size_stock_id=o1_0.color_item_size_stock_id join color_item c2_0 on c2_0.color_item_id=c1_0.color_item_id join color c3_0 on c3_0.color_id=c2_0.color_id where c1_0.color_item_id=? order by r1_0.created_at desc,r1_0.review_id desc limit ?
select r1_0.review_id,r1_0.comment,r1_0.created_at,r1_0.height,m1_0.member_id,m1_0.authority,m1_0.created_at,m1_0.email,m1_0.gender,m1_0.height,m1_0.nickname,m1_0.password,m1_0.phone,m1_0.point,m1_0.provider,m1_0.updated_at,m1_0.weight,o1_0.order_item_id,c1_0.color_item_size_stock_id,c2_0.color_item_id,c3_0.color_id,c3_0.hex_code,c3_0.name,c3_0.parent_id,c2_0.created_at,c2_0.item_id,c2_0.updated_at,c1_0.size,c1_0.stock,o1_0.count,o1_0.order_id,o1_0.order_price,r1_0.rating,r1_0.updated_at,r1_0.weight from review r1_0 join member m1_0 on m1_0.member_id=r1_0.member_id join order_item o1_0 on o1_0.order_item_id=r1_0.order_item_id join color_item_size_stock c1_0 on c1_0.color_item_size_stock_id=o1_0.color_item_size_stock_id join color_item c2_0 on c2_0.color_item_id=c1_0.color_item_id join color c3_0 on c3_0.color_id=c2_0.color_id where c1_0.color_item_id=1 order by r1_0.created_at desc,r1_0.review_id desc limit 10; 
2025-10-24 00:14:42.613  p6spy - #1761232482613 | took 0ms | statement | connection 38| url jdbc:mysql://localhost:3306/tama?serverTimezone=Asia/Seoul&characterEncoding=UTF-8
select m1_0.member_id,a1_0.member_id,a1_0.delivery_address_id,a1_0.created_at,a1_0.detail,a1_0.is_default,a1_0.name,a1_0.receiver_nick_name,a1_0.receiver_phone,a1_0.street,a1_0.updated_at,a1_0.zip_code,m1_0.authority,m1_0.created_at,m1_0.email,m1_0.gender,m1_0.height,m1_0.nickname,m1_0.password,m1_0.phone,m1_0.point,m1_0.provider,m1_0.updated_at,m1_0.weight from member m1_0 join member_address a1_0 on m1_0.member_id=a1_0.member_id where m1_0.member_id=?
select m1_0.member_id,a1_0.member_id,a1_0.delivery_address_id,a1_0.created_at,a1_0.detail,a1_0.is_default,a1_0.name,a1_0.receiver_nick_name,a1_0.receiver_phone,a1_0.street,a1_0.updated_at,a1_0.zip_code,m1_0.authority,m1_0.created_at,m1_0.email,m1_0.gender,m1_0.height,m1_0.nickname,m1_0.password,m1_0.phone,m1_0.point,m1_0.provider,m1_0.updated_at,m1_0.weight from member m1_0 join member_address a1_0 on m1_0.member_id=a1_0.member_id where m1_0.member_id=3; 
2025-10-24 00:14:42.615  p6spy - #1761232482615 | took 0ms | statement | connection 39| url jdbc:mysql://localhost:3306/tama?serverTimezone=Asia/Seoul&characterEncoding=UTF-8
select m1_0.member_coupon_id,c1_0.coupon_id,c1_0.created_at,c1_0.discount_value,c1_0.expires_at,c1_0.type,c1_0.updated_at,m1_0.created_at,m1_0.is_used,m1_0.member_id,m1_0.updated_at from member_coupon m1_0 join coupon c1_0 on c1_0.coupon_id=m1_0.coupon_id where m1_0.member_id=? and m1_0.is_used=0 and c1_0.expires_at>=now()
select m1_0.member_coupon_id,c1_0.coupon_id,c1_0.created_at,c1_0.discount_value,c1_0.expires_at,c1_0.type,c1_0.updated_at,m1_0.created_at,m1_0.is_used,m1_0.member_id,m1_0.updated_at from member_coupon m1_0 join coupon c1_0 on c1_0.coupon_id=m1_0.coupon_id where m1_0.member_id=3 and m1_0.is_used=0 and c1_0.expires_at>=now(); 
2025-10-24 00:14:43.833  p6spy - #1761232483833 | took 0ms | statement | connection 40| url jdbc:mysql://localhost:3306/tama?serverTimezone=Asia/Seoul&characterEncoding=UTF-8
select round(avg(r1_0.rating),1) from review r1_0 join order_item o1_0 on o1_0.order_item_id=r1_0.order_item_id join color_item_size_stock c1_0 on c1_0.color_item_size_stock_id=o1_0.color_item_size_stock_id join color_item c2_0 on c2_0.color_item_id=c1_0.color_item_id where c1_0.color_item_id=?
select round(avg(r1_0.rating),1) from review r1_0 join order_item o1_0 on o1_0.order_item_id=r1_0.order_item_id join color_item_size_stock c1_0 on c1_0.color_item_size_stock_id=o1_0.color_item_size_stock_id join color_item c2_0 on c2_0.color_item_id=c1_0.color_item_id where c1_0.color_item_id=1; 
2025-10-24 00:14:43.835  p6spy - #1761232483835 | took 0ms | statement | connection 41| url jdbc:mysql://localhost:3306/tama?serverTimezone=Asia/Seoul&characterEncoding=UTF-8
select r1_0.review_id,r1_0.comment,r1_0.created_at,r1_0.height,m1_0.member_id,m1_0.authority,m1_0.created_at,m1_0.email,m1_0.gender,m1_0.height,m1_0.nickname,m1_0.password,m1_0.phone,m1_0.point,m1_0.provider,m1_0.updated_at,m1_0.weight,o1_0.order_item_id,c1_0.color_item_size_stock_id,c2_0.color_item_id,c3_0.color_id,c3_0.hex_code,c3_0.name,c3_0.parent_id,c2_0.created_at,c2_0.item_id,c2_0.updated_at,c1_0.size,c1_0.stock,o1_0.count,o1_0.order_id,o1_0.order_price,r1_0.rating,r1_0.updated_at,r1_0.weight from review r1_0 join member m1_0 on m1_0.member_id=r1_0.member_id join order_item o1_0 on o1_0.order_item_id=r1_0.order_item_id join color_item_size_stock c1_0 on c1_0.color_item_size_stock_id=o1_0.color_item_size_stock_id join color_item c2_0 on c2_0.color_item_id=c1_0.color_item_id join color c3_0 on c3_0.color_id=c2_0.color_id where c1_0.color_item_id=? order by r1_0.created_at desc,r1_0.review_id desc limit ?
select r1_0.review_id,r1_0.comment,r1_0.created_at,r1_0.height,m1_0.member_id,m1_0.authority,m1_0.created_at,m1_0.email,m1_0.gender,m1_0.height,m1_0.nickname,m1_0.password,m1_0.phone,m1_0.point,m1_0.provider,m1_0.updated_at,m1_0.weight,o1_0.order_item_id,c1_0.color_item_size_stock_id,c2_0.color_item_id,c3_0.color_id,c3_0.hex_code,c3_0.name,c3_0.parent_id,c2_0.created_at,c2_0.item_id,c2_0.updated_at,c1_0.size,c1_0.stock,o1_0.count,o1_0.order_id,o1_0.order_price,r1_0.rating,r1_0.updated_at,r1_0.weight from review r1_0 join member m1_0 on m1_0.member_id=r1_0.member_id join order_item o1_0 on o1_0.order_item_id=r1_0.order_item_id join color_item_size_stock c1_0 on c1_0.color_item_size_stock_id=o1_0.color_item_size_stock_id join color_item c2_0 on c2_0.color_item_id=c1_0.color_item_id join color c3_0 on c3_0.color_id=c2_0.color_id where c1_0.color_item_id=1 order by r1_0.created_at desc,r1_0.review_id desc limit 10; 
2025-10-24 00:14:46.219  p6spy - #1761232486219 | took 0ms | statement | connection 42| url jdbc:mysql://localhost:3306/tama?serverTimezone=Asia/Seoul&characterEncoding=UTF-8
select m1_0.member_coupon_id,c1_0.coupon_id,c1_0.created_at,c1_0.discount_value,c1_0.expires_at,c1_0.type,c1_0.updated_at,m1_0.created_at,m1_0.is_used,m1_0.member_id,m1_0.updated_at from member_coupon m1_0 join coupon c1_0 on c1_0.coupon_id=m1_0.coupon_id where m1_0.member_id=? and m1_0.is_used=0 and c1_0.expires_at>=now()
select m1_0.member_coupon_id,c1_0.coupon_id,c1_0.created_at,c1_0.discount_value,c1_0.expires_at,c1_0.type,c1_0.updated_at,m1_0.created_at,m1_0.is_used,m1_0.member_id,m1_0.updated_at from member_coupon m1_0 join coupon c1_0 on c1_0.coupon_id=m1_0.coupon_id where m1_0.member_id=3 and m1_0.is_used=0 and c1_0.expires_at>=now(); 
2025-10-24 00:14:46.219  p6spy - #1761232486219 | took 0ms | statement | connection 44| url jdbc:mysql://localhost:3306/tama?serverTimezone=Asia/Seoul&characterEncoding=UTF-8
select c1_0.color_item_size_stock_id,c2_0.color_item_id,c3_0.color_id,c3_0.hex_code,c3_0.name,c3_0.parent_id,c2_0.created_at,i1_0.item_id,i1_0.category_id,i1_0.country_of_manufacture,i1_0.created_at,i1_0.date_of_manufacture,i1_0.description,i1_0.gender,i1_0.manufacturer,i1_0.name,i1_0.now_price,i1_0.original_price,i1_0.precaution,i1_0.textile,i1_0.updated_at,i1_0.year_season,c2_0.updated_at,c1_0.size,c1_0.stock from color_item_size_stock c1_0 join color_item c2_0 on c2_0.color_item_id=c1_0.color_item_id join color c3_0 on c3_0.color_id=c2_0.color_id join item i1_0 on i1_0.item_id=c2_0.item_id where c1_0.color_item_size_stock_id in(?)
select c1_0.color_item_size_stock_id,c2_0.color_item_id,c3_0.color_id,c3_0.hex_code,c3_0.name,c3_0.parent_id,c2_0.created_at,i1_0.item_id,i1_0.category_id,i1_0.country_of_manufacture,i1_0.created_at,i1_0.date_of_manufacture,i1_0.description,i1_0.gender,i1_0.manufacturer,i1_0.name,i1_0.now_price,i1_0.original_price,i1_0.precaution,i1_0.textile,i1_0.updated_at,i1_0.year_season,c2_0.updated_at,c1_0.size,c1_0.stock from color_item_size_stock c1_0 join color_item c2_0 on c2_0.color_item_id=c1_0.color_item_id join color c3_0 on c3_0.color_id=c2_0.color_id join item i1_0 on i1_0.item_id=c2_0.item_id where c1_0.color_item_size_stock_id in(1); 
2025-10-24 00:14:46.220  p6spy - #1761232486220 | took 0ms | statement | connection 43| url jdbc:mysql://localhost:3306/tama?serverTimezone=Asia/Seoul&characterEncoding=UTF-8
select m1_0.member_id,a1_0.member_id,a1_0.delivery_address_id,a1_0.created_at,a1_0.detail,a1_0.is_default,a1_0.name,a1_0.receiver_nick_name,a1_0.receiver_phone,a1_0.street,a1_0.updated_at,a1_0.zip_code,m1_0.authority,m1_0.created_at,m1_0.email,m1_0.gender,m1_0.height,m1_0.nickname,m1_0.password,m1_0.phone,m1_0.point,m1_0.provider,m1_0.updated_at,m1_0.weight from member m1_0 join member_address a1_0 on m1_0.member_id=a1_0.member_id where m1_0.member_id=?
select m1_0.member_id,a1_0.member_id,a1_0.delivery_address_id,a1_0.created_at,a1_0.detail,a1_0.is_default,a1_0.name,a1_0.receiver_nick_name,a1_0.receiver_phone,a1_0.street,a1_0.updated_at,a1_0.zip_code,m1_0.authority,m1_0.created_at,m1_0.email,m1_0.gender,m1_0.height,m1_0.nickname,m1_0.password,m1_0.phone,m1_0.point,m1_0.provider,m1_0.updated_at,m1_0.weight from member m1_0 join member_address a1_0 on m1_0.member_id=a1_0.member_id where m1_0.member_id=3; 
2025-10-24 00:14:46.222  p6spy - #1761232486222 | took 0ms | statement | connection 45| url jdbc:mysql://localhost:3306/tama?serverTimezone=Asia/Seoul&characterEncoding=UTF-8
select c1_0.item_image_id,c1_0.color_item_id,c1_0.sequence,c1_0.original_file_name,c1_0.stored_file_name from color_item_image c1_0 where c1_0.color_item_id in(?) and c1_0.sequence=?
select c1_0.item_image_id,c1_0.color_item_id,c1_0.sequence,c1_0.original_file_name,c1_0.stored_file_name from color_item_image c1_0 where c1_0.color_item_id in(1) and c1_0.sequence=1; 
2025-10-24 00:14:47.917  p6spy - #1761232487917 | took 0ms | statement | connection 46| url jdbc:mysql://localhost:3306/tama?serverTimezone=Asia/Seoul&characterEncoding=UTF-8
select c1_0.category_id,c1_0.name,c1_0.parent_id from category c1_0 where c1_0.parent_id is null
select c1_0.category_id,c1_0.name,c1_0.parent_id from category c1_0 where c1_0.parent_id is null; 
2025-10-24 00:19:22.843  o.s.b.d.a.LocalDevToolsAutoConfiguration$RestartingClassPathChangeChangedEventListener - Restarting due to 8 class path changes (0 additions, 8 deletions, 0 modifications) 
2025-10-24 00:19:22.848  o.s.b.w.e.t.GracefulShutdown - Commencing graceful shutdown. Waiting for active requests to complete 
2025-10-24 00:19:22.849  o.a.c.h.Http11NioProtocol - Pausing ProtocolHandler ["http-nio-5000"] 
2025-10-24 00:19:22.929  o.s.b.w.e.t.GracefulShutdown - Graceful shutdown complete 
2025-10-24 00:19:22.930  o.a.c.h.Http11NioProtocol - Stopping ProtocolHandler ["http-nio-5000"] 
2025-10-24 00:19:22.935  o.s.b.f.s.DisposableBeanAdapter - Custom destroy method 'close' on bean with name 'orderIdReader' propagated an exception: org.springframework.batch.item.ItemStreamException: Error while closing item reader 
2025-10-24 00:19:22.938  o.s.o.j.LocalContainerEntityManagerFactoryBean - Closing JPA EntityManagerFactory for persistence unit 'default' 
2025-10-24 00:19:22.942  c.z.h.HikariDataSource - HikariPool-1 - Shutdown initiated... 
2025-10-24 00:19:22.949  c.z.h.HikariDataSource - HikariPool-1 - Shutdown completed. 
2025-10-24 00:19:23.047  o.e.t.TamaApiApplication - Starting TamaApiApplication using Java 17 with PID 21900 (C:\Users\user2208\Desktop\port_folio\tama-api\build\classes\java\main started by user2208 in C:\Users\user2208\Desktop\port_folio\tama-api) 
2025-10-24 00:19:23.047  o.e.t.TamaApiApplication - The following 1 profile is active: "local" 
2025-10-24 00:19:23.416  o.s.b.c.c.a.BatchRegistrar - Finished Spring Batch infrastructure beans configuration in 0 ms. 
2025-10-24 00:19:23.489  o.s.d.r.c.RepositoryConfigurationDelegate - Bootstrapping Spring Data JPA repositories in DEFAULT mode. 
2025-10-24 00:19:23.551  o.s.d.r.c.RepositoryConfigurationDelegate - Finished Spring Data repository scanning in 61 ms. Found 14 JPA repository interfaces. 
2025-10-24 00:19:23.871  o.s.b.w.e.t.TomcatWebServer - Tomcat initialized with port 5000 (http) 
2025-10-24 00:19:23.875  o.a.c.h.Http11NioProtocol - Initializing ProtocolHandler ["http-nio-5000"] 
2025-10-24 00:19:23.876  o.a.c.c.StandardService - Starting service [Tomcat] 
2025-10-24 00:19:23.876  o.a.c.c.StandardEngine - Starting Servlet engine: [Apache Tomcat/10.1.34] 
2025-10-24 00:19:23.912  o.a.c.c.C.[.[.[/] - Initializing Spring embedded WebApplicationContext 
2025-10-24 00:19:23.912  o.s.b.w.s.c.ServletWebServerApplicationContext - Root WebApplicationContext: initialization completed in 861 ms 
2025-10-24 00:19:23.979  c.z.h.HikariDataSource - HikariPool-2 - Starting... 
2025-10-24 00:19:23.993  c.z.h.p.HikariPool - HikariPool-2 - Added connection com.mysql.cj.jdbc.ConnectionImpl@7dd46a22 
2025-10-24 00:19:23.993  c.z.h.HikariDataSource - HikariPool-2 - Start completed. 
2025-10-24 00:19:24.028  o.h.j.i.u.LogHelper - HHH000204: Processing PersistenceUnitInfo [name: default] 
2025-10-24 00:19:24.042  o.h.b.i.BytecodeProviderInitiator - HHH000021: Bytecode provider name : bytebuddy 
2025-10-24 00:19:24.043  o.s.o.j.p.SpringPersistenceUnitInfo - No LoadTimeWeaver setup: ignoring JPA class transformer 
2025-10-24 00:19:24.045  SQL dialect - HHH000400: Using dialect: org.hibernate.dialect.MySQLDialect 
2025-10-24 00:19:24.087  o.h.b.i.BytecodeProviderInitiator - HHH000021: Bytecode provider name : bytebuddy 
2025-10-24 00:19:24.186  o.h.e.t.j.p.i.JtaPlatformInitiator - HHH000490: Using JtaPlatform implementation: [org.hibernate.engine.transaction.jta.platform.internal.NoJtaPlatform] 
2025-10-24 00:19:24.186  o.s.o.j.LocalContainerEntityManagerFactoryBean - Initialized JPA EntityManagerFactory for persistence unit 'default' 
2025-10-24 00:19:24.298  o.s.b.c.r.s.JobRepositoryFactoryBean - No database type set, using meta data indicating: MYSQL 
2025-10-24 00:19:24.682  o.s.b.c.l.s.TaskExecutorJobLauncher - No TaskExecutor has been set, defaulting to synchronous executor. 
2025-10-24 00:19:24.695  o.s.b.c.c.a.BatchObservabilityBeanPostProcessor - No Micrometer observation registry found, defaulting to ObservationRegistry.NOOP 
2025-10-24 00:19:24.698  o.s.b.c.c.a.BatchObservabilityBeanPostProcessor - No Micrometer observation registry found, defaulting to ObservationRegistry.NOOP 
2025-10-24 00:19:25.240  o.s.b.a.h.H2ConsoleAutoConfiguration - H2 console available at '/h2-console'. Database available at 'jdbc:mysql://localhost:3306/tama?serverTimezone=Asia/Seoul&characterEncoding=UTF-8' 
2025-10-24 00:19:25.292  o.s.b.d.a.OptionalLiveReloadServer - LiveReload server is running on port 35729 
2025-10-24 00:19:25.307  o.s.b.w.e.t.TomcatWebServer - Tomcat started on port 5000 (http) with context path '/' 
2025-10-24 00:19:25.311  o.e.t.TamaApiApplication - Started TamaApiApplication in 2.306 seconds (process running for 672.571) 
2025-10-24 00:19:25.312  o.s.b.w.e.t.GracefulShutdown - Commencing graceful shutdown. Waiting for active requests to complete 
2025-10-24 00:19:25.313  o.s.b.d.a.ConditionEvaluationDeltaLoggingListener - Condition evaluation unchanged 
2025-10-24 00:19:25.371  o.s.b.w.e.t.GracefulShutdown - Graceful shutdown complete 
2025-10-24 00:19:25.373  o.s.b.f.s.DisposableBeanAdapter - Custom destroy method 'close' on bean with name 'orderIdReader' propagated an exception: org.springframework.batch.item.ItemStreamException: Error while closing item reader 
2025-10-24 00:19:25.374  o.s.o.j.LocalContainerEntityManagerFactoryBean - Closing JPA EntityManagerFactory for persistence unit 'default' 
2025-10-24 00:19:25.375  c.z.h.HikariDataSource - HikariPool-2 - Shutdown initiated... 
2025-10-24 00:19:25.377  c.z.h.HikariDataSource - HikariPool-2 - Shutdown completed. 
