2025-12-01 19:52:24.841  o.h.v.i.u.Version - HV000001: Hibernate Validator 8.0.2.Final 
2025-12-01 19:52:24.903  o.e.t.TamaApiApplication - Starting TamaApiApplication using Java 17 with PID 12356 (C:\Users\user2208\Desktop\port_folio\tama-api\build\classes\java\main started by user2208 in C:\Users\user2208\Desktop\port_folio\tama-api) 
2025-12-01 19:52:24.904  o.e.t.TamaApiApplication - The following 1 profile is active: "local" 
2025-12-01 19:52:24.961  o.s.b.d.e.DevToolsPropertyDefaultsPostProcessor - Devtools property defaults active! Set 'spring.devtools.add-properties' to 'false' to disable 
2025-12-01 19:52:24.962  o.s.b.d.e.DevToolsPropertyDefaultsPostProcessor - For additional web related logging consider setting the 'logging.level.web' property to 'DEBUG' 
2025-12-01 19:52:25.741  o.s.b.c.c.a.BatchRegistrar - Finished Spring Batch infrastructure beans configuration in 3 ms. 
2025-12-01 19:52:26.020  o.s.d.r.c.RepositoryConfigurationDelegate - Bootstrapping Spring Data JPA repositories in DEFAULT mode. 
2025-12-01 19:52:26.117  o.s.d.r.c.RepositoryConfigurationDelegate - Finished Spring Data repository scanning in 90 ms. Found 14 JPA repository interfaces. 
2025-12-01 19:52:26.871  o.s.b.w.e.t.TomcatWebServer - Tomcat initialized with port 5000 (http) 
2025-12-01 19:52:26.882  o.a.c.h.Http11NioProtocol - Initializing ProtocolHandler ["http-nio-5000"] 
2025-12-01 19:52:26.884  o.a.c.c.StandardService - Starting service [Tomcat] 
2025-12-01 19:52:26.884  o.a.c.c.StandardEngine - Starting Servlet engine: [Apache Tomcat/10.1.34] 
2025-12-01 19:52:26.948  o.a.c.c.C.[.[.[/] - Initializing Spring embedded WebApplicationContext 
2025-12-01 19:52:26.948  o.s.b.w.s.c.ServletWebServerApplicationContext - Root WebApplicationContext: initialization completed in 1986 ms 
2025-12-01 19:52:27.093  c.z.h.HikariDataSource - HikariPool-1 - Starting... 
2025-12-01 19:52:27.294  c.z.h.p.HikariPool - HikariPool-1 - Added connection com.mysql.cj.jdbc.ConnectionImpl@dc9f3e7 
2025-12-01 19:52:27.296  c.z.h.HikariDataSource - HikariPool-1 - Start completed. 
2025-12-01 19:52:27.383  o.h.j.i.u.LogHelper - HHH000204: Processing PersistenceUnitInfo [name: default] 
2025-12-01 19:52:27.435  o.h.Version - HHH000412: Hibernate ORM core version 6.2.0.CR2 
2025-12-01 19:52:27.437  o.h.c.Environment - HHH000406: Using bytecode reflection optimizer 
2025-12-01 19:52:27.566  o.h.b.i.BytecodeProviderInitiator - HHH000021: Bytecode provider name : bytebuddy 
2025-12-01 19:52:27.683  o.s.o.j.p.SpringPersistenceUnitInfo - No LoadTimeWeaver setup: ignoring JPA class transformer 
2025-12-01 19:52:27.746  SQL dialect - HHH000400: Using dialect: org.hibernate.dialect.MySQLDialect 
2025-12-01 19:52:27.994  o.h.b.i.BytecodeProviderInitiator - HHH000021: Bytecode provider name : bytebuddy 
2025-12-01 19:52:28.679  o.h.e.t.j.p.i.JtaPlatformInitiator - HHH000490: Using JtaPlatform implementation: [org.hibernate.engine.transaction.jta.platform.internal.NoJtaPlatform] 
2025-12-01 19:52:28.682  o.s.o.j.LocalContainerEntityManagerFactoryBean - Initialized JPA EntityManagerFactory for persistence unit 'default' 
2025-12-01 19:52:28.934  o.s.d.j.r.q.QueryEnhancerFactory - Hibernate is in classpath; If applicable, HQL parser will be used. 
2025-12-01 19:52:30.586  p6spy - #1764586350586 | took 81ms | statement | connection 2| url jdbc:mysql://localhost:3306/tama?serverTimezone=Asia/Seoul&characterEncoding=UTF-8
select c2_0.item_id,c1_0.color_item_id,i1_0.name,i1_0.original_price,i1_0.now_price from order_item o1_0 join color_item_size_stock c1_0 on c1_0.color_item_size_stock_id=o1_0.color_item_size_stock_id join color_item c2_0 on c2_0.color_item_id=c1_0.color_item_id join item i1_0 on i1_0.item_id=c2_0.item_id group by c1_0.color_item_id order by sum(o1_0.count) desc limit ?,?
select c2_0.item_id,c1_0.color_item_id,i1_0.name,i1_0.original_price,i1_0.now_price from order_item o1_0 join color_item_size_stock c1_0 on c1_0.color_item_size_stock_id=o1_0.color_item_size_stock_id join color_item c2_0 on c2_0.color_item_id=c1_0.color_item_id join item i1_0 on i1_0.item_id=c2_0.item_id group by c1_0.color_item_id order by sum(o1_0.count) desc limit 0,10; 
2025-12-01 19:52:30.615  p6spy - #1764586350615 | took 1ms | statement | connection 2| url jdbc:mysql://localhost:3306/tama?serverTimezone=Asia/Seoul&characterEncoding=UTF-8
select c1_0.item_image_id,c1_0.color_item_id,c1_0.sequence,c1_0.original_file_name,c1_0.stored_file_name from color_item_image c1_0 where c1_0.color_item_id in(?,?,?,?,?,?,?,?,?,?) and c1_0.sequence=?
select c1_0.item_image_id,c1_0.color_item_id,c1_0.sequence,c1_0.original_file_name,c1_0.stored_file_name from color_item_image c1_0 where c1_0.color_item_id in(1,2,3,4,5,6,7,8,9,10) and c1_0.sequence=1; 
2025-12-01 19:52:30.667  p6spy - #1764586350667 | took 1ms | statement | connection 2| url jdbc:mysql://localhost:3306/tama?serverTimezone=Asia/Seoul&characterEncoding=UTF-8
select c1_0.color_item_id,cast(round(avg(r1_0.rating),1) as decimal(53,2)),count(c1_0.color_item_id) from review r1_0 join order_item o1_0 on o1_0.order_item_id=r1_0.order_item_id join color_item_size_stock c1_0 on c1_0.color_item_size_stock_id=o1_0.color_item_size_stock_id where o1_0.color_item_size_stock_id in(?,?,?,?,?,?,?,?,?,?) group by c1_0.color_item_id
select c1_0.color_item_id,cast(round(avg(r1_0.rating),1) as decimal(53,2)),count(c1_0.color_item_id) from review r1_0 join order_item o1_0 on o1_0.order_item_id=r1_0.order_item_id join color_item_size_stock c1_0 on c1_0.color_item_size_stock_id=o1_0.color_item_size_stock_id where o1_0.color_item_size_stock_id in(1,2,3,4,5,6,7,8,9,10) group by c1_0.color_item_id; 
2025-12-01 19:52:30.678  p6spy - #1764586350678 | took 1ms | statement | connection 2| url jdbc:mysql://localhost:3306/tama?serverTimezone=Asia/Seoul&characterEncoding=UTF-8
select c1_0.category_id,c2_0.parent_id,c2_0.category_id,c2_0.name,c1_0.name,c1_0.parent_id from category c1_0 left join category c2_0 on c1_0.category_id=c2_0.parent_id where c1_0.category_id=?
select c1_0.category_id,c2_0.parent_id,c2_0.category_id,c2_0.name,c1_0.name,c1_0.parent_id from category c1_0 left join category c2_0 on c1_0.category_id=c2_0.parent_id where c1_0.category_id=1; 
2025-12-01 19:52:30.692  p6spy - #1764586350692 | took 0ms | statement | connection 2| url jdbc:mysql://localhost:3306/tama?serverTimezone=Asia/Seoul&characterEncoding=UTF-8
select c2_0.item_id,c1_0.color_item_id,i1_0.name,i1_0.original_price,i1_0.now_price from order_item o1_0 join color_item_size_stock c1_0 on c1_0.color_item_size_stock_id=o1_0.color_item_size_stock_id join color_item c2_0 on c2_0.color_item_id=c1_0.color_item_id join item i1_0 on i1_0.item_id=c2_0.item_id where i1_0.category_id in(?,?,?,?) group by c1_0.color_item_id order by sum(o1_0.count) desc limit ?,?
select c2_0.item_id,c1_0.color_item_id,i1_0.name,i1_0.original_price,i1_0.now_price from order_item o1_0 join color_item_size_stock c1_0 on c1_0.color_item_size_stock_id=o1_0.color_item_size_stock_id join color_item c2_0 on c2_0.color_item_id=c1_0.color_item_id join item i1_0 on i1_0.item_id=c2_0.item_id where i1_0.category_id in(1,2,3,4) group by c1_0.color_item_id order by sum(o1_0.count) desc limit 0,10; 
2025-12-01 19:52:30.695  p6spy - #1764586350695 | took 0ms | statement | connection 2| url jdbc:mysql://localhost:3306/tama?serverTimezone=Asia/Seoul&characterEncoding=UTF-8
select c1_0.item_image_id,c1_0.color_item_id,c1_0.sequence,c1_0.original_file_name,c1_0.stored_file_name from color_item_image c1_0 where c1_0.color_item_id in(?) and c1_0.sequence=?
select c1_0.item_image_id,c1_0.color_item_id,c1_0.sequence,c1_0.original_file_name,c1_0.stored_file_name from color_item_image c1_0 where c1_0.color_item_id in(NULL) and c1_0.sequence=1; 
2025-12-01 19:52:30.696  p6spy - #1764586350696 | took 0ms | statement | connection 2| url jdbc:mysql://localhost:3306/tama?serverTimezone=Asia/Seoul&characterEncoding=UTF-8
select c1_0.color_item_id,cast(round(avg(r1_0.rating),1) as decimal(53,2)),count(c1_0.color_item_id) from review r1_0 join order_item o1_0 on o1_0.order_item_id=r1_0.order_item_id join color_item_size_stock c1_0 on c1_0.color_item_size_stock_id=o1_0.color_item_size_stock_id where 1=0 group by c1_0.color_item_id
select c1_0.color_item_id,cast(round(avg(r1_0.rating),1) as decimal(53,2)),count(c1_0.color_item_id) from review r1_0 join order_item o1_0 on o1_0.order_item_id=r1_0.order_item_id join color_item_size_stock c1_0 on c1_0.color_item_size_stock_id=o1_0.color_item_size_stock_id where 1=0 group by c1_0.color_item_id; 
2025-12-01 19:52:30.698  p6spy - #1764586350698 | took 0ms | statement | connection 2| url jdbc:mysql://localhost:3306/tama?serverTimezone=Asia/Seoul&characterEncoding=UTF-8
select c1_0.category_id,c2_0.parent_id,c2_0.category_id,c2_0.name,c1_0.name,c1_0.parent_id from category c1_0 left join category c2_0 on c1_0.category_id=c2_0.parent_id where c1_0.category_id=?
select c1_0.category_id,c2_0.parent_id,c2_0.category_id,c2_0.name,c1_0.name,c1_0.parent_id from category c1_0 left join category c2_0 on c1_0.category_id=c2_0.parent_id where c1_0.category_id=5; 
2025-12-01 19:52:30.701  p6spy - #1764586350701 | took 0ms | statement | connection 2| url jdbc:mysql://localhost:3306/tama?serverTimezone=Asia/Seoul&characterEncoding=UTF-8
select c2_0.item_id,c1_0.color_item_id,i1_0.name,i1_0.original_price,i1_0.now_price from order_item o1_0 join color_item_size_stock c1_0 on c1_0.color_item_size_stock_id=o1_0.color_item_size_stock_id join color_item c2_0 on c2_0.color_item_id=c1_0.color_item_id join item i1_0 on i1_0.item_id=c2_0.item_id where i1_0.category_id in(?,?,?,?,?,?) group by c1_0.color_item_id order by sum(o1_0.count) desc limit ?,?
select c2_0.item_id,c1_0.color_item_id,i1_0.name,i1_0.original_price,i1_0.now_price from order_item o1_0 join color_item_size_stock c1_0 on c1_0.color_item_size_stock_id=o1_0.color_item_size_stock_id join color_item c2_0 on c2_0.color_item_id=c1_0.color_item_id join item i1_0 on i1_0.item_id=c2_0.item_id where i1_0.category_id in(5,6,7,8,9,10) group by c1_0.color_item_id order by sum(o1_0.count) desc limit 0,10; 
2025-12-01 19:52:30.703  p6spy - #1764586350703 | took 0ms | statement | connection 2| url jdbc:mysql://localhost:3306/tama?serverTimezone=Asia/Seoul&characterEncoding=UTF-8
select c1_0.item_image_id,c1_0.color_item_id,c1_0.sequence,c1_0.original_file_name,c1_0.stored_file_name from color_item_image c1_0 where c1_0.color_item_id in(?) and c1_0.sequence=?
select c1_0.item_image_id,c1_0.color_item_id,c1_0.sequence,c1_0.original_file_name,c1_0.stored_file_name from color_item_image c1_0 where c1_0.color_item_id in(NULL) and c1_0.sequence=1; 
2025-12-01 19:52:30.704  p6spy - #1764586350704 | took 0ms | statement | connection 2| url jdbc:mysql://localhost:3306/tama?serverTimezone=Asia/Seoul&characterEncoding=UTF-8
select c1_0.color_item_id,cast(round(avg(r1_0.rating),1) as decimal(53,2)),count(c1_0.color_item_id) from review r1_0 join order_item o1_0 on o1_0.order_item_id=r1_0.order_item_id join color_item_size_stock c1_0 on c1_0.color_item_size_stock_id=o1_0.color_item_size_stock_id where 1=0 group by c1_0.color_item_id
select c1_0.color_item_id,cast(round(avg(r1_0.rating),1) as decimal(53,2)),count(c1_0.color_item_id) from review r1_0 join order_item o1_0 on o1_0.order_item_id=r1_0.order_item_id join color_item_size_stock c1_0 on c1_0.color_item_size_stock_id=o1_0.color_item_size_stock_id where 1=0 group by c1_0.color_item_id; 
2025-12-01 19:52:30.706  p6spy - #1764586350706 | took 0ms | statement | connection 2| url jdbc:mysql://localhost:3306/tama?serverTimezone=Asia/Seoul&characterEncoding=UTF-8
select c1_0.category_id,c2_0.parent_id,c2_0.category_id,c2_0.name,c1_0.name,c1_0.parent_id from category c1_0 left join category c2_0 on c1_0.category_id=c2_0.parent_id where c1_0.category_id=?
select c1_0.category_id,c2_0.parent_id,c2_0.category_id,c2_0.name,c1_0.name,c1_0.parent_id from category c1_0 left join category c2_0 on c1_0.category_id=c2_0.parent_id where c1_0.category_id=11; 
2025-12-01 19:52:30.764  p6spy - #1764586350764 | took 56ms | statement | connection 2| url jdbc:mysql://localhost:3306/tama?serverTimezone=Asia/Seoul&characterEncoding=UTF-8
select c2_0.item_id,c1_0.color_item_id,i1_0.name,i1_0.original_price,i1_0.now_price from order_item o1_0 join color_item_size_stock c1_0 on c1_0.color_item_size_stock_id=o1_0.color_item_size_stock_id join color_item c2_0 on c2_0.color_item_id=c1_0.color_item_id join item i1_0 on i1_0.item_id=c2_0.item_id where i1_0.category_id in(?,?,?,?,?) group by c1_0.color_item_id order by sum(o1_0.count) desc limit ?,?
select c2_0.item_id,c1_0.color_item_id,i1_0.name,i1_0.original_price,i1_0.now_price from order_item o1_0 join color_item_size_stock c1_0 on c1_0.color_item_size_stock_id=o1_0.color_item_size_stock_id join color_item c2_0 on c2_0.color_item_id=c1_0.color_item_id join item i1_0 on i1_0.item_id=c2_0.item_id where i1_0.category_id in(11,12,13,14,15) group by c1_0.color_item_id order by sum(o1_0.count) desc limit 0,10; 
2025-12-01 19:52:30.767  p6spy - #1764586350767 | took 0ms | statement | connection 2| url jdbc:mysql://localhost:3306/tama?serverTimezone=Asia/Seoul&characterEncoding=UTF-8
select c1_0.item_image_id,c1_0.color_item_id,c1_0.sequence,c1_0.original_file_name,c1_0.stored_file_name from color_item_image c1_0 where c1_0.color_item_id in(?,?,?,?,?,?,?,?,?,?) and c1_0.sequence=?
select c1_0.item_image_id,c1_0.color_item_id,c1_0.sequence,c1_0.original_file_name,c1_0.stored_file_name from color_item_image c1_0 where c1_0.color_item_id in(1,2,3,4,5,6,7,8,9,10) and c1_0.sequence=1; 
2025-12-01 19:52:30.770  p6spy - #1764586350770 | took 0ms | statement | connection 2| url jdbc:mysql://localhost:3306/tama?serverTimezone=Asia/Seoul&characterEncoding=UTF-8
select c1_0.color_item_id,cast(round(avg(r1_0.rating),1) as decimal(53,2)),count(c1_0.color_item_id) from review r1_0 join order_item o1_0 on o1_0.order_item_id=r1_0.order_item_id join color_item_size_stock c1_0 on c1_0.color_item_size_stock_id=o1_0.color_item_size_stock_id where o1_0.color_item_size_stock_id in(?,?,?,?,?,?,?,?,?,?) group by c1_0.color_item_id
select c1_0.color_item_id,cast(round(avg(r1_0.rating),1) as decimal(53,2)),count(c1_0.color_item_id) from review r1_0 join order_item o1_0 on o1_0.order_item_id=r1_0.order_item_id join color_item_size_stock c1_0 on c1_0.color_item_size_stock_id=o1_0.color_item_size_stock_id where o1_0.color_item_size_stock_id in(1,2,3,4,5,6,7,8,9,10) group by c1_0.color_item_id; 
2025-12-01 19:52:30.772  p6spy - #1764586350772 | took 0ms | commit | connection 2| url jdbc:mysql://localhost:3306/tama?serverTimezone=Asia/Seoul&characterEncoding=UTF-8

; 
2025-12-01 19:52:30.779  o.s.b.c.r.s.JobRepositoryFactoryBean - No database type set, using meta data indicating: MYSQL 
2025-12-01 19:52:30.813  o.s.b.c.l.s.TaskExecutorJobLauncher - No TaskExecutor has been set, defaulting to synchronous executor. 
2025-12-01 19:52:30.870  o.s.b.c.c.a.BatchObservabilityBeanPostProcessor - No Micrometer observation registry found, defaulting to ObservationRegistry.NOOP 
2025-12-01 19:52:30.878  o.s.b.c.c.a.BatchObservabilityBeanPostProcessor - No Micrometer observation registry found, defaulting to ObservationRegistry.NOOP 
2025-12-01 19:52:31.678  o.s.b.a.h.H2ConsoleAutoConfiguration - H2 console available at '/h2-console'. Database available at 'jdbc:mysql://localhost:3306/tama?serverTimezone=Asia/Seoul&characterEncoding=UTF-8' 
2025-12-01 19:52:31.791  o.s.b.d.a.OptionalLiveReloadServer - LiveReload server is running on port 35729 
2025-12-01 19:52:31.812  o.a.c.h.Http11NioProtocol - Starting ProtocolHandler ["http-nio-5000"] 
2025-12-01 19:52:31.827  o.s.b.w.e.t.TomcatWebServer - Tomcat started on port 5000 (http) with context path '/' 
2025-12-01 19:52:31.838  o.e.t.TamaApiApplication - Started TamaApiApplication in 7.437 seconds (process running for 8.126) 
2025-12-01 23:01:06.715  o.s.b.w.e.t.GracefulShutdown - Commencing graceful shutdown. Waiting for active requests to complete 
2025-12-01 23:01:06.803  o.s.b.w.e.t.GracefulShutdown - Graceful shutdown complete 
2025-12-01 23:01:06.820  o.s.b.f.s.DisposableBeanAdapter - Custom destroy method 'close' on bean with name 'orderIdReader' propagated an exception: org.springframework.batch.item.ItemStreamException: Error while closing item reader 
2025-12-01 23:01:06.830  o.s.o.j.LocalContainerEntityManagerFactoryBean - Closing JPA EntityManagerFactory for persistence unit 'default' 
2025-12-01 23:01:06.851  c.z.h.HikariDataSource - HikariPool-1 - Shutdown initiated... 
2025-12-01 23:01:06.856  c.z.h.HikariDataSource - HikariPool-1 - Shutdown completed. 
