2025-10-31 00:46:11.769  o.h.v.i.u.Version - HV000001: Hibernate Validator 8.0.2.Final 
2025-10-31 00:46:11.826  o.e.t.TamaApiApplication - Starting TamaApiApplication using Java 17 with PID 30356 (C:\Users\user2208\Desktop\port_folio\tama-api\build\classes\java\main started by user2208 in C:\Users\user2208\Desktop\port_folio\tama-api) 
2025-10-31 00:46:11.826  o.e.t.TamaApiApplication - The following 1 profile is active: "local" 
2025-10-31 00:46:11.882  o.s.b.d.e.DevToolsPropertyDefaultsPostProcessor - Devtools property defaults active! Set 'spring.devtools.add-properties' to 'false' to disable 
2025-10-31 00:46:11.882  o.s.b.d.e.DevToolsPropertyDefaultsPostProcessor - For additional web related logging consider setting the 'logging.level.web' property to 'DEBUG' 
2025-10-31 00:46:12.629  o.s.b.c.c.a.BatchRegistrar - Finished Spring Batch infrastructure beans configuration in 3 ms. 
2025-10-31 00:46:12.906  o.s.d.r.c.RepositoryConfigurationDelegate - Bootstrapping Spring Data JPA repositories in DEFAULT mode. 
2025-10-31 00:46:13.003  o.s.d.r.c.RepositoryConfigurationDelegate - Finished Spring Data repository scanning in 91 ms. Found 14 JPA repository interfaces. 
2025-10-31 00:46:13.766  o.s.b.w.e.t.TomcatWebServer - Tomcat initialized with port 5000 (http) 
2025-10-31 00:46:13.776  o.a.c.h.Http11NioProtocol - Initializing ProtocolHandler ["http-nio-5000"] 
2025-10-31 00:46:13.778  o.a.c.c.StandardService - Starting service [Tomcat] 
2025-10-31 00:46:13.778  o.a.c.c.StandardEngine - Starting Servlet engine: [Apache Tomcat/10.1.34] 
2025-10-31 00:46:13.838  o.a.c.c.C.[.[.[/] - Initializing Spring embedded WebApplicationContext 
2025-10-31 00:46:13.839  o.s.b.w.s.c.ServletWebServerApplicationContext - Root WebApplicationContext: initialization completed in 1956 ms 
2025-10-31 00:46:13.977  c.z.h.HikariDataSource - HikariPool-1 - Starting... 
2025-10-31 00:46:14.187  c.z.h.p.HikariPool - HikariPool-1 - Added connection com.mysql.cj.jdbc.ConnectionImpl@5b6888f1 
2025-10-31 00:46:14.189  c.z.h.HikariDataSource - HikariPool-1 - Start completed. 
2025-10-31 00:46:14.277  o.h.j.i.u.LogHelper - HHH000204: Processing PersistenceUnitInfo [name: default] 
2025-10-31 00:46:14.329  o.h.Version - HHH000412: Hibernate ORM core version 6.2.0.CR2 
2025-10-31 00:46:14.331  o.h.c.Environment - HHH000406: Using bytecode reflection optimizer 
2025-10-31 00:46:14.461  o.h.b.i.BytecodeProviderInitiator - HHH000021: Bytecode provider name : bytebuddy 
2025-10-31 00:46:14.580  o.s.o.j.p.SpringPersistenceUnitInfo - No LoadTimeWeaver setup: ignoring JPA class transformer 
2025-10-31 00:46:14.652  SQL dialect - HHH000400: Using dialect: org.hibernate.dialect.MySQLDialect 
2025-10-31 00:46:14.897  o.h.b.i.BytecodeProviderInitiator - HHH000021: Bytecode provider name : bytebuddy 
2025-10-31 00:46:15.542  o.h.e.t.j.p.i.JtaPlatformInitiator - HHH000490: Using JtaPlatform implementation: [org.hibernate.engine.transaction.jta.platform.internal.NoJtaPlatform] 
2025-10-31 00:46:15.545  o.s.o.j.LocalContainerEntityManagerFactoryBean - Initialized JPA EntityManagerFactory for persistence unit 'default' 
2025-10-31 00:46:15.797  o.s.d.j.r.q.QueryEnhancerFactory - Hibernate is in classpath; If applicable, HQL parser will be used. 
2025-10-31 00:46:17.487  p6spy - #1761839177487 | took 159ms | statement | connection 2| url jdbc:mysql://localhost:3306/tama?serverTimezone=Asia/Seoul&characterEncoding=UTF-8
select c2_0.item_id,c1_0.color_item_id,i1_0.name,i1_0.original_price,i1_0.now_price from order_item o1_0 join color_item_size_stock c1_0 on c1_0.color_item_size_stock_id=o1_0.color_item_size_stock_id join color_item c2_0 on c2_0.color_item_id=c1_0.color_item_id join item i1_0 on i1_0.item_id=c2_0.item_id group by c1_0.color_item_id order by sum(o1_0.count) desc limit ?,?
select c2_0.item_id,c1_0.color_item_id,i1_0.name,i1_0.original_price,i1_0.now_price from order_item o1_0 join color_item_size_stock c1_0 on c1_0.color_item_size_stock_id=o1_0.color_item_size_stock_id join color_item c2_0 on c2_0.color_item_id=c1_0.color_item_id join item i1_0 on i1_0.item_id=c2_0.item_id group by c1_0.color_item_id order by sum(o1_0.count) desc limit 0,10; 
2025-10-31 00:46:17.519  p6spy - #1761839177519 | took 4ms | statement | connection 2| url jdbc:mysql://localhost:3306/tama?serverTimezone=Asia/Seoul&characterEncoding=UTF-8
select c1_0.item_image_id,c1_0.color_item_id,c1_0.sequence,c1_0.original_file_name,c1_0.stored_file_name from color_item_image c1_0 where c1_0.color_item_id in(?,?,?,?,?,?,?,?,?,?) and c1_0.sequence=?
select c1_0.item_image_id,c1_0.color_item_id,c1_0.sequence,c1_0.original_file_name,c1_0.stored_file_name from color_item_image c1_0 where c1_0.color_item_id in(1,2,3,4,5,6,7,8,9,10) and c1_0.sequence=1; 
2025-10-31 00:46:17.581  p6spy - #1761839177581 | took 6ms | statement | connection 2| url jdbc:mysql://localhost:3306/tama?serverTimezone=Asia/Seoul&characterEncoding=UTF-8
select c1_0.color_item_id,cast(round(avg(r1_0.rating),1) as decimal(53,2)),count(c1_0.color_item_id) from review r1_0 join order_item o1_0 on o1_0.order_item_id=r1_0.order_item_id join color_item_size_stock c1_0 on c1_0.color_item_size_stock_id=o1_0.color_item_size_stock_id where o1_0.color_item_size_stock_id in(?,?,?,?,?,?,?,?,?,?) group by c1_0.color_item_id
select c1_0.color_item_id,cast(round(avg(r1_0.rating),1) as decimal(53,2)),count(c1_0.color_item_id) from review r1_0 join order_item o1_0 on o1_0.order_item_id=r1_0.order_item_id join color_item_size_stock c1_0 on c1_0.color_item_size_stock_id=o1_0.color_item_size_stock_id where o1_0.color_item_size_stock_id in(1,2,3,4,5,6,7,8,9,10) group by c1_0.color_item_id; 
2025-10-31 00:46:17.592  p6spy - #1761839177592 | took 2ms | statement | connection 2| url jdbc:mysql://localhost:3306/tama?serverTimezone=Asia/Seoul&characterEncoding=UTF-8
select c1_0.category_id,c2_0.parent_id,c2_0.category_id,c2_0.name,c1_0.name,c1_0.parent_id from category c1_0 left join category c2_0 on c1_0.category_id=c2_0.parent_id where c1_0.category_id=?
select c1_0.category_id,c2_0.parent_id,c2_0.category_id,c2_0.name,c1_0.name,c1_0.parent_id from category c1_0 left join category c2_0 on c1_0.category_id=c2_0.parent_id where c1_0.category_id=1; 
2025-10-31 00:46:17.611  p6spy - #1761839177611 | took 1ms | statement | connection 2| url jdbc:mysql://localhost:3306/tama?serverTimezone=Asia/Seoul&characterEncoding=UTF-8
select c2_0.item_id,c1_0.color_item_id,i1_0.name,i1_0.original_price,i1_0.now_price from order_item o1_0 join color_item_size_stock c1_0 on c1_0.color_item_size_stock_id=o1_0.color_item_size_stock_id join color_item c2_0 on c2_0.color_item_id=c1_0.color_item_id join item i1_0 on i1_0.item_id=c2_0.item_id where i1_0.category_id in(?,?,?,?) group by c1_0.color_item_id order by sum(o1_0.count) desc limit ?,?
select c2_0.item_id,c1_0.color_item_id,i1_0.name,i1_0.original_price,i1_0.now_price from order_item o1_0 join color_item_size_stock c1_0 on c1_0.color_item_size_stock_id=o1_0.color_item_size_stock_id join color_item c2_0 on c2_0.color_item_id=c1_0.color_item_id join item i1_0 on i1_0.item_id=c2_0.item_id where i1_0.category_id in(1,2,3,4) group by c1_0.color_item_id order by sum(o1_0.count) desc limit 0,10; 
2025-10-31 00:46:17.614  p6spy - #1761839177614 | took 0ms | statement | connection 2| url jdbc:mysql://localhost:3306/tama?serverTimezone=Asia/Seoul&characterEncoding=UTF-8
select c1_0.item_image_id,c1_0.color_item_id,c1_0.sequence,c1_0.original_file_name,c1_0.stored_file_name from color_item_image c1_0 where c1_0.color_item_id in(?) and c1_0.sequence=?
select c1_0.item_image_id,c1_0.color_item_id,c1_0.sequence,c1_0.original_file_name,c1_0.stored_file_name from color_item_image c1_0 where c1_0.color_item_id in(NULL) and c1_0.sequence=1; 
2025-10-31 00:46:17.616  p6spy - #1761839177616 | took 0ms | statement | connection 2| url jdbc:mysql://localhost:3306/tama?serverTimezone=Asia/Seoul&characterEncoding=UTF-8
select c1_0.color_item_id,cast(round(avg(r1_0.rating),1) as decimal(53,2)),count(c1_0.color_item_id) from review r1_0 join order_item o1_0 on o1_0.order_item_id=r1_0.order_item_id join color_item_size_stock c1_0 on c1_0.color_item_size_stock_id=o1_0.color_item_size_stock_id where 1=0 group by c1_0.color_item_id
select c1_0.color_item_id,cast(round(avg(r1_0.rating),1) as decimal(53,2)),count(c1_0.color_item_id) from review r1_0 join order_item o1_0 on o1_0.order_item_id=r1_0.order_item_id join color_item_size_stock c1_0 on c1_0.color_item_size_stock_id=o1_0.color_item_size_stock_id where 1=0 group by c1_0.color_item_id; 
2025-10-31 00:46:17.619  p6spy - #1761839177618 | took 0ms | statement | connection 2| url jdbc:mysql://localhost:3306/tama?serverTimezone=Asia/Seoul&characterEncoding=UTF-8
select c1_0.category_id,c2_0.parent_id,c2_0.category_id,c2_0.name,c1_0.name,c1_0.parent_id from category c1_0 left join category c2_0 on c1_0.category_id=c2_0.parent_id where c1_0.category_id=?
select c1_0.category_id,c2_0.parent_id,c2_0.category_id,c2_0.name,c1_0.name,c1_0.parent_id from category c1_0 left join category c2_0 on c1_0.category_id=c2_0.parent_id where c1_0.category_id=5; 
2025-10-31 00:46:17.621  p6spy - #1761839177621 | took 0ms | statement | connection 2| url jdbc:mysql://localhost:3306/tama?serverTimezone=Asia/Seoul&characterEncoding=UTF-8
select c2_0.item_id,c1_0.color_item_id,i1_0.name,i1_0.original_price,i1_0.now_price from order_item o1_0 join color_item_size_stock c1_0 on c1_0.color_item_size_stock_id=o1_0.color_item_size_stock_id join color_item c2_0 on c2_0.color_item_id=c1_0.color_item_id join item i1_0 on i1_0.item_id=c2_0.item_id where i1_0.category_id in(?,?,?,?,?,?) group by c1_0.color_item_id order by sum(o1_0.count) desc limit ?,?
select c2_0.item_id,c1_0.color_item_id,i1_0.name,i1_0.original_price,i1_0.now_price from order_item o1_0 join color_item_size_stock c1_0 on c1_0.color_item_size_stock_id=o1_0.color_item_size_stock_id join color_item c2_0 on c2_0.color_item_id=c1_0.color_item_id join item i1_0 on i1_0.item_id=c2_0.item_id where i1_0.category_id in(5,6,7,8,9,10) group by c1_0.color_item_id order by sum(o1_0.count) desc limit 0,10; 
2025-10-31 00:46:17.623  p6spy - #1761839177623 | took 0ms | statement | connection 2| url jdbc:mysql://localhost:3306/tama?serverTimezone=Asia/Seoul&characterEncoding=UTF-8
select c1_0.item_image_id,c1_0.color_item_id,c1_0.sequence,c1_0.original_file_name,c1_0.stored_file_name from color_item_image c1_0 where c1_0.color_item_id in(?) and c1_0.sequence=?
select c1_0.item_image_id,c1_0.color_item_id,c1_0.sequence,c1_0.original_file_name,c1_0.stored_file_name from color_item_image c1_0 where c1_0.color_item_id in(NULL) and c1_0.sequence=1; 
2025-10-31 00:46:17.625  p6spy - #1761839177625 | took 0ms | statement | connection 2| url jdbc:mysql://localhost:3306/tama?serverTimezone=Asia/Seoul&characterEncoding=UTF-8
select c1_0.color_item_id,cast(round(avg(r1_0.rating),1) as decimal(53,2)),count(c1_0.color_item_id) from review r1_0 join order_item o1_0 on o1_0.order_item_id=r1_0.order_item_id join color_item_size_stock c1_0 on c1_0.color_item_size_stock_id=o1_0.color_item_size_stock_id where 1=0 group by c1_0.color_item_id
select c1_0.color_item_id,cast(round(avg(r1_0.rating),1) as decimal(53,2)),count(c1_0.color_item_id) from review r1_0 join order_item o1_0 on o1_0.order_item_id=r1_0.order_item_id join color_item_size_stock c1_0 on c1_0.color_item_size_stock_id=o1_0.color_item_size_stock_id where 1=0 group by c1_0.color_item_id; 
2025-10-31 00:46:17.626  p6spy - #1761839177626 | took 0ms | statement | connection 2| url jdbc:mysql://localhost:3306/tama?serverTimezone=Asia/Seoul&characterEncoding=UTF-8
select c1_0.category_id,c2_0.parent_id,c2_0.category_id,c2_0.name,c1_0.name,c1_0.parent_id from category c1_0 left join category c2_0 on c1_0.category_id=c2_0.parent_id where c1_0.category_id=?
select c1_0.category_id,c2_0.parent_id,c2_0.category_id,c2_0.name,c1_0.name,c1_0.parent_id from category c1_0 left join category c2_0 on c1_0.category_id=c2_0.parent_id where c1_0.category_id=11; 
2025-10-31 00:46:17.687  p6spy - #1761839177687 | took 57ms | statement | connection 2| url jdbc:mysql://localhost:3306/tama?serverTimezone=Asia/Seoul&characterEncoding=UTF-8
select c2_0.item_id,c1_0.color_item_id,i1_0.name,i1_0.original_price,i1_0.now_price from order_item o1_0 join color_item_size_stock c1_0 on c1_0.color_item_size_stock_id=o1_0.color_item_size_stock_id join color_item c2_0 on c2_0.color_item_id=c1_0.color_item_id join item i1_0 on i1_0.item_id=c2_0.item_id where i1_0.category_id in(?,?,?,?,?) group by c1_0.color_item_id order by sum(o1_0.count) desc limit ?,?
select c2_0.item_id,c1_0.color_item_id,i1_0.name,i1_0.original_price,i1_0.now_price from order_item o1_0 join color_item_size_stock c1_0 on c1_0.color_item_size_stock_id=o1_0.color_item_size_stock_id join color_item c2_0 on c2_0.color_item_id=c1_0.color_item_id join item i1_0 on i1_0.item_id=c2_0.item_id where i1_0.category_id in(11,12,13,14,15) group by c1_0.color_item_id order by sum(o1_0.count) desc limit 0,10; 
2025-10-31 00:46:17.690  p6spy - #1761839177690 | took 0ms | statement | connection 2| url jdbc:mysql://localhost:3306/tama?serverTimezone=Asia/Seoul&characterEncoding=UTF-8
select c1_0.item_image_id,c1_0.color_item_id,c1_0.sequence,c1_0.original_file_name,c1_0.stored_file_name from color_item_image c1_0 where c1_0.color_item_id in(?,?,?,?,?,?,?,?,?,?) and c1_0.sequence=?
select c1_0.item_image_id,c1_0.color_item_id,c1_0.sequence,c1_0.original_file_name,c1_0.stored_file_name from color_item_image c1_0 where c1_0.color_item_id in(1,2,3,4,5,6,7,8,9,10) and c1_0.sequence=1; 
2025-10-31 00:46:17.693  p6spy - #1761839177693 | took 0ms | statement | connection 2| url jdbc:mysql://localhost:3306/tama?serverTimezone=Asia/Seoul&characterEncoding=UTF-8
select c1_0.color_item_id,cast(round(avg(r1_0.rating),1) as decimal(53,2)),count(c1_0.color_item_id) from review r1_0 join order_item o1_0 on o1_0.order_item_id=r1_0.order_item_id join color_item_size_stock c1_0 on c1_0.color_item_size_stock_id=o1_0.color_item_size_stock_id where o1_0.color_item_size_stock_id in(?,?,?,?,?,?,?,?,?,?) group by c1_0.color_item_id
select c1_0.color_item_id,cast(round(avg(r1_0.rating),1) as decimal(53,2)),count(c1_0.color_item_id) from review r1_0 join order_item o1_0 on o1_0.order_item_id=r1_0.order_item_id join color_item_size_stock c1_0 on c1_0.color_item_size_stock_id=o1_0.color_item_size_stock_id where o1_0.color_item_size_stock_id in(1,2,3,4,5,6,7,8,9,10) group by c1_0.color_item_id; 
2025-10-31 00:46:17.695  p6spy - #1761839177695 | took 0ms | commit | connection 2| url jdbc:mysql://localhost:3306/tama?serverTimezone=Asia/Seoul&characterEncoding=UTF-8

; 
2025-10-31 00:46:17.702  o.s.b.c.r.s.JobRepositoryFactoryBean - No database type set, using meta data indicating: MYSQL 
2025-10-31 00:46:17.732  o.s.b.c.l.s.TaskExecutorJobLauncher - No TaskExecutor has been set, defaulting to synchronous executor. 
2025-10-31 00:46:17.785  o.s.b.c.c.a.BatchObservabilityBeanPostProcessor - No Micrometer observation registry found, defaulting to ObservationRegistry.NOOP 
2025-10-31 00:46:17.793  o.s.b.c.c.a.BatchObservabilityBeanPostProcessor - No Micrometer observation registry found, defaulting to ObservationRegistry.NOOP 
2025-10-31 00:46:18.586  o.s.b.a.h.H2ConsoleAutoConfiguration - H2 console available at '/h2-console'. Database available at 'jdbc:mysql://localhost:3306/tama?serverTimezone=Asia/Seoul&characterEncoding=UTF-8' 
2025-10-31 00:46:18.696  o.s.b.d.a.OptionalLiveReloadServer - LiveReload server is running on port 35729 
2025-10-31 00:46:18.715  o.a.c.h.Http11NioProtocol - Starting ProtocolHandler ["http-nio-5000"] 
2025-10-31 00:46:18.729  o.s.b.w.e.t.TomcatWebServer - Tomcat started on port 5000 (http) with context path '/' 
2025-10-31 00:46:18.738  o.e.t.TamaApiApplication - Started TamaApiApplication in 7.431 seconds (process running for 8.112) 
2025-10-31 00:46:36.731  o.a.c.c.C.[.[.[/] - Initializing Spring DispatcherServlet 'dispatcherServlet' 
2025-10-31 00:46:36.731  o.s.w.s.DispatcherServlet - Initializing Servlet 'dispatcherServlet' 
2025-10-31 00:46:36.732  o.s.w.s.DispatcherServlet - Completed initialization in 1 ms 
2025-10-31 00:46:36.803  p6spy - #1761839196803 | took 0ms | statement | connection 5| url jdbc:mysql://localhost:3306/tama?serverTimezone=Asia/Seoul&characterEncoding=UTF-8
select c1_0.category_id,c1_0.name,c1_0.parent_id from category c1_0 where c1_0.parent_id is null
select c1_0.category_id,c1_0.name,c1_0.parent_id from category c1_0 where c1_0.parent_id is null; 
2025-10-31 00:46:36.806  p6spy - #1761839196806 | took 3ms | statement | connection 7| url jdbc:mysql://localhost:3306/tama?serverTimezone=Asia/Seoul&characterEncoding=UTF-8
select c1_0.category_id,c2_0.parent_id,c2_0.category_id,c2_0.name,c1_0.name,c1_0.parent_id from category c1_0 join category c2_0 on c1_0.category_id=c2_0.parent_id where c1_0.parent_id is null
select c1_0.category_id,c2_0.parent_id,c2_0.category_id,c2_0.name,c1_0.name,c1_0.parent_id from category c1_0 join category c2_0 on c1_0.category_id=c2_0.parent_id where c1_0.parent_id is null; 
2025-10-31 00:46:36.806  p6spy - #1761839196806 | took 4ms | statement | connection 6| url jdbc:mysql://localhost:3306/tama?serverTimezone=Asia/Seoul&characterEncoding=UTF-8
select c1_0.category_id,c2_0.parent_id,c2_0.category_id,c2_0.name,c1_0.name,c1_0.parent_id from category c1_0 join category c2_0 on c1_0.category_id=c2_0.parent_id where c1_0.parent_id is null
select c1_0.category_id,c2_0.parent_id,c2_0.category_id,c2_0.name,c1_0.name,c1_0.parent_id from category c1_0 join category c2_0 on c1_0.category_id=c2_0.parent_id where c1_0.parent_id is null; 
2025-10-31 00:46:41.597  p6spy - #1761839201597 | took 4ms | statement | connection 8| url jdbc:mysql://localhost:3306/tama?serverTimezone=Asia/Seoul&characterEncoding=UTF-8
select m1_0.member_id,m1_0.authority,m1_0.created_at,m1_0.email,m1_0.gender,m1_0.height,m1_0.nickname,m1_0.password,m1_0.phone,m1_0.point,m1_0.provider,m1_0.updated_at,m1_0.weight from member m1_0 where m1_0.email=?
select m1_0.member_id,m1_0.authority,m1_0.created_at,m1_0.email,m1_0.gender,m1_0.height,m1_0.nickname,m1_0.password,m1_0.phone,m1_0.point,m1_0.provider,m1_0.updated_at,m1_0.weight from member m1_0 where m1_0.email='burnaby033@naver.com'; 
2025-10-31 00:46:43.296  p6spy - #1761839203296 | took 3ms | statement | connection 9| url jdbc:mysql://localhost:3306/tama?serverTimezone=Asia/Seoul&characterEncoding=UTF-8
select c1_0.color_item_id,c2_0.color_id,c2_0.hex_code,c2_0.name,c2_0.parent_id,c4_0.color_item_id,c4_0.color_item_size_stock_id,c4_0.size,c4_0.stock,c1_0.created_at,i1_0.item_id,c3_0.category_id,c3_0.name,c3_0.parent_id,i1_0.country_of_manufacture,i1_0.created_at,i1_0.date_of_manufacture,i1_0.description,i1_0.gender,i1_0.manufacturer,i1_0.name,i1_0.now_price,i1_0.original_price,i1_0.precaution,i1_0.textile,i1_0.updated_at,i1_0.year_season,c1_0.updated_at from color_item c1_0 join color c2_0 on c2_0.color_id=c1_0.color_id join item i1_0 on i1_0.item_id=c1_0.item_id join category c3_0 on c3_0.category_id=i1_0.category_id join color_item_size_stock c4_0 on c1_0.color_item_id=c4_0.color_item_id where c1_0.color_item_id=?
select c1_0.color_item_id,c2_0.color_id,c2_0.hex_code,c2_0.name,c2_0.parent_id,c4_0.color_item_id,c4_0.color_item_size_stock_id,c4_0.size,c4_0.stock,c1_0.created_at,i1_0.item_id,c3_0.category_id,c3_0.name,c3_0.parent_id,i1_0.country_of_manufacture,i1_0.created_at,i1_0.date_of_manufacture,i1_0.description,i1_0.gender,i1_0.manufacturer,i1_0.name,i1_0.now_price,i1_0.original_price,i1_0.precaution,i1_0.textile,i1_0.updated_at,i1_0.year_season,c1_0.updated_at from color_item c1_0 join color c2_0 on c2_0.color_id=c1_0.color_id join item i1_0 on i1_0.item_id=c1_0.item_id join category c3_0 on c3_0.category_id=i1_0.category_id join color_item_size_stock c4_0 on c1_0.color_item_id=c4_0.color_item_id where c1_0.color_item_id=1; 
2025-10-31 00:46:43.301  p6spy - #1761839203301 | took 0ms | statement | connection 10| url jdbc:mysql://localhost:3306/tama?serverTimezone=Asia/Seoul&characterEncoding=UTF-8
select c1_0.item_image_id,c1_0.color_item_id,c1_0.sequence,c1_0.original_file_name,c1_0.stored_file_name from color_item_image c1_0 where c1_0.color_item_id=?
select c1_0.item_image_id,c1_0.color_item_id,c1_0.sequence,c1_0.original_file_name,c1_0.stored_file_name from color_item_image c1_0 where c1_0.color_item_id=1; 
2025-10-31 00:46:43.304  p6spy - #1761839203304 | took 1ms | statement | connection 11| url jdbc:mysql://localhost:3306/tama?serverTimezone=Asia/Seoul&characterEncoding=UTF-8
select c1_0.color_item_id,c2_0.color_id,c2_0.hex_code,c2_0.name,c2_0.parent_id,c3_0.color_item_id,c3_0.color_item_size_stock_id,c3_0.size,c3_0.stock,c1_0.created_at,c1_0.item_id,c1_0.updated_at from color_item c1_0 join color c2_0 on c2_0.color_id=c1_0.color_id join color_item_size_stock c3_0 on c1_0.color_item_id=c3_0.color_item_id where c1_0.item_id=?
select c1_0.color_item_id,c2_0.color_id,c2_0.hex_code,c2_0.name,c2_0.parent_id,c3_0.color_item_id,c3_0.color_item_size_stock_id,c3_0.size,c3_0.stock,c1_0.created_at,c1_0.item_id,c1_0.updated_at from color_item c1_0 join color c2_0 on c2_0.color_id=c1_0.color_id join color_item_size_stock c3_0 on c1_0.color_item_id=c3_0.color_item_id where c1_0.item_id=1; 
2025-10-31 00:46:43.307  p6spy - #1761839203307 | took 0ms | statement | connection 12| url jdbc:mysql://localhost:3306/tama?serverTimezone=Asia/Seoul&characterEncoding=UTF-8
select c1_0.item_image_id,c1_0.color_item_id,c1_0.sequence,c1_0.original_file_name,c1_0.stored_file_name from color_item_image c1_0 where c1_0.color_item_id in(?,?) and c1_0.sequence=?
select c1_0.item_image_id,c1_0.color_item_id,c1_0.sequence,c1_0.original_file_name,c1_0.stored_file_name from color_item_image c1_0 where c1_0.color_item_id in(1,2) and c1_0.sequence=1; 
2025-10-31 00:46:43.658  p6spy - #1761839203658 | took 1ms | statement | connection 13| url jdbc:mysql://localhost:3306/tama?serverTimezone=Asia/Seoul&characterEncoding=UTF-8
select round(avg(r1_0.rating),1) from review r1_0 join order_item o1_0 on o1_0.order_item_id=r1_0.order_item_id join color_item_size_stock c1_0 on c1_0.color_item_size_stock_id=o1_0.color_item_size_stock_id join color_item c2_0 on c2_0.color_item_id=c1_0.color_item_id where c1_0.color_item_id=?
select round(avg(r1_0.rating),1) from review r1_0 join order_item o1_0 on o1_0.order_item_id=r1_0.order_item_id join color_item_size_stock c1_0 on c1_0.color_item_size_stock_id=o1_0.color_item_size_stock_id join color_item c2_0 on c2_0.color_item_id=c1_0.color_item_id where c1_0.color_item_id=1; 
2025-10-31 00:46:43.670  p6spy - #1761839203670 | took 2ms | statement | connection 14| url jdbc:mysql://localhost:3306/tama?serverTimezone=Asia/Seoul&characterEncoding=UTF-8
select r1_0.review_id,r1_0.comment,r1_0.created_at,r1_0.height,m1_0.member_id,m1_0.authority,m1_0.created_at,m1_0.email,m1_0.gender,m1_0.height,m1_0.nickname,m1_0.password,m1_0.phone,m1_0.point,m1_0.provider,m1_0.updated_at,m1_0.weight,o1_0.order_item_id,c1_0.color_item_size_stock_id,c2_0.color_item_id,c3_0.color_id,c3_0.hex_code,c3_0.name,c3_0.parent_id,c2_0.created_at,c2_0.item_id,c2_0.updated_at,c1_0.size,c1_0.stock,o1_0.count,o1_0.order_id,o1_0.order_price,r1_0.rating,r1_0.updated_at,r1_0.weight from review r1_0 join member m1_0 on m1_0.member_id=r1_0.member_id join order_item o1_0 on o1_0.order_item_id=r1_0.order_item_id join color_item_size_stock c1_0 on c1_0.color_item_size_stock_id=o1_0.color_item_size_stock_id join color_item c2_0 on c2_0.color_item_id=c1_0.color_item_id join color c3_0 on c3_0.color_id=c2_0.color_id where c1_0.color_item_id=? order by r1_0.created_at desc,r1_0.review_id desc limit ?
select r1_0.review_id,r1_0.comment,r1_0.created_at,r1_0.height,m1_0.member_id,m1_0.authority,m1_0.created_at,m1_0.email,m1_0.gender,m1_0.height,m1_0.nickname,m1_0.password,m1_0.phone,m1_0.point,m1_0.provider,m1_0.updated_at,m1_0.weight,o1_0.order_item_id,c1_0.color_item_size_stock_id,c2_0.color_item_id,c3_0.color_id,c3_0.hex_code,c3_0.name,c3_0.parent_id,c2_0.created_at,c2_0.item_id,c2_0.updated_at,c1_0.size,c1_0.stock,o1_0.count,o1_0.order_id,o1_0.order_price,r1_0.rating,r1_0.updated_at,r1_0.weight from review r1_0 join member m1_0 on m1_0.member_id=r1_0.member_id join order_item o1_0 on o1_0.order_item_id=r1_0.order_item_id join color_item_size_stock c1_0 on c1_0.color_item_size_stock_id=o1_0.color_item_size_stock_id join color_item c2_0 on c2_0.color_item_id=c1_0.color_item_id join color c3_0 on c3_0.color_id=c2_0.color_id where c1_0.color_item_id=1 order by r1_0.created_at desc,r1_0.review_id desc limit 10; 
2025-10-31 00:46:44.074  p6spy - #1761839204074 | took 0ms | statement | connection 15| url jdbc:mysql://localhost:3306/tama?serverTimezone=Asia/Seoul&characterEncoding=UTF-8
select c1_0.category_id,c1_0.name,c1_0.parent_id from category c1_0 where c1_0.parent_id is null
select c1_0.category_id,c1_0.name,c1_0.parent_id from category c1_0 where c1_0.parent_id is null; 
2025-10-31 00:46:44.935  p6spy - #1761839204935 | took 0ms | statement | connection 16| url jdbc:mysql://localhost:3306/tama?serverTimezone=Asia/Seoul&characterEncoding=UTF-8
select c1_0.color_item_id,c2_0.color_id,c2_0.hex_code,c2_0.name,c2_0.parent_id,c4_0.color_item_id,c4_0.color_item_size_stock_id,c4_0.size,c4_0.stock,c1_0.created_at,i1_0.item_id,c3_0.category_id,c3_0.name,c3_0.parent_id,i1_0.country_of_manufacture,i1_0.created_at,i1_0.date_of_manufacture,i1_0.description,i1_0.gender,i1_0.manufacturer,i1_0.name,i1_0.now_price,i1_0.original_price,i1_0.precaution,i1_0.textile,i1_0.updated_at,i1_0.year_season,c1_0.updated_at from color_item c1_0 join color c2_0 on c2_0.color_id=c1_0.color_id join item i1_0 on i1_0.item_id=c1_0.item_id join category c3_0 on c3_0.category_id=i1_0.category_id join color_item_size_stock c4_0 on c1_0.color_item_id=c4_0.color_item_id where c1_0.color_item_id=?
select c1_0.color_item_id,c2_0.color_id,c2_0.hex_code,c2_0.name,c2_0.parent_id,c4_0.color_item_id,c4_0.color_item_size_stock_id,c4_0.size,c4_0.stock,c1_0.created_at,i1_0.item_id,c3_0.category_id,c3_0.name,c3_0.parent_id,i1_0.country_of_manufacture,i1_0.created_at,i1_0.date_of_manufacture,i1_0.description,i1_0.gender,i1_0.manufacturer,i1_0.name,i1_0.now_price,i1_0.original_price,i1_0.precaution,i1_0.textile,i1_0.updated_at,i1_0.year_season,c1_0.updated_at from color_item c1_0 join color c2_0 on c2_0.color_id=c1_0.color_id join item i1_0 on i1_0.item_id=c1_0.item_id join category c3_0 on c3_0.category_id=i1_0.category_id join color_item_size_stock c4_0 on c1_0.color_item_id=c4_0.color_item_id where c1_0.color_item_id=1; 
2025-10-31 00:46:44.938  p6spy - #1761839204938 | took 0ms | statement | connection 17| url jdbc:mysql://localhost:3306/tama?serverTimezone=Asia/Seoul&characterEncoding=UTF-8
select c1_0.item_image_id,c1_0.color_item_id,c1_0.sequence,c1_0.original_file_name,c1_0.stored_file_name from color_item_image c1_0 where c1_0.color_item_id=?
select c1_0.item_image_id,c1_0.color_item_id,c1_0.sequence,c1_0.original_file_name,c1_0.stored_file_name from color_item_image c1_0 where c1_0.color_item_id=1; 
2025-10-31 00:46:44.939  p6spy - #1761839204939 | took 0ms | statement | connection 18| url jdbc:mysql://localhost:3306/tama?serverTimezone=Asia/Seoul&characterEncoding=UTF-8
select c1_0.color_item_id,c2_0.color_id,c2_0.hex_code,c2_0.name,c2_0.parent_id,c3_0.color_item_id,c3_0.color_item_size_stock_id,c3_0.size,c3_0.stock,c1_0.created_at,c1_0.item_id,c1_0.updated_at from color_item c1_0 join color c2_0 on c2_0.color_id=c1_0.color_id join color_item_size_stock c3_0 on c1_0.color_item_id=c3_0.color_item_id where c1_0.item_id=?
select c1_0.color_item_id,c2_0.color_id,c2_0.hex_code,c2_0.name,c2_0.parent_id,c3_0.color_item_id,c3_0.color_item_size_stock_id,c3_0.size,c3_0.stock,c1_0.created_at,c1_0.item_id,c1_0.updated_at from color_item c1_0 join color c2_0 on c2_0.color_id=c1_0.color_id join color_item_size_stock c3_0 on c1_0.color_item_id=c3_0.color_item_id where c1_0.item_id=1; 
2025-10-31 00:46:44.941  p6spy - #1761839204941 | took 0ms | statement | connection 19| url jdbc:mysql://localhost:3306/tama?serverTimezone=Asia/Seoul&characterEncoding=UTF-8
select c1_0.item_image_id,c1_0.color_item_id,c1_0.sequence,c1_0.original_file_name,c1_0.stored_file_name from color_item_image c1_0 where c1_0.color_item_id in(?,?) and c1_0.sequence=?
select c1_0.item_image_id,c1_0.color_item_id,c1_0.sequence,c1_0.original_file_name,c1_0.stored_file_name from color_item_image c1_0 where c1_0.color_item_id in(1,2) and c1_0.sequence=1; 
2025-10-31 00:46:44.971  p6spy - #1761839204971 | took 3ms | statement | connection 20| url jdbc:mysql://localhost:3306/tama?serverTimezone=Asia/Seoul&characterEncoding=UTF-8
select round(avg(r1_0.rating),1) from review r1_0 join order_item o1_0 on o1_0.order_item_id=r1_0.order_item_id join color_item_size_stock c1_0 on c1_0.color_item_size_stock_id=o1_0.color_item_size_stock_id join color_item c2_0 on c2_0.color_item_id=c1_0.color_item_id where c1_0.color_item_id=?
select round(avg(r1_0.rating),1) from review r1_0 join order_item o1_0 on o1_0.order_item_id=r1_0.order_item_id join color_item_size_stock c1_0 on c1_0.color_item_size_stock_id=o1_0.color_item_size_stock_id join color_item c2_0 on c2_0.color_item_id=c1_0.color_item_id where c1_0.color_item_id=1; 
2025-10-31 00:46:44.978  p6spy - #1761839204978 | took 5ms | statement | connection 21| url jdbc:mysql://localhost:3306/tama?serverTimezone=Asia/Seoul&characterEncoding=UTF-8
select r1_0.review_id,r1_0.comment,r1_0.created_at,r1_0.height,m1_0.member_id,m1_0.authority,m1_0.created_at,m1_0.email,m1_0.gender,m1_0.height,m1_0.nickname,m1_0.password,m1_0.phone,m1_0.point,m1_0.provider,m1_0.updated_at,m1_0.weight,o1_0.order_item_id,c1_0.color_item_size_stock_id,c2_0.color_item_id,c3_0.color_id,c3_0.hex_code,c3_0.name,c3_0.parent_id,c2_0.created_at,c2_0.item_id,c2_0.updated_at,c1_0.size,c1_0.stock,o1_0.count,o1_0.order_id,o1_0.order_price,r1_0.rating,r1_0.updated_at,r1_0.weight from review r1_0 join member m1_0 on m1_0.member_id=r1_0.member_id join order_item o1_0 on o1_0.order_item_id=r1_0.order_item_id join color_item_size_stock c1_0 on c1_0.color_item_size_stock_id=o1_0.color_item_size_stock_id join color_item c2_0 on c2_0.color_item_id=c1_0.color_item_id join color c3_0 on c3_0.color_id=c2_0.color_id where c1_0.color_item_id=? order by r1_0.created_at desc,r1_0.review_id desc limit ?
select r1_0.review_id,r1_0.comment,r1_0.created_at,r1_0.height,m1_0.member_id,m1_0.authority,m1_0.created_at,m1_0.email,m1_0.gender,m1_0.height,m1_0.nickname,m1_0.password,m1_0.phone,m1_0.point,m1_0.provider,m1_0.updated_at,m1_0.weight,o1_0.order_item_id,c1_0.color_item_size_stock_id,c2_0.color_item_id,c3_0.color_id,c3_0.hex_code,c3_0.name,c3_0.parent_id,c2_0.created_at,c2_0.item_id,c2_0.updated_at,c1_0.size,c1_0.stock,o1_0.count,o1_0.order_id,o1_0.order_price,r1_0.rating,r1_0.updated_at,r1_0.weight from review r1_0 join member m1_0 on m1_0.member_id=r1_0.member_id join order_item o1_0 on o1_0.order_item_id=r1_0.order_item_id join color_item_size_stock c1_0 on c1_0.color_item_size_stock_id=o1_0.color_item_size_stock_id join color_item c2_0 on c2_0.color_item_id=c1_0.color_item_id join color c3_0 on c3_0.color_id=c2_0.color_id where c1_0.color_item_id=1 order by r1_0.created_at desc,r1_0.review_id desc limit 10; 
2025-10-31 00:46:46.760  p6spy - #1761839206760 | took 0ms | statement | connection 22| url jdbc:mysql://localhost:3306/tama?serverTimezone=Asia/Seoul&characterEncoding=UTF-8
select c1_0.color_item_size_stock_id,c2_0.color_item_id,c3_0.color_id,c3_0.hex_code,c3_0.name,c3_0.parent_id,c2_0.created_at,i1_0.item_id,i1_0.category_id,i1_0.country_of_manufacture,i1_0.created_at,i1_0.date_of_manufacture,i1_0.description,i1_0.gender,i1_0.manufacturer,i1_0.name,i1_0.now_price,i1_0.original_price,i1_0.precaution,i1_0.textile,i1_0.updated_at,i1_0.year_season,c2_0.updated_at,c1_0.size,c1_0.stock from color_item_size_stock c1_0 join color_item c2_0 on c2_0.color_item_id=c1_0.color_item_id join color c3_0 on c3_0.color_id=c2_0.color_id join item i1_0 on i1_0.item_id=c2_0.item_id where c1_0.color_item_size_stock_id in(?)
select c1_0.color_item_size_stock_id,c2_0.color_item_id,c3_0.color_id,c3_0.hex_code,c3_0.name,c3_0.parent_id,c2_0.created_at,i1_0.item_id,i1_0.category_id,i1_0.country_of_manufacture,i1_0.created_at,i1_0.date_of_manufacture,i1_0.description,i1_0.gender,i1_0.manufacturer,i1_0.name,i1_0.now_price,i1_0.original_price,i1_0.precaution,i1_0.textile,i1_0.updated_at,i1_0.year_season,c2_0.updated_at,c1_0.size,c1_0.stock from color_item_size_stock c1_0 join color_item c2_0 on c2_0.color_item_id=c1_0.color_item_id join color c3_0 on c3_0.color_id=c2_0.color_id join item i1_0 on i1_0.item_id=c2_0.item_id where c1_0.color_item_size_stock_id in(1); 
2025-10-31 00:46:46.763  p6spy - #1761839206763 | took 0ms | statement | connection 23| url jdbc:mysql://localhost:3306/tama?serverTimezone=Asia/Seoul&characterEncoding=UTF-8
select c1_0.item_image_id,c1_0.color_item_id,c1_0.sequence,c1_0.original_file_name,c1_0.stored_file_name from color_item_image c1_0 where c1_0.color_item_id in(?) and c1_0.sequence=?
select c1_0.item_image_id,c1_0.color_item_id,c1_0.sequence,c1_0.original_file_name,c1_0.stored_file_name from color_item_image c1_0 where c1_0.color_item_id in(1) and c1_0.sequence=1; 
2025-10-31 00:46:46.785  p6spy - #1761839206785 | took 5ms | statement | connection 25| url jdbc:mysql://localhost:3306/tama?serverTimezone=Asia/Seoul&characterEncoding=UTF-8
select m1_0.member_id,a1_0.member_id,a1_0.delivery_address_id,a1_0.created_at,a1_0.detail,a1_0.is_default,a1_0.name,a1_0.receiver_nick_name,a1_0.receiver_phone,a1_0.street,a1_0.updated_at,a1_0.zip_code,m1_0.authority,m1_0.created_at,m1_0.email,m1_0.gender,m1_0.height,m1_0.nickname,m1_0.password,m1_0.phone,m1_0.point,m1_0.provider,m1_0.updated_at,m1_0.weight from member m1_0 join member_address a1_0 on m1_0.member_id=a1_0.member_id where m1_0.member_id=?
select m1_0.member_id,a1_0.member_id,a1_0.delivery_address_id,a1_0.created_at,a1_0.detail,a1_0.is_default,a1_0.name,a1_0.receiver_nick_name,a1_0.receiver_phone,a1_0.street,a1_0.updated_at,a1_0.zip_code,m1_0.authority,m1_0.created_at,m1_0.email,m1_0.gender,m1_0.height,m1_0.nickname,m1_0.password,m1_0.phone,m1_0.point,m1_0.provider,m1_0.updated_at,m1_0.weight from member m1_0 join member_address a1_0 on m1_0.member_id=a1_0.member_id where m1_0.member_id=3; 
2025-10-31 00:46:46.786  p6spy - #1761839206786 | took 6ms | statement | connection 24| url jdbc:mysql://localhost:3306/tama?serverTimezone=Asia/Seoul&characterEncoding=UTF-8
select m1_0.member_coupon_id,c1_0.coupon_id,c1_0.created_at,c1_0.discount_value,c1_0.expires_at,c1_0.type,c1_0.updated_at,m1_0.created_at,m1_0.is_used,m1_0.member_id,m1_0.updated_at from member_coupon m1_0 join coupon c1_0 on c1_0.coupon_id=m1_0.coupon_id where m1_0.member_id=? and m1_0.is_used=0 and c1_0.expires_at>=now()
select m1_0.member_coupon_id,c1_0.coupon_id,c1_0.created_at,c1_0.discount_value,c1_0.expires_at,c1_0.type,c1_0.updated_at,m1_0.created_at,m1_0.is_used,m1_0.member_id,m1_0.updated_at from member_coupon m1_0 join coupon c1_0 on c1_0.coupon_id=m1_0.coupon_id where m1_0.member_id=3 and m1_0.is_used=0 and c1_0.expires_at>=now(); 
2025-10-31 00:47:03.032  p6spy - #1761839223032 | took 0ms | statement | connection 26| url jdbc:mysql://localhost:3306/tama?serverTimezone=Asia/Seoul&characterEncoding=UTF-8
select c1_0.category_id,c2_0.parent_id,c2_0.category_id,c2_0.name,c1_0.name,c1_0.parent_id from category c1_0 join category c2_0 on c1_0.category_id=c2_0.parent_id where c1_0.parent_id is null
select c1_0.category_id,c2_0.parent_id,c2_0.category_id,c2_0.name,c1_0.name,c1_0.parent_id from category c1_0 join category c2_0 on c1_0.category_id=c2_0.parent_id where c1_0.parent_id is null; 
2025-10-31 00:47:03.032  p6spy - #1761839223032 | took 0ms | statement | connection 27| url jdbc:mysql://localhost:3306/tama?serverTimezone=Asia/Seoul&characterEncoding=UTF-8
select c1_0.category_id,c2_0.parent_id,c2_0.category_id,c2_0.name,c1_0.name,c1_0.parent_id from category c1_0 join category c2_0 on c1_0.category_id=c2_0.parent_id where c1_0.parent_id is null
select c1_0.category_id,c2_0.parent_id,c2_0.category_id,c2_0.name,c1_0.name,c1_0.parent_id from category c1_0 join category c2_0 on c1_0.category_id=c2_0.parent_id where c1_0.parent_id is null; 
2025-10-31 00:47:03.053  p6spy - #1761839223053 | took 1ms | statement | connection 28| url jdbc:mysql://localhost:3306/tama?serverTimezone=Asia/Seoul&characterEncoding=UTF-8
select c1_0.color_item_size_stock_id,c2_0.color_item_id,c3_0.color_id,c3_0.hex_code,c3_0.name,c3_0.parent_id,c2_0.created_at,i1_0.item_id,i1_0.category_id,i1_0.country_of_manufacture,i1_0.created_at,i1_0.date_of_manufacture,i1_0.description,i1_0.gender,i1_0.manufacturer,i1_0.name,i1_0.now_price,i1_0.original_price,i1_0.precaution,i1_0.textile,i1_0.updated_at,i1_0.year_season,c2_0.updated_at,c1_0.size,c1_0.stock from color_item_size_stock c1_0 join color_item c2_0 on c2_0.color_item_id=c1_0.color_item_id join color c3_0 on c3_0.color_id=c2_0.color_id join item i1_0 on i1_0.item_id=c2_0.item_id where c1_0.color_item_size_stock_id in(?)
select c1_0.color_item_size_stock_id,c2_0.color_item_id,c3_0.color_id,c3_0.hex_code,c3_0.name,c3_0.parent_id,c2_0.created_at,i1_0.item_id,i1_0.category_id,i1_0.country_of_manufacture,i1_0.created_at,i1_0.date_of_manufacture,i1_0.description,i1_0.gender,i1_0.manufacturer,i1_0.name,i1_0.now_price,i1_0.original_price,i1_0.precaution,i1_0.textile,i1_0.updated_at,i1_0.year_season,c2_0.updated_at,c1_0.size,c1_0.stock from color_item_size_stock c1_0 join color_item c2_0 on c2_0.color_item_id=c1_0.color_item_id join color c3_0 on c3_0.color_id=c2_0.color_id join item i1_0 on i1_0.item_id=c2_0.item_id where c1_0.color_item_size_stock_id in(1); 
2025-10-31 00:47:03.055  p6spy - #1761839223055 | took 3ms | statement | connection 29| url jdbc:mysql://localhost:3306/tama?serverTimezone=Asia/Seoul&characterEncoding=UTF-8
select m1_0.member_coupon_id,c1_0.coupon_id,c1_0.created_at,c1_0.discount_value,c1_0.expires_at,c1_0.type,c1_0.updated_at,m1_0.created_at,m1_0.is_used,m1_0.member_id,m1_0.updated_at from member_coupon m1_0 join coupon c1_0 on c1_0.coupon_id=m1_0.coupon_id where m1_0.member_id=? and m1_0.is_used=0 and c1_0.expires_at>=now()
select m1_0.member_coupon_id,c1_0.coupon_id,c1_0.created_at,c1_0.discount_value,c1_0.expires_at,c1_0.type,c1_0.updated_at,m1_0.created_at,m1_0.is_used,m1_0.member_id,m1_0.updated_at from member_coupon m1_0 join coupon c1_0 on c1_0.coupon_id=m1_0.coupon_id where m1_0.member_id=3 and m1_0.is_used=0 and c1_0.expires_at>=now(); 
2025-10-31 00:47:03.055  p6spy - #1761839223055 | took 2ms | statement | connection 30| url jdbc:mysql://localhost:3306/tama?serverTimezone=Asia/Seoul&characterEncoding=UTF-8
select m1_0.member_id,a1_0.member_id,a1_0.delivery_address_id,a1_0.created_at,a1_0.detail,a1_0.is_default,a1_0.name,a1_0.receiver_nick_name,a1_0.receiver_phone,a1_0.street,a1_0.updated_at,a1_0.zip_code,m1_0.authority,m1_0.created_at,m1_0.email,m1_0.gender,m1_0.height,m1_0.nickname,m1_0.password,m1_0.phone,m1_0.point,m1_0.provider,m1_0.updated_at,m1_0.weight from member m1_0 join member_address a1_0 on m1_0.member_id=a1_0.member_id where m1_0.member_id=?
select m1_0.member_id,a1_0.member_id,a1_0.delivery_address_id,a1_0.created_at,a1_0.detail,a1_0.is_default,a1_0.name,a1_0.receiver_nick_name,a1_0.receiver_phone,a1_0.street,a1_0.updated_at,a1_0.zip_code,m1_0.authority,m1_0.created_at,m1_0.email,m1_0.gender,m1_0.height,m1_0.nickname,m1_0.password,m1_0.phone,m1_0.point,m1_0.provider,m1_0.updated_at,m1_0.weight from member m1_0 join member_address a1_0 on m1_0.member_id=a1_0.member_id where m1_0.member_id=3; 
2025-10-31 00:47:03.056  p6spy - #1761839223056 | took 0ms | statement | connection 31| url jdbc:mysql://localhost:3306/tama?serverTimezone=Asia/Seoul&characterEncoding=UTF-8
select c1_0.item_image_id,c1_0.color_item_id,c1_0.sequence,c1_0.original_file_name,c1_0.stored_file_name from color_item_image c1_0 where c1_0.color_item_id in(?) and c1_0.sequence=?
select c1_0.item_image_id,c1_0.color_item_id,c1_0.sequence,c1_0.original_file_name,c1_0.stored_file_name from color_item_image c1_0 where c1_0.color_item_id in(1) and c1_0.sequence=1; 
2025-10-31 00:47:06.784  p6spy - #1761839226784 | took 0ms | statement | connection 32| url jdbc:mysql://localhost:3306/tama?serverTimezone=Asia/Seoul&characterEncoding=UTF-8
select c1_0.category_id,c2_0.parent_id,c2_0.category_id,c2_0.name,c1_0.name,c1_0.parent_id from category c1_0 join category c2_0 on c1_0.category_id=c2_0.parent_id where c1_0.parent_id is null
select c1_0.category_id,c2_0.parent_id,c2_0.category_id,c2_0.name,c1_0.name,c1_0.parent_id from category c1_0 join category c2_0 on c1_0.category_id=c2_0.parent_id where c1_0.parent_id is null; 
2025-10-31 00:47:06.784  p6spy - #1761839226784 | took 0ms | statement | connection 33| url jdbc:mysql://localhost:3306/tama?serverTimezone=Asia/Seoul&characterEncoding=UTF-8
select c1_0.category_id,c2_0.parent_id,c2_0.category_id,c2_0.name,c1_0.name,c1_0.parent_id from category c1_0 join category c2_0 on c1_0.category_id=c2_0.parent_id where c1_0.parent_id is null
select c1_0.category_id,c2_0.parent_id,c2_0.category_id,c2_0.name,c1_0.name,c1_0.parent_id from category c1_0 join category c2_0 on c1_0.category_id=c2_0.parent_id where c1_0.parent_id is null; 
2025-10-31 00:47:06.798  p6spy - #1761839226798 | took 0ms | statement | connection 35| url jdbc:mysql://localhost:3306/tama?serverTimezone=Asia/Seoul&characterEncoding=UTF-8
select m1_0.member_id,a1_0.member_id,a1_0.delivery_address_id,a1_0.created_at,a1_0.detail,a1_0.is_default,a1_0.name,a1_0.receiver_nick_name,a1_0.receiver_phone,a1_0.street,a1_0.updated_at,a1_0.zip_code,m1_0.authority,m1_0.created_at,m1_0.email,m1_0.gender,m1_0.height,m1_0.nickname,m1_0.password,m1_0.phone,m1_0.point,m1_0.provider,m1_0.updated_at,m1_0.weight from member m1_0 join member_address a1_0 on m1_0.member_id=a1_0.member_id where m1_0.member_id=?
select m1_0.member_id,a1_0.member_id,a1_0.delivery_address_id,a1_0.created_at,a1_0.detail,a1_0.is_default,a1_0.name,a1_0.receiver_nick_name,a1_0.receiver_phone,a1_0.street,a1_0.updated_at,a1_0.zip_code,m1_0.authority,m1_0.created_at,m1_0.email,m1_0.gender,m1_0.height,m1_0.nickname,m1_0.password,m1_0.phone,m1_0.point,m1_0.provider,m1_0.updated_at,m1_0.weight from member m1_0 join member_address a1_0 on m1_0.member_id=a1_0.member_id where m1_0.member_id=3; 
2025-10-31 00:47:06.798  p6spy - #1761839226798 | took 0ms | statement | connection 36| url jdbc:mysql://localhost:3306/tama?serverTimezone=Asia/Seoul&characterEncoding=UTF-8
select c1_0.color_item_size_stock_id,c2_0.color_item_id,c3_0.color_id,c3_0.hex_code,c3_0.name,c3_0.parent_id,c2_0.created_at,i1_0.item_id,i1_0.category_id,i1_0.country_of_manufacture,i1_0.created_at,i1_0.date_of_manufacture,i1_0.description,i1_0.gender,i1_0.manufacturer,i1_0.name,i1_0.now_price,i1_0.original_price,i1_0.precaution,i1_0.textile,i1_0.updated_at,i1_0.year_season,c2_0.updated_at,c1_0.size,c1_0.stock from color_item_size_stock c1_0 join color_item c2_0 on c2_0.color_item_id=c1_0.color_item_id join color c3_0 on c3_0.color_id=c2_0.color_id join item i1_0 on i1_0.item_id=c2_0.item_id where c1_0.color_item_size_stock_id in(?)
select c1_0.color_item_size_stock_id,c2_0.color_item_id,c3_0.color_id,c3_0.hex_code,c3_0.name,c3_0.parent_id,c2_0.created_at,i1_0.item_id,i1_0.category_id,i1_0.country_of_manufacture,i1_0.created_at,i1_0.date_of_manufacture,i1_0.description,i1_0.gender,i1_0.manufacturer,i1_0.name,i1_0.now_price,i1_0.original_price,i1_0.precaution,i1_0.textile,i1_0.updated_at,i1_0.year_season,c2_0.updated_at,c1_0.size,c1_0.stock from color_item_size_stock c1_0 join color_item c2_0 on c2_0.color_item_id=c1_0.color_item_id join color c3_0 on c3_0.color_id=c2_0.color_id join item i1_0 on i1_0.item_id=c2_0.item_id where c1_0.color_item_size_stock_id in(1); 
2025-10-31 00:47:06.800  p6spy - #1761839226800 | took 3ms | statement | connection 34| url jdbc:mysql://localhost:3306/tama?serverTimezone=Asia/Seoul&characterEncoding=UTF-8
select m1_0.member_coupon_id,c1_0.coupon_id,c1_0.created_at,c1_0.discount_value,c1_0.expires_at,c1_0.type,c1_0.updated_at,m1_0.created_at,m1_0.is_used,m1_0.member_id,m1_0.updated_at from member_coupon m1_0 join coupon c1_0 on c1_0.coupon_id=m1_0.coupon_id where m1_0.member_id=? and m1_0.is_used=0 and c1_0.expires_at>=now()
select m1_0.member_coupon_id,c1_0.coupon_id,c1_0.created_at,c1_0.discount_value,c1_0.expires_at,c1_0.type,c1_0.updated_at,m1_0.created_at,m1_0.is_used,m1_0.member_id,m1_0.updated_at from member_coupon m1_0 join coupon c1_0 on c1_0.coupon_id=m1_0.coupon_id where m1_0.member_id=3 and m1_0.is_used=0 and c1_0.expires_at>=now(); 
2025-10-31 00:47:06.802  p6spy - #1761839226802 | took 0ms | statement | connection 37| url jdbc:mysql://localhost:3306/tama?serverTimezone=Asia/Seoul&characterEncoding=UTF-8
select c1_0.item_image_id,c1_0.color_item_id,c1_0.sequence,c1_0.original_file_name,c1_0.stored_file_name from color_item_image c1_0 where c1_0.color_item_id in(?) and c1_0.sequence=?
select c1_0.item_image_id,c1_0.color_item_id,c1_0.sequence,c1_0.original_file_name,c1_0.stored_file_name from color_item_image c1_0 where c1_0.color_item_id in(1) and c1_0.sequence=1; 
2025-10-31 00:47:16.313  p6spy - #1761839236313 | took 0ms | statement | connection 38| url jdbc:mysql://localhost:3306/tama?serverTimezone=Asia/Seoul&characterEncoding=UTF-8
select c1_0.category_id,c2_0.parent_id,c2_0.category_id,c2_0.name,c1_0.name,c1_0.parent_id from category c1_0 join category c2_0 on c1_0.category_id=c2_0.parent_id where c1_0.parent_id is null
select c1_0.category_id,c2_0.parent_id,c2_0.category_id,c2_0.name,c1_0.name,c1_0.parent_id from category c1_0 join category c2_0 on c1_0.category_id=c2_0.parent_id where c1_0.parent_id is null; 
2025-10-31 00:47:16.313  p6spy - #1761839236313 | took 0ms | statement | connection 39| url jdbc:mysql://localhost:3306/tama?serverTimezone=Asia/Seoul&characterEncoding=UTF-8
select c1_0.category_id,c2_0.parent_id,c2_0.category_id,c2_0.name,c1_0.name,c1_0.parent_id from category c1_0 join category c2_0 on c1_0.category_id=c2_0.parent_id where c1_0.parent_id is null
select c1_0.category_id,c2_0.parent_id,c2_0.category_id,c2_0.name,c1_0.name,c1_0.parent_id from category c1_0 join category c2_0 on c1_0.category_id=c2_0.parent_id where c1_0.parent_id is null; 
2025-10-31 00:47:16.338  p6spy - #1761839236338 | took 0ms | statement | connection 41| url jdbc:mysql://localhost:3306/tama?serverTimezone=Asia/Seoul&characterEncoding=UTF-8
select m1_0.member_coupon_id,c1_0.coupon_id,c1_0.created_at,c1_0.discount_value,c1_0.expires_at,c1_0.type,c1_0.updated_at,m1_0.created_at,m1_0.is_used,m1_0.member_id,m1_0.updated_at from member_coupon m1_0 join coupon c1_0 on c1_0.coupon_id=m1_0.coupon_id where m1_0.member_id=? and m1_0.is_used=0 and c1_0.expires_at>=now()
select m1_0.member_coupon_id,c1_0.coupon_id,c1_0.created_at,c1_0.discount_value,c1_0.expires_at,c1_0.type,c1_0.updated_at,m1_0.created_at,m1_0.is_used,m1_0.member_id,m1_0.updated_at from member_coupon m1_0 join coupon c1_0 on c1_0.coupon_id=m1_0.coupon_id where m1_0.member_id=3 and m1_0.is_used=0 and c1_0.expires_at>=now(); 
2025-10-31 00:47:16.339  p6spy - #1761839236339 | took 3ms | statement | connection 40| url jdbc:mysql://localhost:3306/tama?serverTimezone=Asia/Seoul&characterEncoding=UTF-8
select c1_0.color_item_size_stock_id,c2_0.color_item_id,c3_0.color_id,c3_0.hex_code,c3_0.name,c3_0.parent_id,c2_0.created_at,i1_0.item_id,i1_0.category_id,i1_0.country_of_manufacture,i1_0.created_at,i1_0.date_of_manufacture,i1_0.description,i1_0.gender,i1_0.manufacturer,i1_0.name,i1_0.now_price,i1_0.original_price,i1_0.precaution,i1_0.textile,i1_0.updated_at,i1_0.year_season,c2_0.updated_at,c1_0.size,c1_0.stock from color_item_size_stock c1_0 join color_item c2_0 on c2_0.color_item_id=c1_0.color_item_id join color c3_0 on c3_0.color_id=c2_0.color_id join item i1_0 on i1_0.item_id=c2_0.item_id where c1_0.color_item_size_stock_id in(?)
select c1_0.color_item_size_stock_id,c2_0.color_item_id,c3_0.color_id,c3_0.hex_code,c3_0.name,c3_0.parent_id,c2_0.created_at,i1_0.item_id,i1_0.category_id,i1_0.country_of_manufacture,i1_0.created_at,i1_0.date_of_manufacture,i1_0.description,i1_0.gender,i1_0.manufacturer,i1_0.name,i1_0.now_price,i1_0.original_price,i1_0.precaution,i1_0.textile,i1_0.updated_at,i1_0.year_season,c2_0.updated_at,c1_0.size,c1_0.stock from color_item_size_stock c1_0 join color_item c2_0 on c2_0.color_item_id=c1_0.color_item_id join color c3_0 on c3_0.color_id=c2_0.color_id join item i1_0 on i1_0.item_id=c2_0.item_id where c1_0.color_item_size_stock_id in(1); 
2025-10-31 00:47:16.340  p6spy - #1761839236340 | took 2ms | statement | connection 42| url jdbc:mysql://localhost:3306/tama?serverTimezone=Asia/Seoul&characterEncoding=UTF-8
select m1_0.member_id,a1_0.member_id,a1_0.delivery_address_id,a1_0.created_at,a1_0.detail,a1_0.is_default,a1_0.name,a1_0.receiver_nick_name,a1_0.receiver_phone,a1_0.street,a1_0.updated_at,a1_0.zip_code,m1_0.authority,m1_0.created_at,m1_0.email,m1_0.gender,m1_0.height,m1_0.nickname,m1_0.password,m1_0.phone,m1_0.point,m1_0.provider,m1_0.updated_at,m1_0.weight from member m1_0 join member_address a1_0 on m1_0.member_id=a1_0.member_id where m1_0.member_id=?
select m1_0.member_id,a1_0.member_id,a1_0.delivery_address_id,a1_0.created_at,a1_0.detail,a1_0.is_default,a1_0.name,a1_0.receiver_nick_name,a1_0.receiver_phone,a1_0.street,a1_0.updated_at,a1_0.zip_code,m1_0.authority,m1_0.created_at,m1_0.email,m1_0.gender,m1_0.height,m1_0.nickname,m1_0.password,m1_0.phone,m1_0.point,m1_0.provider,m1_0.updated_at,m1_0.weight from member m1_0 join member_address a1_0 on m1_0.member_id=a1_0.member_id where m1_0.member_id=3; 
2025-10-31 00:47:16.343  p6spy - #1761839236343 | took 1ms | statement | connection 43| url jdbc:mysql://localhost:3306/tama?serverTimezone=Asia/Seoul&characterEncoding=UTF-8
select c1_0.item_image_id,c1_0.color_item_id,c1_0.sequence,c1_0.original_file_name,c1_0.stored_file_name from color_item_image c1_0 where c1_0.color_item_id in(?) and c1_0.sequence=?
select c1_0.item_image_id,c1_0.color_item_id,c1_0.sequence,c1_0.original_file_name,c1_0.stored_file_name from color_item_image c1_0 where c1_0.color_item_id in(1) and c1_0.sequence=1; 
2025-10-31 00:47:25.398  p6spy - #1761839245398 | took 0ms | statement | connection 44| url jdbc:mysql://localhost:3306/tama?serverTimezone=Asia/Seoul&characterEncoding=UTF-8
select c1_0.category_id,c2_0.parent_id,c2_0.category_id,c2_0.name,c1_0.name,c1_0.parent_id from category c1_0 join category c2_0 on c1_0.category_id=c2_0.parent_id where c1_0.parent_id is null
select c1_0.category_id,c2_0.parent_id,c2_0.category_id,c2_0.name,c1_0.name,c1_0.parent_id from category c1_0 join category c2_0 on c1_0.category_id=c2_0.parent_id where c1_0.parent_id is null; 
2025-10-31 00:47:25.398  p6spy - #1761839245398 | took 0ms | statement | connection 45| url jdbc:mysql://localhost:3306/tama?serverTimezone=Asia/Seoul&characterEncoding=UTF-8
select c1_0.category_id,c2_0.parent_id,c2_0.category_id,c2_0.name,c1_0.name,c1_0.parent_id from category c1_0 join category c2_0 on c1_0.category_id=c2_0.parent_id where c1_0.parent_id is null
select c1_0.category_id,c2_0.parent_id,c2_0.category_id,c2_0.name,c1_0.name,c1_0.parent_id from category c1_0 join category c2_0 on c1_0.category_id=c2_0.parent_id where c1_0.parent_id is null; 
2025-10-31 00:47:25.425  p6spy - #1761839245425 | took 0ms | statement | connection 46| url jdbc:mysql://localhost:3306/tama?serverTimezone=Asia/Seoul&characterEncoding=UTF-8
select c1_0.color_item_size_stock_id,c2_0.color_item_id,c3_0.color_id,c3_0.hex_code,c3_0.name,c3_0.parent_id,c2_0.created_at,i1_0.item_id,i1_0.category_id,i1_0.country_of_manufacture,i1_0.created_at,i1_0.date_of_manufacture,i1_0.description,i1_0.gender,i1_0.manufacturer,i1_0.name,i1_0.now_price,i1_0.original_price,i1_0.precaution,i1_0.textile,i1_0.updated_at,i1_0.year_season,c2_0.updated_at,c1_0.size,c1_0.stock from color_item_size_stock c1_0 join color_item c2_0 on c2_0.color_item_id=c1_0.color_item_id join color c3_0 on c3_0.color_id=c2_0.color_id join item i1_0 on i1_0.item_id=c2_0.item_id where c1_0.color_item_size_stock_id in(?)
select c1_0.color_item_size_stock_id,c2_0.color_item_id,c3_0.color_id,c3_0.hex_code,c3_0.name,c3_0.parent_id,c2_0.created_at,i1_0.item_id,i1_0.category_id,i1_0.country_of_manufacture,i1_0.created_at,i1_0.date_of_manufacture,i1_0.description,i1_0.gender,i1_0.manufacturer,i1_0.name,i1_0.now_price,i1_0.original_price,i1_0.precaution,i1_0.textile,i1_0.updated_at,i1_0.year_season,c2_0.updated_at,c1_0.size,c1_0.stock from color_item_size_stock c1_0 join color_item c2_0 on c2_0.color_item_id=c1_0.color_item_id join color c3_0 on c3_0.color_id=c2_0.color_id join item i1_0 on i1_0.item_id=c2_0.item_id where c1_0.color_item_size_stock_id in(1); 
2025-10-31 00:47:25.425  p6spy - #1761839245425 | took 0ms | statement | connection 48| url jdbc:mysql://localhost:3306/tama?serverTimezone=Asia/Seoul&characterEncoding=UTF-8
select m1_0.member_id,a1_0.member_id,a1_0.delivery_address_id,a1_0.created_at,a1_0.detail,a1_0.is_default,a1_0.name,a1_0.receiver_nick_name,a1_0.receiver_phone,a1_0.street,a1_0.updated_at,a1_0.zip_code,m1_0.authority,m1_0.created_at,m1_0.email,m1_0.gender,m1_0.height,m1_0.nickname,m1_0.password,m1_0.phone,m1_0.point,m1_0.provider,m1_0.updated_at,m1_0.weight from member m1_0 join member_address a1_0 on m1_0.member_id=a1_0.member_id where m1_0.member_id=?
select m1_0.member_id,a1_0.member_id,a1_0.delivery_address_id,a1_0.created_at,a1_0.detail,a1_0.is_default,a1_0.name,a1_0.receiver_nick_name,a1_0.receiver_phone,a1_0.street,a1_0.updated_at,a1_0.zip_code,m1_0.authority,m1_0.created_at,m1_0.email,m1_0.gender,m1_0.height,m1_0.nickname,m1_0.password,m1_0.phone,m1_0.point,m1_0.provider,m1_0.updated_at,m1_0.weight from member m1_0 join member_address a1_0 on m1_0.member_id=a1_0.member_id where m1_0.member_id=3; 
2025-10-31 00:47:25.427  p6spy - #1761839245427 | took 0ms | statement | connection 49| url jdbc:mysql://localhost:3306/tama?serverTimezone=Asia/Seoul&characterEncoding=UTF-8
select c1_0.item_image_id,c1_0.color_item_id,c1_0.sequence,c1_0.original_file_name,c1_0.stored_file_name from color_item_image c1_0 where c1_0.color_item_id in(?) and c1_0.sequence=?
select c1_0.item_image_id,c1_0.color_item_id,c1_0.sequence,c1_0.original_file_name,c1_0.stored_file_name from color_item_image c1_0 where c1_0.color_item_id in(1) and c1_0.sequence=1; 
2025-10-31 00:47:25.428  p6spy - #1761839245428 | took 3ms | statement | connection 47| url jdbc:mysql://localhost:3306/tama?serverTimezone=Asia/Seoul&characterEncoding=UTF-8
select m1_0.member_coupon_id,c1_0.coupon_id,c1_0.created_at,c1_0.discount_value,c1_0.expires_at,c1_0.type,c1_0.updated_at,m1_0.created_at,m1_0.is_used,m1_0.member_id,m1_0.updated_at from member_coupon m1_0 join coupon c1_0 on c1_0.coupon_id=m1_0.coupon_id where m1_0.member_id=? and m1_0.is_used=0 and c1_0.expires_at>=now()
select m1_0.member_coupon_id,c1_0.coupon_id,c1_0.created_at,c1_0.discount_value,c1_0.expires_at,c1_0.type,c1_0.updated_at,m1_0.created_at,m1_0.is_used,m1_0.member_id,m1_0.updated_at from member_coupon m1_0 join coupon c1_0 on c1_0.coupon_id=m1_0.coupon_id where m1_0.member_id=3 and m1_0.is_used=0 and c1_0.expires_at>=now(); 
2025-10-31 00:47:29.214  p6spy - #1761839249214 | took 0ms | statement | connection 50| url jdbc:mysql://localhost:3306/tama?serverTimezone=Asia/Seoul&characterEncoding=UTF-8
select c1_0.category_id,c2_0.parent_id,c2_0.category_id,c2_0.name,c1_0.name,c1_0.parent_id from category c1_0 join category c2_0 on c1_0.category_id=c2_0.parent_id where c1_0.parent_id is null
select c1_0.category_id,c2_0.parent_id,c2_0.category_id,c2_0.name,c1_0.name,c1_0.parent_id from category c1_0 join category c2_0 on c1_0.category_id=c2_0.parent_id where c1_0.parent_id is null; 
2025-10-31 00:47:29.214  p6spy - #1761839249214 | took 0ms | statement | connection 51| url jdbc:mysql://localhost:3306/tama?serverTimezone=Asia/Seoul&characterEncoding=UTF-8
select c1_0.category_id,c2_0.parent_id,c2_0.category_id,c2_0.name,c1_0.name,c1_0.parent_id from category c1_0 join category c2_0 on c1_0.category_id=c2_0.parent_id where c1_0.parent_id is null
select c1_0.category_id,c2_0.parent_id,c2_0.category_id,c2_0.name,c1_0.name,c1_0.parent_id from category c1_0 join category c2_0 on c1_0.category_id=c2_0.parent_id where c1_0.parent_id is null; 
2025-10-31 00:47:29.239  p6spy - #1761839249239 | took 0ms | statement | connection 52| url jdbc:mysql://localhost:3306/tama?serverTimezone=Asia/Seoul&characterEncoding=UTF-8
select m1_0.member_id,a1_0.member_id,a1_0.delivery_address_id,a1_0.created_at,a1_0.detail,a1_0.is_default,a1_0.name,a1_0.receiver_nick_name,a1_0.receiver_phone,a1_0.street,a1_0.updated_at,a1_0.zip_code,m1_0.authority,m1_0.created_at,m1_0.email,m1_0.gender,m1_0.height,m1_0.nickname,m1_0.password,m1_0.phone,m1_0.point,m1_0.provider,m1_0.updated_at,m1_0.weight from member m1_0 join member_address a1_0 on m1_0.member_id=a1_0.member_id where m1_0.member_id=?
select m1_0.member_id,a1_0.member_id,a1_0.delivery_address_id,a1_0.created_at,a1_0.detail,a1_0.is_default,a1_0.name,a1_0.receiver_nick_name,a1_0.receiver_phone,a1_0.street,a1_0.updated_at,a1_0.zip_code,m1_0.authority,m1_0.created_at,m1_0.email,m1_0.gender,m1_0.height,m1_0.nickname,m1_0.password,m1_0.phone,m1_0.point,m1_0.provider,m1_0.updated_at,m1_0.weight from member m1_0 join member_address a1_0 on m1_0.member_id=a1_0.member_id where m1_0.member_id=3; 
2025-10-31 00:47:29.239  p6spy - #1761839249239 | took 0ms | statement | connection 54| url jdbc:mysql://localhost:3306/tama?serverTimezone=Asia/Seoul&characterEncoding=UTF-8
select c1_0.color_item_size_stock_id,c2_0.color_item_id,c3_0.color_id,c3_0.hex_code,c3_0.name,c3_0.parent_id,c2_0.created_at,i1_0.item_id,i1_0.category_id,i1_0.country_of_manufacture,i1_0.created_at,i1_0.date_of_manufacture,i1_0.description,i1_0.gender,i1_0.manufacturer,i1_0.name,i1_0.now_price,i1_0.original_price,i1_0.precaution,i1_0.textile,i1_0.updated_at,i1_0.year_season,c2_0.updated_at,c1_0.size,c1_0.stock from color_item_size_stock c1_0 join color_item c2_0 on c2_0.color_item_id=c1_0.color_item_id join color c3_0 on c3_0.color_id=c2_0.color_id join item i1_0 on i1_0.item_id=c2_0.item_id where c1_0.color_item_size_stock_id in(?)
select c1_0.color_item_size_stock_id,c2_0.color_item_id,c3_0.color_id,c3_0.hex_code,c3_0.name,c3_0.parent_id,c2_0.created_at,i1_0.item_id,i1_0.category_id,i1_0.country_of_manufacture,i1_0.created_at,i1_0.date_of_manufacture,i1_0.description,i1_0.gender,i1_0.manufacturer,i1_0.name,i1_0.now_price,i1_0.original_price,i1_0.precaution,i1_0.textile,i1_0.updated_at,i1_0.year_season,c2_0.updated_at,c1_0.size,c1_0.stock from color_item_size_stock c1_0 join color_item c2_0 on c2_0.color_item_id=c1_0.color_item_id join color c3_0 on c3_0.color_id=c2_0.color_id join item i1_0 on i1_0.item_id=c2_0.item_id where c1_0.color_item_size_stock_id in(1); 
2025-10-31 00:47:29.239  p6spy - #1761839249239 | took 0ms | statement | connection 53| url jdbc:mysql://localhost:3306/tama?serverTimezone=Asia/Seoul&characterEncoding=UTF-8
select m1_0.member_coupon_id,c1_0.coupon_id,c1_0.created_at,c1_0.discount_value,c1_0.expires_at,c1_0.type,c1_0.updated_at,m1_0.created_at,m1_0.is_used,m1_0.member_id,m1_0.updated_at from member_coupon m1_0 join coupon c1_0 on c1_0.coupon_id=m1_0.coupon_id where m1_0.member_id=? and m1_0.is_used=0 and c1_0.expires_at>=now()
select m1_0.member_coupon_id,c1_0.coupon_id,c1_0.created_at,c1_0.discount_value,c1_0.expires_at,c1_0.type,c1_0.updated_at,m1_0.created_at,m1_0.is_used,m1_0.member_id,m1_0.updated_at from member_coupon m1_0 join coupon c1_0 on c1_0.coupon_id=m1_0.coupon_id where m1_0.member_id=3 and m1_0.is_used=0 and c1_0.expires_at>=now(); 
2025-10-31 00:47:29.242  p6spy - #1761839249242 | took 0ms | statement | connection 55| url jdbc:mysql://localhost:3306/tama?serverTimezone=Asia/Seoul&characterEncoding=UTF-8
select c1_0.item_image_id,c1_0.color_item_id,c1_0.sequence,c1_0.original_file_name,c1_0.stored_file_name from color_item_image c1_0 where c1_0.color_item_id in(?) and c1_0.sequence=?
select c1_0.item_image_id,c1_0.color_item_id,c1_0.sequence,c1_0.original_file_name,c1_0.stored_file_name from color_item_image c1_0 where c1_0.color_item_id in(1) and c1_0.sequence=1; 
2025-10-31 00:47:30.585  p6spy - #1761839250585 | took 0ms | statement | connection 57| url jdbc:mysql://localhost:3306/tama?serverTimezone=Asia/Seoul&characterEncoding=UTF-8
select c1_0.category_id,c2_0.parent_id,c2_0.category_id,c2_0.name,c1_0.name,c1_0.parent_id from category c1_0 join category c2_0 on c1_0.category_id=c2_0.parent_id where c1_0.parent_id is null
select c1_0.category_id,c2_0.parent_id,c2_0.category_id,c2_0.name,c1_0.name,c1_0.parent_id from category c1_0 join category c2_0 on c1_0.category_id=c2_0.parent_id where c1_0.parent_id is null; 
2025-10-31 00:47:30.585  p6spy - #1761839250585 | took 0ms | statement | connection 56| url jdbc:mysql://localhost:3306/tama?serverTimezone=Asia/Seoul&characterEncoding=UTF-8
select c1_0.category_id,c2_0.parent_id,c2_0.category_id,c2_0.name,c1_0.name,c1_0.parent_id from category c1_0 join category c2_0 on c1_0.category_id=c2_0.parent_id where c1_0.parent_id is null
select c1_0.category_id,c2_0.parent_id,c2_0.category_id,c2_0.name,c1_0.name,c1_0.parent_id from category c1_0 join category c2_0 on c1_0.category_id=c2_0.parent_id where c1_0.parent_id is null; 
2025-10-31 00:47:30.611  p6spy - #1761839250611 | took 0ms | statement | connection 58| url jdbc:mysql://localhost:3306/tama?serverTimezone=Asia/Seoul&characterEncoding=UTF-8
select c1_0.color_item_size_stock_id,c2_0.color_item_id,c3_0.color_id,c3_0.hex_code,c3_0.name,c3_0.parent_id,c2_0.created_at,i1_0.item_id,i1_0.category_id,i1_0.country_of_manufacture,i1_0.created_at,i1_0.date_of_manufacture,i1_0.description,i1_0.gender,i1_0.manufacturer,i1_0.name,i1_0.now_price,i1_0.original_price,i1_0.precaution,i1_0.textile,i1_0.updated_at,i1_0.year_season,c2_0.updated_at,c1_0.size,c1_0.stock from color_item_size_stock c1_0 join color_item c2_0 on c2_0.color_item_id=c1_0.color_item_id join color c3_0 on c3_0.color_id=c2_0.color_id join item i1_0 on i1_0.item_id=c2_0.item_id where c1_0.color_item_size_stock_id in(?)
select c1_0.color_item_size_stock_id,c2_0.color_item_id,c3_0.color_id,c3_0.hex_code,c3_0.name,c3_0.parent_id,c2_0.created_at,i1_0.item_id,i1_0.category_id,i1_0.country_of_manufacture,i1_0.created_at,i1_0.date_of_manufacture,i1_0.description,i1_0.gender,i1_0.manufacturer,i1_0.name,i1_0.now_price,i1_0.original_price,i1_0.precaution,i1_0.textile,i1_0.updated_at,i1_0.year_season,c2_0.updated_at,c1_0.size,c1_0.stock from color_item_size_stock c1_0 join color_item c2_0 on c2_0.color_item_id=c1_0.color_item_id join color c3_0 on c3_0.color_id=c2_0.color_id join item i1_0 on i1_0.item_id=c2_0.item_id where c1_0.color_item_size_stock_id in(1); 
2025-10-31 00:47:30.612  p6spy - #1761839250612 | took 0ms | statement | connection 59| url jdbc:mysql://localhost:3306/tama?serverTimezone=Asia/Seoul&characterEncoding=UTF-8
select m1_0.member_id,a1_0.member_id,a1_0.delivery_address_id,a1_0.created_at,a1_0.detail,a1_0.is_default,a1_0.name,a1_0.receiver_nick_name,a1_0.receiver_phone,a1_0.street,a1_0.updated_at,a1_0.zip_code,m1_0.authority,m1_0.created_at,m1_0.email,m1_0.gender,m1_0.height,m1_0.nickname,m1_0.password,m1_0.phone,m1_0.point,m1_0.provider,m1_0.updated_at,m1_0.weight from member m1_0 join member_address a1_0 on m1_0.member_id=a1_0.member_id where m1_0.member_id=?
select m1_0.member_id,a1_0.member_id,a1_0.delivery_address_id,a1_0.created_at,a1_0.detail,a1_0.is_default,a1_0.name,a1_0.receiver_nick_name,a1_0.receiver_phone,a1_0.street,a1_0.updated_at,a1_0.zip_code,m1_0.authority,m1_0.created_at,m1_0.email,m1_0.gender,m1_0.height,m1_0.nickname,m1_0.password,m1_0.phone,m1_0.point,m1_0.provider,m1_0.updated_at,m1_0.weight from member m1_0 join member_address a1_0 on m1_0.member_id=a1_0.member_id where m1_0.member_id=3; 
2025-10-31 00:47:30.612  p6spy - #1761839250612 | took 0ms | statement | connection 60| url jdbc:mysql://localhost:3306/tama?serverTimezone=Asia/Seoul&characterEncoding=UTF-8
select m1_0.member_coupon_id,c1_0.coupon_id,c1_0.created_at,c1_0.discount_value,c1_0.expires_at,c1_0.type,c1_0.updated_at,m1_0.created_at,m1_0.is_used,m1_0.member_id,m1_0.updated_at from member_coupon m1_0 join coupon c1_0 on c1_0.coupon_id=m1_0.coupon_id where m1_0.member_id=? and m1_0.is_used=0 and c1_0.expires_at>=now()
select m1_0.member_coupon_id,c1_0.coupon_id,c1_0.created_at,c1_0.discount_value,c1_0.expires_at,c1_0.type,c1_0.updated_at,m1_0.created_at,m1_0.is_used,m1_0.member_id,m1_0.updated_at from member_coupon m1_0 join coupon c1_0 on c1_0.coupon_id=m1_0.coupon_id where m1_0.member_id=3 and m1_0.is_used=0 and c1_0.expires_at>=now(); 
2025-10-31 00:47:30.614  p6spy - #1761839250614 | took 0ms | statement | connection 61| url jdbc:mysql://localhost:3306/tama?serverTimezone=Asia/Seoul&characterEncoding=UTF-8
select c1_0.item_image_id,c1_0.color_item_id,c1_0.sequence,c1_0.original_file_name,c1_0.stored_file_name from color_item_image c1_0 where c1_0.color_item_id in(?) and c1_0.sequence=?
select c1_0.item_image_id,c1_0.color_item_id,c1_0.sequence,c1_0.original_file_name,c1_0.stored_file_name from color_item_image c1_0 where c1_0.color_item_id in(1) and c1_0.sequence=1; 
2025-10-31 00:47:31.693  p6spy - #1761839251693 | took 0ms | statement | connection 63| url jdbc:mysql://localhost:3306/tama?serverTimezone=Asia/Seoul&characterEncoding=UTF-8
select c1_0.category_id,c2_0.parent_id,c2_0.category_id,c2_0.name,c1_0.name,c1_0.parent_id from category c1_0 join category c2_0 on c1_0.category_id=c2_0.parent_id where c1_0.parent_id is null
select c1_0.category_id,c2_0.parent_id,c2_0.category_id,c2_0.name,c1_0.name,c1_0.parent_id from category c1_0 join category c2_0 on c1_0.category_id=c2_0.parent_id where c1_0.parent_id is null; 
2025-10-31 00:47:31.693  p6spy - #1761839251693 | took 0ms | statement | connection 62| url jdbc:mysql://localhost:3306/tama?serverTimezone=Asia/Seoul&characterEncoding=UTF-8
select c1_0.category_id,c2_0.parent_id,c2_0.category_id,c2_0.name,c1_0.name,c1_0.parent_id from category c1_0 join category c2_0 on c1_0.category_id=c2_0.parent_id where c1_0.parent_id is null
select c1_0.category_id,c2_0.parent_id,c2_0.category_id,c2_0.name,c1_0.name,c1_0.parent_id from category c1_0 join category c2_0 on c1_0.category_id=c2_0.parent_id where c1_0.parent_id is null; 
2025-10-31 00:47:31.718  p6spy - #1761839251718 | took 0ms | statement | connection 64| url jdbc:mysql://localhost:3306/tama?serverTimezone=Asia/Seoul&characterEncoding=UTF-8
select m1_0.member_coupon_id,c1_0.coupon_id,c1_0.created_at,c1_0.discount_value,c1_0.expires_at,c1_0.type,c1_0.updated_at,m1_0.created_at,m1_0.is_used,m1_0.member_id,m1_0.updated_at from member_coupon m1_0 join coupon c1_0 on c1_0.coupon_id=m1_0.coupon_id where m1_0.member_id=? and m1_0.is_used=0 and c1_0.expires_at>=now()
select m1_0.member_coupon_id,c1_0.coupon_id,c1_0.created_at,c1_0.discount_value,c1_0.expires_at,c1_0.type,c1_0.updated_at,m1_0.created_at,m1_0.is_used,m1_0.member_id,m1_0.updated_at from member_coupon m1_0 join coupon c1_0 on c1_0.coupon_id=m1_0.coupon_id where m1_0.member_id=3 and m1_0.is_used=0 and c1_0.expires_at>=now(); 
2025-10-31 00:47:31.718  p6spy - #1761839251718 | took 0ms | statement | connection 65| url jdbc:mysql://localhost:3306/tama?serverTimezone=Asia/Seoul&characterEncoding=UTF-8
select m1_0.member_id,a1_0.member_id,a1_0.delivery_address_id,a1_0.created_at,a1_0.detail,a1_0.is_default,a1_0.name,a1_0.receiver_nick_name,a1_0.receiver_phone,a1_0.street,a1_0.updated_at,a1_0.zip_code,m1_0.authority,m1_0.created_at,m1_0.email,m1_0.gender,m1_0.height,m1_0.nickname,m1_0.password,m1_0.phone,m1_0.point,m1_0.provider,m1_0.updated_at,m1_0.weight from member m1_0 join member_address a1_0 on m1_0.member_id=a1_0.member_id where m1_0.member_id=?
select m1_0.member_id,a1_0.member_id,a1_0.delivery_address_id,a1_0.created_at,a1_0.detail,a1_0.is_default,a1_0.name,a1_0.receiver_nick_name,a1_0.receiver_phone,a1_0.street,a1_0.updated_at,a1_0.zip_code,m1_0.authority,m1_0.created_at,m1_0.email,m1_0.gender,m1_0.height,m1_0.nickname,m1_0.password,m1_0.phone,m1_0.point,m1_0.provider,m1_0.updated_at,m1_0.weight from member m1_0 join member_address a1_0 on m1_0.member_id=a1_0.member_id where m1_0.member_id=3; 
2025-10-31 00:47:31.719  p6spy - #1761839251719 | took 0ms | statement | connection 66| url jdbc:mysql://localhost:3306/tama?serverTimezone=Asia/Seoul&characterEncoding=UTF-8
select c1_0.color_item_size_stock_id,c2_0.color_item_id,c3_0.color_id,c3_0.hex_code,c3_0.name,c3_0.parent_id,c2_0.created_at,i1_0.item_id,i1_0.category_id,i1_0.country_of_manufacture,i1_0.created_at,i1_0.date_of_manufacture,i1_0.description,i1_0.gender,i1_0.manufacturer,i1_0.name,i1_0.now_price,i1_0.original_price,i1_0.precaution,i1_0.textile,i1_0.updated_at,i1_0.year_season,c2_0.updated_at,c1_0.size,c1_0.stock from color_item_size_stock c1_0 join color_item c2_0 on c2_0.color_item_id=c1_0.color_item_id join color c3_0 on c3_0.color_id=c2_0.color_id join item i1_0 on i1_0.item_id=c2_0.item_id where c1_0.color_item_size_stock_id in(?)
select c1_0.color_item_size_stock_id,c2_0.color_item_id,c3_0.color_id,c3_0.hex_code,c3_0.name,c3_0.parent_id,c2_0.created_at,i1_0.item_id,i1_0.category_id,i1_0.country_of_manufacture,i1_0.created_at,i1_0.date_of_manufacture,i1_0.description,i1_0.gender,i1_0.manufacturer,i1_0.name,i1_0.now_price,i1_0.original_price,i1_0.precaution,i1_0.textile,i1_0.updated_at,i1_0.year_season,c2_0.updated_at,c1_0.size,c1_0.stock from color_item_size_stock c1_0 join color_item c2_0 on c2_0.color_item_id=c1_0.color_item_id join color c3_0 on c3_0.color_id=c2_0.color_id join item i1_0 on i1_0.item_id=c2_0.item_id where c1_0.color_item_size_stock_id in(1); 
2025-10-31 00:47:31.722  p6spy - #1761839251722 | took 0ms | statement | connection 67| url jdbc:mysql://localhost:3306/tama?serverTimezone=Asia/Seoul&characterEncoding=UTF-8
select c1_0.item_image_id,c1_0.color_item_id,c1_0.sequence,c1_0.original_file_name,c1_0.stored_file_name from color_item_image c1_0 where c1_0.color_item_id in(?) and c1_0.sequence=?
select c1_0.item_image_id,c1_0.color_item_id,c1_0.sequence,c1_0.original_file_name,c1_0.stored_file_name from color_item_image c1_0 where c1_0.color_item_id in(1) and c1_0.sequence=1; 
2025-10-31 00:47:34.646  p6spy - #1761839254646 | took 0ms | statement | connection 69| url jdbc:mysql://localhost:3306/tama?serverTimezone=Asia/Seoul&characterEncoding=UTF-8
select c1_0.category_id,c2_0.parent_id,c2_0.category_id,c2_0.name,c1_0.name,c1_0.parent_id from category c1_0 join category c2_0 on c1_0.category_id=c2_0.parent_id where c1_0.parent_id is null
select c1_0.category_id,c2_0.parent_id,c2_0.category_id,c2_0.name,c1_0.name,c1_0.parent_id from category c1_0 join category c2_0 on c1_0.category_id=c2_0.parent_id where c1_0.parent_id is null; 
2025-10-31 00:47:34.646  p6spy - #1761839254646 | took 0ms | statement | connection 68| url jdbc:mysql://localhost:3306/tama?serverTimezone=Asia/Seoul&characterEncoding=UTF-8
select c1_0.category_id,c2_0.parent_id,c2_0.category_id,c2_0.name,c1_0.name,c1_0.parent_id from category c1_0 join category c2_0 on c1_0.category_id=c2_0.parent_id where c1_0.parent_id is null
select c1_0.category_id,c2_0.parent_id,c2_0.category_id,c2_0.name,c1_0.name,c1_0.parent_id from category c1_0 join category c2_0 on c1_0.category_id=c2_0.parent_id where c1_0.parent_id is null; 
2025-10-31 00:47:34.671  p6spy - #1761839254671 | took 0ms | statement | connection 71| url jdbc:mysql://localhost:3306/tama?serverTimezone=Asia/Seoul&characterEncoding=UTF-8
select m1_0.member_id,a1_0.member_id,a1_0.delivery_address_id,a1_0.created_at,a1_0.detail,a1_0.is_default,a1_0.name,a1_0.receiver_nick_name,a1_0.receiver_phone,a1_0.street,a1_0.updated_at,a1_0.zip_code,m1_0.authority,m1_0.created_at,m1_0.email,m1_0.gender,m1_0.height,m1_0.nickname,m1_0.password,m1_0.phone,m1_0.point,m1_0.provider,m1_0.updated_at,m1_0.weight from member m1_0 join member_address a1_0 on m1_0.member_id=a1_0.member_id where m1_0.member_id=?
select m1_0.member_id,a1_0.member_id,a1_0.delivery_address_id,a1_0.created_at,a1_0.detail,a1_0.is_default,a1_0.name,a1_0.receiver_nick_name,a1_0.receiver_phone,a1_0.street,a1_0.updated_at,a1_0.zip_code,m1_0.authority,m1_0.created_at,m1_0.email,m1_0.gender,m1_0.height,m1_0.nickname,m1_0.password,m1_0.phone,m1_0.point,m1_0.provider,m1_0.updated_at,m1_0.weight from member m1_0 join member_address a1_0 on m1_0.member_id=a1_0.member_id where m1_0.member_id=3; 
2025-10-31 00:47:34.671  p6spy - #1761839254671 | took 0ms | statement | connection 70| url jdbc:mysql://localhost:3306/tama?serverTimezone=Asia/Seoul&characterEncoding=UTF-8
select m1_0.member_coupon_id,c1_0.coupon_id,c1_0.created_at,c1_0.discount_value,c1_0.expires_at,c1_0.type,c1_0.updated_at,m1_0.created_at,m1_0.is_used,m1_0.member_id,m1_0.updated_at from member_coupon m1_0 join coupon c1_0 on c1_0.coupon_id=m1_0.coupon_id where m1_0.member_id=? and m1_0.is_used=0 and c1_0.expires_at>=now()
select m1_0.member_coupon_id,c1_0.coupon_id,c1_0.created_at,c1_0.discount_value,c1_0.expires_at,c1_0.type,c1_0.updated_at,m1_0.created_at,m1_0.is_used,m1_0.member_id,m1_0.updated_at from member_coupon m1_0 join coupon c1_0 on c1_0.coupon_id=m1_0.coupon_id where m1_0.member_id=3 and m1_0.is_used=0 and c1_0.expires_at>=now(); 
2025-10-31 00:47:34.671  p6spy - #1761839254671 | took 0ms | statement | connection 72| url jdbc:mysql://localhost:3306/tama?serverTimezone=Asia/Seoul&characterEncoding=UTF-8
select c1_0.color_item_size_stock_id,c2_0.color_item_id,c3_0.color_id,c3_0.hex_code,c3_0.name,c3_0.parent_id,c2_0.created_at,i1_0.item_id,i1_0.category_id,i1_0.country_of_manufacture,i1_0.created_at,i1_0.date_of_manufacture,i1_0.description,i1_0.gender,i1_0.manufacturer,i1_0.name,i1_0.now_price,i1_0.original_price,i1_0.precaution,i1_0.textile,i1_0.updated_at,i1_0.year_season,c2_0.updated_at,c1_0.size,c1_0.stock from color_item_size_stock c1_0 join color_item c2_0 on c2_0.color_item_id=c1_0.color_item_id join color c3_0 on c3_0.color_id=c2_0.color_id join item i1_0 on i1_0.item_id=c2_0.item_id where c1_0.color_item_size_stock_id in(?)
select c1_0.color_item_size_stock_id,c2_0.color_item_id,c3_0.color_id,c3_0.hex_code,c3_0.name,c3_0.parent_id,c2_0.created_at,i1_0.item_id,i1_0.category_id,i1_0.country_of_manufacture,i1_0.created_at,i1_0.date_of_manufacture,i1_0.description,i1_0.gender,i1_0.manufacturer,i1_0.name,i1_0.now_price,i1_0.original_price,i1_0.precaution,i1_0.textile,i1_0.updated_at,i1_0.year_season,c2_0.updated_at,c1_0.size,c1_0.stock from color_item_size_stock c1_0 join color_item c2_0 on c2_0.color_item_id=c1_0.color_item_id join color c3_0 on c3_0.color_id=c2_0.color_id join item i1_0 on i1_0.item_id=c2_0.item_id where c1_0.color_item_size_stock_id in(1); 
2025-10-31 00:47:34.674  p6spy - #1761839254674 | took 0ms | statement | connection 73| url jdbc:mysql://localhost:3306/tama?serverTimezone=Asia/Seoul&characterEncoding=UTF-8
select c1_0.item_image_id,c1_0.color_item_id,c1_0.sequence,c1_0.original_file_name,c1_0.stored_file_name from color_item_image c1_0 where c1_0.color_item_id in(?) and c1_0.sequence=?
select c1_0.item_image_id,c1_0.color_item_id,c1_0.sequence,c1_0.original_file_name,c1_0.stored_file_name from color_item_image c1_0 where c1_0.color_item_id in(1) and c1_0.sequence=1; 
2025-10-31 00:47:58.451  p6spy - #1761839278451 | took 0ms | statement | connection 75| url jdbc:mysql://localhost:3306/tama?serverTimezone=Asia/Seoul&characterEncoding=UTF-8
select c1_0.category_id,c2_0.parent_id,c2_0.category_id,c2_0.name,c1_0.name,c1_0.parent_id from category c1_0 join category c2_0 on c1_0.category_id=c2_0.parent_id where c1_0.parent_id is null
select c1_0.category_id,c2_0.parent_id,c2_0.category_id,c2_0.name,c1_0.name,c1_0.parent_id from category c1_0 join category c2_0 on c1_0.category_id=c2_0.parent_id where c1_0.parent_id is null; 
2025-10-31 00:47:58.451  p6spy - #1761839278451 | took 0ms | statement | connection 74| url jdbc:mysql://localhost:3306/tama?serverTimezone=Asia/Seoul&characterEncoding=UTF-8
select c1_0.category_id,c2_0.parent_id,c2_0.category_id,c2_0.name,c1_0.name,c1_0.parent_id from category c1_0 join category c2_0 on c1_0.category_id=c2_0.parent_id where c1_0.parent_id is null
select c1_0.category_id,c2_0.parent_id,c2_0.category_id,c2_0.name,c1_0.name,c1_0.parent_id from category c1_0 join category c2_0 on c1_0.category_id=c2_0.parent_id where c1_0.parent_id is null; 
2025-10-31 00:47:58.474  p6spy - #1761839278474 | took 0ms | statement | connection 77| url jdbc:mysql://localhost:3306/tama?serverTimezone=Asia/Seoul&characterEncoding=UTF-8
select m1_0.member_coupon_id,c1_0.coupon_id,c1_0.created_at,c1_0.discount_value,c1_0.expires_at,c1_0.type,c1_0.updated_at,m1_0.created_at,m1_0.is_used,m1_0.member_id,m1_0.updated_at from member_coupon m1_0 join coupon c1_0 on c1_0.coupon_id=m1_0.coupon_id where m1_0.member_id=? and m1_0.is_used=0 and c1_0.expires_at>=now()
select m1_0.member_coupon_id,c1_0.coupon_id,c1_0.created_at,c1_0.discount_value,c1_0.expires_at,c1_0.type,c1_0.updated_at,m1_0.created_at,m1_0.is_used,m1_0.member_id,m1_0.updated_at from member_coupon m1_0 join coupon c1_0 on c1_0.coupon_id=m1_0.coupon_id where m1_0.member_id=3 and m1_0.is_used=0 and c1_0.expires_at>=now(); 
2025-10-31 00:47:58.474  p6spy - #1761839278474 | took 0ms | statement | connection 76| url jdbc:mysql://localhost:3306/tama?serverTimezone=Asia/Seoul&characterEncoding=UTF-8
select c1_0.color_item_size_stock_id,c2_0.color_item_id,c3_0.color_id,c3_0.hex_code,c3_0.name,c3_0.parent_id,c2_0.created_at,i1_0.item_id,i1_0.category_id,i1_0.country_of_manufacture,i1_0.created_at,i1_0.date_of_manufacture,i1_0.description,i1_0.gender,i1_0.manufacturer,i1_0.name,i1_0.now_price,i1_0.original_price,i1_0.precaution,i1_0.textile,i1_0.updated_at,i1_0.year_season,c2_0.updated_at,c1_0.size,c1_0.stock from color_item_size_stock c1_0 join color_item c2_0 on c2_0.color_item_id=c1_0.color_item_id join color c3_0 on c3_0.color_id=c2_0.color_id join item i1_0 on i1_0.item_id=c2_0.item_id where c1_0.color_item_size_stock_id in(?)
select c1_0.color_item_size_stock_id,c2_0.color_item_id,c3_0.color_id,c3_0.hex_code,c3_0.name,c3_0.parent_id,c2_0.created_at,i1_0.item_id,i1_0.category_id,i1_0.country_of_manufacture,i1_0.created_at,i1_0.date_of_manufacture,i1_0.description,i1_0.gender,i1_0.manufacturer,i1_0.name,i1_0.now_price,i1_0.original_price,i1_0.precaution,i1_0.textile,i1_0.updated_at,i1_0.year_season,c2_0.updated_at,c1_0.size,c1_0.stock from color_item_size_stock c1_0 join color_item c2_0 on c2_0.color_item_id=c1_0.color_item_id join color c3_0 on c3_0.color_id=c2_0.color_id join item i1_0 on i1_0.item_id=c2_0.item_id where c1_0.color_item_size_stock_id in(1); 
2025-10-31 00:47:58.474  p6spy - #1761839278474 | took 0ms | statement | connection 78| url jdbc:mysql://localhost:3306/tama?serverTimezone=Asia/Seoul&characterEncoding=UTF-8
select m1_0.member_id,a1_0.member_id,a1_0.delivery_address_id,a1_0.created_at,a1_0.detail,a1_0.is_default,a1_0.name,a1_0.receiver_nick_name,a1_0.receiver_phone,a1_0.street,a1_0.updated_at,a1_0.zip_code,m1_0.authority,m1_0.created_at,m1_0.email,m1_0.gender,m1_0.height,m1_0.nickname,m1_0.password,m1_0.phone,m1_0.point,m1_0.provider,m1_0.updated_at,m1_0.weight from member m1_0 join member_address a1_0 on m1_0.member_id=a1_0.member_id where m1_0.member_id=?
select m1_0.member_id,a1_0.member_id,a1_0.delivery_address_id,a1_0.created_at,a1_0.detail,a1_0.is_default,a1_0.name,a1_0.receiver_nick_name,a1_0.receiver_phone,a1_0.street,a1_0.updated_at,a1_0.zip_code,m1_0.authority,m1_0.created_at,m1_0.email,m1_0.gender,m1_0.height,m1_0.nickname,m1_0.password,m1_0.phone,m1_0.point,m1_0.provider,m1_0.updated_at,m1_0.weight from member m1_0 join member_address a1_0 on m1_0.member_id=a1_0.member_id where m1_0.member_id=3; 
2025-10-31 00:47:58.477  p6spy - #1761839278477 | took 0ms | statement | connection 79| url jdbc:mysql://localhost:3306/tama?serverTimezone=Asia/Seoul&characterEncoding=UTF-8
select c1_0.item_image_id,c1_0.color_item_id,c1_0.sequence,c1_0.original_file_name,c1_0.stored_file_name from color_item_image c1_0 where c1_0.color_item_id in(?) and c1_0.sequence=?
select c1_0.item_image_id,c1_0.color_item_id,c1_0.sequence,c1_0.original_file_name,c1_0.stored_file_name from color_item_image c1_0 where c1_0.color_item_id in(1) and c1_0.sequence=1; 
2025-10-31 00:48:26.190  p6spy - #1761839306190 | took 0ms | statement | connection 80| url jdbc:mysql://localhost:3306/tama?serverTimezone=Asia/Seoul&characterEncoding=UTF-8
select c1_0.category_id,c2_0.parent_id,c2_0.category_id,c2_0.name,c1_0.name,c1_0.parent_id from category c1_0 join category c2_0 on c1_0.category_id=c2_0.parent_id where c1_0.parent_id is null
select c1_0.category_id,c2_0.parent_id,c2_0.category_id,c2_0.name,c1_0.name,c1_0.parent_id from category c1_0 join category c2_0 on c1_0.category_id=c2_0.parent_id where c1_0.parent_id is null; 
2025-10-31 00:48:26.190  p6spy - #1761839306190 | took 0ms | statement | connection 81| url jdbc:mysql://localhost:3306/tama?serverTimezone=Asia/Seoul&characterEncoding=UTF-8
select c1_0.category_id,c2_0.parent_id,c2_0.category_id,c2_0.name,c1_0.name,c1_0.parent_id from category c1_0 join category c2_0 on c1_0.category_id=c2_0.parent_id where c1_0.parent_id is null
select c1_0.category_id,c2_0.parent_id,c2_0.category_id,c2_0.name,c1_0.name,c1_0.parent_id from category c1_0 join category c2_0 on c1_0.category_id=c2_0.parent_id where c1_0.parent_id is null; 
2025-10-31 00:48:26.214  p6spy - #1761839306214 | took 0ms | statement | connection 82| url jdbc:mysql://localhost:3306/tama?serverTimezone=Asia/Seoul&characterEncoding=UTF-8
select c1_0.color_item_size_stock_id,c2_0.color_item_id,c3_0.color_id,c3_0.hex_code,c3_0.name,c3_0.parent_id,c2_0.created_at,i1_0.item_id,i1_0.category_id,i1_0.country_of_manufacture,i1_0.created_at,i1_0.date_of_manufacture,i1_0.description,i1_0.gender,i1_0.manufacturer,i1_0.name,i1_0.now_price,i1_0.original_price,i1_0.precaution,i1_0.textile,i1_0.updated_at,i1_0.year_season,c2_0.updated_at,c1_0.size,c1_0.stock from color_item_size_stock c1_0 join color_item c2_0 on c2_0.color_item_id=c1_0.color_item_id join color c3_0 on c3_0.color_id=c2_0.color_id join item i1_0 on i1_0.item_id=c2_0.item_id where c1_0.color_item_size_stock_id in(?)
select c1_0.color_item_size_stock_id,c2_0.color_item_id,c3_0.color_id,c3_0.hex_code,c3_0.name,c3_0.parent_id,c2_0.created_at,i1_0.item_id,i1_0.category_id,i1_0.country_of_manufacture,i1_0.created_at,i1_0.date_of_manufacture,i1_0.description,i1_0.gender,i1_0.manufacturer,i1_0.name,i1_0.now_price,i1_0.original_price,i1_0.precaution,i1_0.textile,i1_0.updated_at,i1_0.year_season,c2_0.updated_at,c1_0.size,c1_0.stock from color_item_size_stock c1_0 join color_item c2_0 on c2_0.color_item_id=c1_0.color_item_id join color c3_0 on c3_0.color_id=c2_0.color_id join item i1_0 on i1_0.item_id=c2_0.item_id where c1_0.color_item_size_stock_id in(1); 
2025-10-31 00:48:26.215  p6spy - #1761839306215 | took 0ms | statement | connection 83| url jdbc:mysql://localhost:3306/tama?serverTimezone=Asia/Seoul&characterEncoding=UTF-8
select m1_0.member_coupon_id,c1_0.coupon_id,c1_0.created_at,c1_0.discount_value,c1_0.expires_at,c1_0.type,c1_0.updated_at,m1_0.created_at,m1_0.is_used,m1_0.member_id,m1_0.updated_at from member_coupon m1_0 join coupon c1_0 on c1_0.coupon_id=m1_0.coupon_id where m1_0.member_id=? and m1_0.is_used=0 and c1_0.expires_at>=now()
select m1_0.member_coupon_id,c1_0.coupon_id,c1_0.created_at,c1_0.discount_value,c1_0.expires_at,c1_0.type,c1_0.updated_at,m1_0.created_at,m1_0.is_used,m1_0.member_id,m1_0.updated_at from member_coupon m1_0 join coupon c1_0 on c1_0.coupon_id=m1_0.coupon_id where m1_0.member_id=3 and m1_0.is_used=0 and c1_0.expires_at>=now(); 
2025-10-31 00:48:26.215  p6spy - #1761839306215 | took 0ms | statement | connection 84| url jdbc:mysql://localhost:3306/tama?serverTimezone=Asia/Seoul&characterEncoding=UTF-8
select m1_0.member_id,a1_0.member_id,a1_0.delivery_address_id,a1_0.created_at,a1_0.detail,a1_0.is_default,a1_0.name,a1_0.receiver_nick_name,a1_0.receiver_phone,a1_0.street,a1_0.updated_at,a1_0.zip_code,m1_0.authority,m1_0.created_at,m1_0.email,m1_0.gender,m1_0.height,m1_0.nickname,m1_0.password,m1_0.phone,m1_0.point,m1_0.provider,m1_0.updated_at,m1_0.weight from member m1_0 join member_address a1_0 on m1_0.member_id=a1_0.member_id where m1_0.member_id=?
select m1_0.member_id,a1_0.member_id,a1_0.delivery_address_id,a1_0.created_at,a1_0.detail,a1_0.is_default,a1_0.name,a1_0.receiver_nick_name,a1_0.receiver_phone,a1_0.street,a1_0.updated_at,a1_0.zip_code,m1_0.authority,m1_0.created_at,m1_0.email,m1_0.gender,m1_0.height,m1_0.nickname,m1_0.password,m1_0.phone,m1_0.point,m1_0.provider,m1_0.updated_at,m1_0.weight from member m1_0 join member_address a1_0 on m1_0.member_id=a1_0.member_id where m1_0.member_id=3; 
2025-10-31 00:48:26.217  p6spy - #1761839306217 | took 0ms | statement | connection 85| url jdbc:mysql://localhost:3306/tama?serverTimezone=Asia/Seoul&characterEncoding=UTF-8
select c1_0.item_image_id,c1_0.color_item_id,c1_0.sequence,c1_0.original_file_name,c1_0.stored_file_name from color_item_image c1_0 where c1_0.color_item_id in(?) and c1_0.sequence=?
select c1_0.item_image_id,c1_0.color_item_id,c1_0.sequence,c1_0.original_file_name,c1_0.stored_file_name from color_item_image c1_0 where c1_0.color_item_id in(1) and c1_0.sequence=1; 
2025-10-31 00:48:29.870  p6spy - #1761839309870 | took 0ms | statement | connection 86| url jdbc:mysql://localhost:3306/tama?serverTimezone=Asia/Seoul&characterEncoding=UTF-8
select c1_0.category_id,c2_0.parent_id,c2_0.category_id,c2_0.name,c1_0.name,c1_0.parent_id from category c1_0 join category c2_0 on c1_0.category_id=c2_0.parent_id where c1_0.parent_id is null
select c1_0.category_id,c2_0.parent_id,c2_0.category_id,c2_0.name,c1_0.name,c1_0.parent_id from category c1_0 join category c2_0 on c1_0.category_id=c2_0.parent_id where c1_0.parent_id is null; 
2025-10-31 00:48:29.873  p6spy - #1761839309873 | took 0ms | statement | connection 87| url jdbc:mysql://localhost:3306/tama?serverTimezone=Asia/Seoul&characterEncoding=UTF-8
select c1_0.category_id,c2_0.parent_id,c2_0.category_id,c2_0.name,c1_0.name,c1_0.parent_id from category c1_0 join category c2_0 on c1_0.category_id=c2_0.parent_id where c1_0.parent_id is null
select c1_0.category_id,c2_0.parent_id,c2_0.category_id,c2_0.name,c1_0.name,c1_0.parent_id from category c1_0 join category c2_0 on c1_0.category_id=c2_0.parent_id where c1_0.parent_id is null; 
2025-10-31 00:48:29.888  p6spy - #1761839309888 | took 0ms | statement | connection 88| url jdbc:mysql://localhost:3306/tama?serverTimezone=Asia/Seoul&characterEncoding=UTF-8
select m1_0.member_coupon_id,c1_0.coupon_id,c1_0.created_at,c1_0.discount_value,c1_0.expires_at,c1_0.type,c1_0.updated_at,m1_0.created_at,m1_0.is_used,m1_0.member_id,m1_0.updated_at from member_coupon m1_0 join coupon c1_0 on c1_0.coupon_id=m1_0.coupon_id where m1_0.member_id=? and m1_0.is_used=0 and c1_0.expires_at>=now()
select m1_0.member_coupon_id,c1_0.coupon_id,c1_0.created_at,c1_0.discount_value,c1_0.expires_at,c1_0.type,c1_0.updated_at,m1_0.created_at,m1_0.is_used,m1_0.member_id,m1_0.updated_at from member_coupon m1_0 join coupon c1_0 on c1_0.coupon_id=m1_0.coupon_id where m1_0.member_id=3 and m1_0.is_used=0 and c1_0.expires_at>=now(); 
2025-10-31 00:48:29.888  p6spy - #1761839309888 | took 0ms | statement | connection 89| url jdbc:mysql://localhost:3306/tama?serverTimezone=Asia/Seoul&characterEncoding=UTF-8
select m1_0.member_id,a1_0.member_id,a1_0.delivery_address_id,a1_0.created_at,a1_0.detail,a1_0.is_default,a1_0.name,a1_0.receiver_nick_name,a1_0.receiver_phone,a1_0.street,a1_0.updated_at,a1_0.zip_code,m1_0.authority,m1_0.created_at,m1_0.email,m1_0.gender,m1_0.height,m1_0.nickname,m1_0.password,m1_0.phone,m1_0.point,m1_0.provider,m1_0.updated_at,m1_0.weight from member m1_0 join member_address a1_0 on m1_0.member_id=a1_0.member_id where m1_0.member_id=?
select m1_0.member_id,a1_0.member_id,a1_0.delivery_address_id,a1_0.created_at,a1_0.detail,a1_0.is_default,a1_0.name,a1_0.receiver_nick_name,a1_0.receiver_phone,a1_0.street,a1_0.updated_at,a1_0.zip_code,m1_0.authority,m1_0.created_at,m1_0.email,m1_0.gender,m1_0.height,m1_0.nickname,m1_0.password,m1_0.phone,m1_0.point,m1_0.provider,m1_0.updated_at,m1_0.weight from member m1_0 join member_address a1_0 on m1_0.member_id=a1_0.member_id where m1_0.member_id=3; 
2025-10-31 00:48:29.889  p6spy - #1761839309889 | took 0ms | statement | connection 90| url jdbc:mysql://localhost:3306/tama?serverTimezone=Asia/Seoul&characterEncoding=UTF-8
select c1_0.color_item_size_stock_id,c2_0.color_item_id,c3_0.color_id,c3_0.hex_code,c3_0.name,c3_0.parent_id,c2_0.created_at,i1_0.item_id,i1_0.category_id,i1_0.country_of_manufacture,i1_0.created_at,i1_0.date_of_manufacture,i1_0.description,i1_0.gender,i1_0.manufacturer,i1_0.name,i1_0.now_price,i1_0.original_price,i1_0.precaution,i1_0.textile,i1_0.updated_at,i1_0.year_season,c2_0.updated_at,c1_0.size,c1_0.stock from color_item_size_stock c1_0 join color_item c2_0 on c2_0.color_item_id=c1_0.color_item_id join color c3_0 on c3_0.color_id=c2_0.color_id join item i1_0 on i1_0.item_id=c2_0.item_id where c1_0.color_item_size_stock_id in(?)
select c1_0.color_item_size_stock_id,c2_0.color_item_id,c3_0.color_id,c3_0.hex_code,c3_0.name,c3_0.parent_id,c2_0.created_at,i1_0.item_id,i1_0.category_id,i1_0.country_of_manufacture,i1_0.created_at,i1_0.date_of_manufacture,i1_0.description,i1_0.gender,i1_0.manufacturer,i1_0.name,i1_0.now_price,i1_0.original_price,i1_0.precaution,i1_0.textile,i1_0.updated_at,i1_0.year_season,c2_0.updated_at,c1_0.size,c1_0.stock from color_item_size_stock c1_0 join color_item c2_0 on c2_0.color_item_id=c1_0.color_item_id join color c3_0 on c3_0.color_id=c2_0.color_id join item i1_0 on i1_0.item_id=c2_0.item_id where c1_0.color_item_size_stock_id in(1); 
2025-10-31 00:48:29.891  p6spy - #1761839309891 | took 0ms | statement | connection 91| url jdbc:mysql://localhost:3306/tama?serverTimezone=Asia/Seoul&characterEncoding=UTF-8
select c1_0.item_image_id,c1_0.color_item_id,c1_0.sequence,c1_0.original_file_name,c1_0.stored_file_name from color_item_image c1_0 where c1_0.color_item_id in(?) and c1_0.sequence=?
select c1_0.item_image_id,c1_0.color_item_id,c1_0.sequence,c1_0.original_file_name,c1_0.stored_file_name from color_item_image c1_0 where c1_0.color_item_id in(1) and c1_0.sequence=1; 
2025-10-31 00:49:17.059  o.s.b.w.e.t.GracefulShutdown - Commencing graceful shutdown. Waiting for active requests to complete 
2025-10-31 00:49:17.119  o.s.b.w.e.t.GracefulShutdown - Graceful shutdown complete 
2025-10-31 00:49:17.122  o.s.b.f.s.DisposableBeanAdapter - Custom destroy method 'close' on bean with name 'orderIdReader' propagated an exception: org.springframework.batch.item.ItemStreamException: Error while closing item reader 
2025-10-31 00:49:17.124  o.s.o.j.LocalContainerEntityManagerFactoryBean - Closing JPA EntityManagerFactory for persistence unit 'default' 
2025-10-31 00:49:17.126  c.z.h.HikariDataSource - HikariPool-1 - Shutdown initiated... 
2025-10-31 00:49:17.131  c.z.h.HikariDataSource - HikariPool-1 - Shutdown completed. 
