2025-12-09 03:20:24.899  o.h.v.i.u.Version - HV000001: Hibernate Validator 8.0.2.Final 
2025-12-09 03:20:24.967  o.e.t.TamaApiApplication - Starting TamaApiApplication using Java 17 with PID 20472 (C:\Users\user2208\Desktop\sub_port_folio\tama-api-msa\tama-api-common\build\classes\java\main started by user2208 in C:\Users\user2208\Desktop\sub_port_folio\tama-api-msa\tama-api-common) 
2025-12-09 03:20:24.968  o.e.t.TamaApiApplication - The following 1 profile is active: "local" 
2025-12-09 03:20:25.050  o.s.b.d.e.DevToolsPropertyDefaultsPostProcessor - Devtools property defaults active! Set 'spring.devtools.add-properties' to 'false' to disable 
2025-12-09 03:20:25.051  o.s.b.d.e.DevToolsPropertyDefaultsPostProcessor - For additional web related logging consider setting the 'logging.level.web' property to 'DEBUG' 
2025-12-09 03:20:26.181  o.s.b.c.c.a.BatchRegistrar - Finished Spring Batch infrastructure beans configuration in 4 ms. 
2025-12-09 03:20:26.822  o.s.d.r.c.RepositoryConfigurationDelegate - Bootstrapping Spring Data JPA repositories in DEFAULT mode. 
2025-12-09 03:20:27.141  o.s.d.r.c.RepositoryConfigurationDelegate - Finished Spring Data repository scanning in 297 ms. Found 11 JPA repository interfaces. 
2025-12-09 03:20:29.025  o.s.b.w.e.t.TomcatWebServer - Tomcat initialized with port 5004 (http) 
2025-12-09 03:20:29.048  o.a.c.h.Http11NioProtocol - Initializing ProtocolHandler ["http-nio-5004"] 
2025-12-09 03:20:29.050  o.a.c.c.StandardService - Starting service [Tomcat] 
2025-12-09 03:20:29.051  o.a.c.c.StandardEngine - Starting Servlet engine: [Apache Tomcat/10.1.34] 
2025-12-09 03:20:29.184  o.a.c.c.C.[.[.[/] - Initializing Spring embedded WebApplicationContext 
2025-12-09 03:20:29.185  o.s.b.w.s.c.ServletWebServerApplicationContext - Root WebApplicationContext: initialization completed in 4132 ms 
2025-12-09 03:20:29.437  c.z.h.HikariDataSource - HikariPool-1 - Starting... 
2025-12-09 03:20:29.874  c.z.h.p.HikariPool - HikariPool-1 - Added connection com.mysql.cj.jdbc.ConnectionImpl@49764253 
2025-12-09 03:20:29.877  c.z.h.HikariDataSource - HikariPool-1 - Start completed. 
2025-12-09 03:20:30.021  o.h.j.i.u.LogHelper - HHH000204: Processing PersistenceUnitInfo [name: default] 
2025-12-09 03:20:30.116  o.h.Version - HHH000412: Hibernate ORM core version 6.2.0.CR2 
2025-12-09 03:20:30.122  o.h.c.Environment - HHH000406: Using bytecode reflection optimizer 
2025-12-09 03:20:30.396  o.h.b.i.BytecodeProviderInitiator - HHH000021: Bytecode provider name : bytebuddy 
2025-12-09 03:20:30.585  o.s.o.j.p.SpringPersistenceUnitInfo - No LoadTimeWeaver setup: ignoring JPA class transformer 
2025-12-09 03:20:30.737  SQL dialect - HHH000400: Using dialect: org.hibernate.dialect.MySQLDialect 
2025-12-09 03:20:31.151  o.h.b.i.BytecodeProviderInitiator - HHH000021: Bytecode provider name : bytebuddy 
2025-12-09 03:20:32.097  o.h.e.t.j.p.i.JtaPlatformInitiator - HHH000490: Using JtaPlatform implementation: [org.hibernate.engine.transaction.jta.platform.internal.NoJtaPlatform] 
2025-12-09 03:20:32.101  o.s.o.j.LocalContainerEntityManagerFactoryBean - Initialized JPA EntityManagerFactory for persistence unit 'default' 
2025-12-09 03:20:32.547  o.s.d.j.r.q.QueryEnhancerFactory - Hibernate is in classpath; If applicable, HQL parser will be used. 
2025-12-09 03:20:34.432  o.s.b.c.r.s.JobRepositoryFactoryBean - No database type set, using meta data indicating: MYSQL 
2025-12-09 03:20:34.467  o.s.b.c.l.s.TaskExecutorJobLauncher - No TaskExecutor has been set, defaulting to synchronous executor. 
2025-12-09 03:20:34.952  o.s.b.a.h.H2ConsoleAutoConfiguration - H2 console available at '/h2-console'. Database available at 'jdbc:mysql://localhost:3313/tamaApi?serverTimezone=Asia/Seoul&characterEncoding=UTF-8' 
2025-12-09 03:20:35.097  o.s.b.d.a.OptionalLiveReloadServer - Unable to start LiveReload server 
2025-12-09 03:20:35.116  o.a.c.h.Http11NioProtocol - Starting ProtocolHandler ["http-nio-5004"] 
2025-12-09 03:20:35.136  o.s.b.w.e.t.TomcatWebServer - Tomcat started on port 5004 (http) with context path '/' 
2025-12-09 03:20:35.146  o.e.t.TamaApiApplication - Started TamaApiApplication in 10.869 seconds (process running for 11.685) 
2025-12-09 03:20:35.610  p6spy - #1765218035610 | took 290ms | statement | connection 4| url jdbc:mysql://localhost:3313/tamaApi?serverTimezone=Asia/Seoul&characterEncoding=UTF-8
select c2_0.item_id,c1_0.color_item_id,i1_0.name,i1_0.original_price,i1_0.now_price from order_item o1_0 join color_item_size_stock c1_0 on c1_0.color_item_size_stock_id=o1_0.color_item_size_stock_id join color_item c2_0 on c2_0.color_item_id=c1_0.color_item_id join item i1_0 on i1_0.item_id=c2_0.item_id group by c1_0.color_item_id order by sum(o1_0.count) desc limit ?,?
select c2_0.item_id,c1_0.color_item_id,i1_0.name,i1_0.original_price,i1_0.now_price from order_item o1_0 join color_item_size_stock c1_0 on c1_0.color_item_size_stock_id=o1_0.color_item_size_stock_id join color_item c2_0 on c2_0.color_item_id=c1_0.color_item_id join item i1_0 on i1_0.item_id=c2_0.item_id group by c1_0.color_item_id order by sum(o1_0.count) desc limit 0,10; 
2025-12-09 03:20:35.643  p6spy - #1765218035643 | took 3ms | statement | connection 4| url jdbc:mysql://localhost:3313/tamaApi?serverTimezone=Asia/Seoul&characterEncoding=UTF-8
select c1_0.item_image_id,c1_0.color_item_id,c1_0.sequence,c1_0.original_file_name,c1_0.stored_file_name from color_item_image c1_0 where c1_0.color_item_id in(?,?,?,?,?,?,?,?,?,?) and c1_0.sequence=?
select c1_0.item_image_id,c1_0.color_item_id,c1_0.sequence,c1_0.original_file_name,c1_0.stored_file_name from color_item_image c1_0 where c1_0.color_item_id in(1,2,3,4,5,6,7,8,9,10) and c1_0.sequence=1; 
2025-12-09 03:20:35.739  p6spy - #1765218035739 | took 45ms | statement | connection 4| url jdbc:mysql://localhost:3313/tamaApi?serverTimezone=Asia/Seoul&characterEncoding=UTF-8
select c1_0.color_item_id,cast(round(avg(r1_0.rating),1) as decimal(53,2)),count(c1_0.color_item_id) from review r1_0 join order_item o1_0 on o1_0.order_item_id=r1_0.order_item_id join color_item_size_stock c1_0 on c1_0.color_item_size_stock_id=o1_0.color_item_size_stock_id where o1_0.color_item_size_stock_id in(?,?,?,?,?,?,?,?,?,?) group by c1_0.color_item_id
select c1_0.color_item_id,cast(round(avg(r1_0.rating),1) as decimal(53,2)),count(c1_0.color_item_id) from review r1_0 join order_item o1_0 on o1_0.order_item_id=r1_0.order_item_id join color_item_size_stock c1_0 on c1_0.color_item_size_stock_id=o1_0.color_item_size_stock_id where o1_0.color_item_size_stock_id in(1,2,3,4,5,6,7,8,9,10) group by c1_0.color_item_id; 
2025-12-09 03:20:35.742  p6spy - #1765218035742 | took 1ms | commit | connection 4| url jdbc:mysql://localhost:3313/tamaApi?serverTimezone=Asia/Seoul&characterEncoding=UTF-8

; 
2025-12-09 03:20:35.775  p6spy - #1765218035775 | took 3ms | statement | connection 5| url jdbc:mysql://localhost:3313/tamaApi?serverTimezone=Asia/Seoul&characterEncoding=UTF-8
select c1_0.category_id,c2_0.parent_id,c2_0.category_id,c2_0.name,c1_0.name,c1_0.parent_id from category c1_0 left join category c2_0 on c1_0.category_id=c2_0.parent_id where c1_0.category_id=?
select c1_0.category_id,c2_0.parent_id,c2_0.category_id,c2_0.name,c1_0.name,c1_0.parent_id from category c1_0 left join category c2_0 on c1_0.category_id=c2_0.parent_id where c1_0.category_id=1; 
2025-12-09 03:20:35.835  p6spy - #1765218035835 | took 40ms | statement | connection 6| url jdbc:mysql://localhost:3313/tamaApi?serverTimezone=Asia/Seoul&characterEncoding=UTF-8
select c2_0.item_id,c1_0.color_item_id,i1_0.name,i1_0.original_price,i1_0.now_price from order_item o1_0 join color_item_size_stock c1_0 on c1_0.color_item_size_stock_id=o1_0.color_item_size_stock_id join color_item c2_0 on c2_0.color_item_id=c1_0.color_item_id join item i1_0 on i1_0.item_id=c2_0.item_id where i1_0.category_id in(?,?,?,?) group by c1_0.color_item_id order by sum(o1_0.count) desc limit ?,?
select c2_0.item_id,c1_0.color_item_id,i1_0.name,i1_0.original_price,i1_0.now_price from order_item o1_0 join color_item_size_stock c1_0 on c1_0.color_item_size_stock_id=o1_0.color_item_size_stock_id join color_item c2_0 on c2_0.color_item_id=c1_0.color_item_id join item i1_0 on i1_0.item_id=c2_0.item_id where i1_0.category_id in(1,2,3,4) group by c1_0.color_item_id order by sum(o1_0.count) desc limit 0,10; 
2025-12-09 03:20:35.839  p6spy - #1765218035839 | took 1ms | statement | connection 6| url jdbc:mysql://localhost:3313/tamaApi?serverTimezone=Asia/Seoul&characterEncoding=UTF-8
select c1_0.item_image_id,c1_0.color_item_id,c1_0.sequence,c1_0.original_file_name,c1_0.stored_file_name from color_item_image c1_0 where c1_0.color_item_id in(?) and c1_0.sequence=?
select c1_0.item_image_id,c1_0.color_item_id,c1_0.sequence,c1_0.original_file_name,c1_0.stored_file_name from color_item_image c1_0 where c1_0.color_item_id in(NULL) and c1_0.sequence=1; 
2025-12-09 03:20:35.841  p6spy - #1765218035841 | took 1ms | statement | connection 6| url jdbc:mysql://localhost:3313/tamaApi?serverTimezone=Asia/Seoul&characterEncoding=UTF-8
select c1_0.color_item_id,cast(round(avg(r1_0.rating),1) as decimal(53,2)),count(c1_0.color_item_id) from review r1_0 join order_item o1_0 on o1_0.order_item_id=r1_0.order_item_id join color_item_size_stock c1_0 on c1_0.color_item_size_stock_id=o1_0.color_item_size_stock_id where 1=0 group by c1_0.color_item_id
select c1_0.color_item_id,cast(round(avg(r1_0.rating),1) as decimal(53,2)),count(c1_0.color_item_id) from review r1_0 join order_item o1_0 on o1_0.order_item_id=r1_0.order_item_id join color_item_size_stock c1_0 on c1_0.color_item_size_stock_id=o1_0.color_item_size_stock_id where 1=0 group by c1_0.color_item_id; 
2025-12-09 03:20:35.842  p6spy - #1765218035842 | took 0ms | commit | connection 6| url jdbc:mysql://localhost:3313/tamaApi?serverTimezone=Asia/Seoul&characterEncoding=UTF-8

; 
2025-12-09 03:20:35.846  p6spy - #1765218035846 | took 0ms | statement | connection 7| url jdbc:mysql://localhost:3313/tamaApi?serverTimezone=Asia/Seoul&characterEncoding=UTF-8
select c1_0.category_id,c2_0.parent_id,c2_0.category_id,c2_0.name,c1_0.name,c1_0.parent_id from category c1_0 left join category c2_0 on c1_0.category_id=c2_0.parent_id where c1_0.category_id=?
select c1_0.category_id,c2_0.parent_id,c2_0.category_id,c2_0.name,c1_0.name,c1_0.parent_id from category c1_0 left join category c2_0 on c1_0.category_id=c2_0.parent_id where c1_0.category_id=5; 
2025-12-09 03:20:35.882  p6spy - #1765218035882 | took 31ms | statement | connection 8| url jdbc:mysql://localhost:3313/tamaApi?serverTimezone=Asia/Seoul&characterEncoding=UTF-8
select c2_0.item_id,c1_0.color_item_id,i1_0.name,i1_0.original_price,i1_0.now_price from order_item o1_0 join color_item_size_stock c1_0 on c1_0.color_item_size_stock_id=o1_0.color_item_size_stock_id join color_item c2_0 on c2_0.color_item_id=c1_0.color_item_id join item i1_0 on i1_0.item_id=c2_0.item_id where i1_0.category_id in(?,?,?,?,?,?) group by c1_0.color_item_id order by sum(o1_0.count) desc limit ?,?
select c2_0.item_id,c1_0.color_item_id,i1_0.name,i1_0.original_price,i1_0.now_price from order_item o1_0 join color_item_size_stock c1_0 on c1_0.color_item_size_stock_id=o1_0.color_item_size_stock_id join color_item c2_0 on c2_0.color_item_id=c1_0.color_item_id join item i1_0 on i1_0.item_id=c2_0.item_id where i1_0.category_id in(5,6,7,8,9,10) group by c1_0.color_item_id order by sum(o1_0.count) desc limit 0,10; 
2025-12-09 03:20:35.885  p6spy - #1765218035885 | took 1ms | statement | connection 8| url jdbc:mysql://localhost:3313/tamaApi?serverTimezone=Asia/Seoul&characterEncoding=UTF-8
select c1_0.item_image_id,c1_0.color_item_id,c1_0.sequence,c1_0.original_file_name,c1_0.stored_file_name from color_item_image c1_0 where c1_0.color_item_id in(?) and c1_0.sequence=?
select c1_0.item_image_id,c1_0.color_item_id,c1_0.sequence,c1_0.original_file_name,c1_0.stored_file_name from color_item_image c1_0 where c1_0.color_item_id in(NULL) and c1_0.sequence=1; 
2025-12-09 03:20:35.887  p6spy - #1765218035887 | took 0ms | statement | connection 8| url jdbc:mysql://localhost:3313/tamaApi?serverTimezone=Asia/Seoul&characterEncoding=UTF-8
select c1_0.color_item_id,cast(round(avg(r1_0.rating),1) as decimal(53,2)),count(c1_0.color_item_id) from review r1_0 join order_item o1_0 on o1_0.order_item_id=r1_0.order_item_id join color_item_size_stock c1_0 on c1_0.color_item_size_stock_id=o1_0.color_item_size_stock_id where 1=0 group by c1_0.color_item_id
select c1_0.color_item_id,cast(round(avg(r1_0.rating),1) as decimal(53,2)),count(c1_0.color_item_id) from review r1_0 join order_item o1_0 on o1_0.order_item_id=r1_0.order_item_id join color_item_size_stock c1_0 on c1_0.color_item_size_stock_id=o1_0.color_item_size_stock_id where 1=0 group by c1_0.color_item_id; 
2025-12-09 03:20:35.888  p6spy - #1765218035888 | took 0ms | commit | connection 8| url jdbc:mysql://localhost:3313/tamaApi?serverTimezone=Asia/Seoul&characterEncoding=UTF-8

; 
2025-12-09 03:20:35.891  p6spy - #1765218035891 | took 0ms | statement | connection 9| url jdbc:mysql://localhost:3313/tamaApi?serverTimezone=Asia/Seoul&characterEncoding=UTF-8
select c1_0.category_id,c2_0.parent_id,c2_0.category_id,c2_0.name,c1_0.name,c1_0.parent_id from category c1_0 left join category c2_0 on c1_0.category_id=c2_0.parent_id where c1_0.category_id=?
select c1_0.category_id,c2_0.parent_id,c2_0.category_id,c2_0.name,c1_0.name,c1_0.parent_id from category c1_0 left join category c2_0 on c1_0.category_id=c2_0.parent_id where c1_0.category_id=11; 
2025-12-09 03:20:35.947  p6spy - #1765218035947 | took 52ms | statement | connection 10| url jdbc:mysql://localhost:3313/tamaApi?serverTimezone=Asia/Seoul&characterEncoding=UTF-8
select c2_0.item_id,c1_0.color_item_id,i1_0.name,i1_0.original_price,i1_0.now_price from order_item o1_0 join color_item_size_stock c1_0 on c1_0.color_item_size_stock_id=o1_0.color_item_size_stock_id join color_item c2_0 on c2_0.color_item_id=c1_0.color_item_id join item i1_0 on i1_0.item_id=c2_0.item_id where i1_0.category_id in(?,?,?,?,?) group by c1_0.color_item_id order by sum(o1_0.count) desc limit ?,?
select c2_0.item_id,c1_0.color_item_id,i1_0.name,i1_0.original_price,i1_0.now_price from order_item o1_0 join color_item_size_stock c1_0 on c1_0.color_item_size_stock_id=o1_0.color_item_size_stock_id join color_item c2_0 on c2_0.color_item_id=c1_0.color_item_id join item i1_0 on i1_0.item_id=c2_0.item_id where i1_0.category_id in(11,12,13,14,15) group by c1_0.color_item_id order by sum(o1_0.count) desc limit 0,10; 
2025-12-09 03:20:35.950  p6spy - #1765218035950 | took 1ms | statement | connection 10| url jdbc:mysql://localhost:3313/tamaApi?serverTimezone=Asia/Seoul&characterEncoding=UTF-8
select c1_0.item_image_id,c1_0.color_item_id,c1_0.sequence,c1_0.original_file_name,c1_0.stored_file_name from color_item_image c1_0 where c1_0.color_item_id in(?,?,?,?,?,?,?,?,?,?) and c1_0.sequence=?
select c1_0.item_image_id,c1_0.color_item_id,c1_0.sequence,c1_0.original_file_name,c1_0.stored_file_name from color_item_image c1_0 where c1_0.color_item_id in(1,2,3,4,5,6,7,8,9,10) and c1_0.sequence=1; 
2025-12-09 03:20:35.972  p6spy - #1765218035972 | took 19ms | statement | connection 10| url jdbc:mysql://localhost:3313/tamaApi?serverTimezone=Asia/Seoul&characterEncoding=UTF-8
select c1_0.color_item_id,cast(round(avg(r1_0.rating),1) as decimal(53,2)),count(c1_0.color_item_id) from review r1_0 join order_item o1_0 on o1_0.order_item_id=r1_0.order_item_id join color_item_size_stock c1_0 on c1_0.color_item_size_stock_id=o1_0.color_item_size_stock_id where o1_0.color_item_size_stock_id in(?,?,?,?,?,?,?,?,?,?) group by c1_0.color_item_id
select c1_0.color_item_id,cast(round(avg(r1_0.rating),1) as decimal(53,2)),count(c1_0.color_item_id) from review r1_0 join order_item o1_0 on o1_0.order_item_id=r1_0.order_item_id join color_item_size_stock c1_0 on c1_0.color_item_size_stock_id=o1_0.color_item_size_stock_id where o1_0.color_item_size_stock_id in(1,2,3,4,5,6,7,8,9,10) group by c1_0.color_item_id; 
2025-12-09 03:20:35.974  p6spy - #1765218035974 | took 0ms | commit | connection 10| url jdbc:mysql://localhost:3313/tamaApi?serverTimezone=Asia/Seoul&characterEncoding=UTF-8

; 
